[ 2018-08-24T09:10:32+08:00 ] 127.0.0.1 /bipin/index.php/Admin
INFO: [ app_init ] --START--
INFO: Run Behavior\BuildLiteBehavior [ RunTime:0.000016s ]
INFO: [ app_init ] --END-- [ RunTime:0.001491s ]
INFO: [ app_begin ] --START--
INFO: Run Behavior\ReadHtmlCacheBehavior [ RunTime:0.001138s ]
INFO: [ app_begin ] --END-- [ RunTime:0.001226s ]

[ 2018-08-24T09:10:32+08:00 ] 127.0.0.1 /bipin/index.php/Admin/Public/login.html
INFO: [ app_init ] --START--
INFO: Run Behavior\BuildLiteBehavior [ RunTime:0.000009s ]
INFO: [ app_init ] --END-- [ RunTime:0.000274s ]
INFO: [ app_begin ] --START--
INFO: Run Behavior\ReadHtmlCacheBehavior [ RunTime:0.000402s ]
INFO: [ app_begin ] --END-- [ RunTime:0.000442s ]
INFO: [ view_parse ] --START--
INFO: [ template_filter ] --START--
INFO: Run Behavior\ContentReplaceBehavior [ RunTime:0.000058s ]
INFO: [ template_filter ] --END-- [ RunTime:0.000100s ]
INFO: Run Behavior\ParseTemplateBehavior [ RunTime:0.008404s ]
INFO: [ view_parse ] --END-- [ RunTime:0.008443s ]
INFO: [ view_filter ] --START--
INFO: Run Behavior\WriteHtmlCacheBehavior [ RunTime:0.000736s ]
INFO: [ view_filter ] --END-- [ RunTime:0.000763s ]
INFO: [ app_end ] --START--
INFO: Run Behavior\ShowPageTraceBehavior [ RunTime:0.000757s ]
INFO: [ app_end ] --END-- [ RunTime:0.000785s ]

[ 2018-08-24T09:10:32+08:00 ] 127.0.0.1 /bipin/index.php/Admin/Public/login.html
INFO: [ app_init ] --START--
INFO: Run Behavior\BuildLiteBehavior [ RunTime:0.000012s ]
INFO: [ app_init ] --END-- [ RunTime:0.000300s ]
INFO: [ app_begin ] --START--
INFO: Run Behavior\ReadHtmlCacheBehavior [ RunTime:0.000501s ]
INFO: [ app_begin ] --END-- [ RunTime:0.000541s ]
INFO: [ view_parse ] --START--
INFO: [ template_filter ] --START--
INFO: Run Behavior\ContentReplaceBehavior [ RunTime:0.000054s ]
INFO: [ template_filter ] --END-- [ RunTime:0.000130s ]
INFO: Run Behavior\ParseTemplateBehavior [ RunTime:0.006546s ]
INFO: [ view_parse ] --END-- [ RunTime:0.006582s ]
INFO: [ view_filter ] --START--
INFO: Run Behavior\WriteHtmlCacheBehavior [ RunTime:0.000216s ]
INFO: [ view_filter ] --END-- [ RunTime:0.000241s ]
INFO: [ app_end ] --START--
INFO: Run Behavior\ShowPageTraceBehavior [ RunTime:0.000419s ]
INFO: [ app_end ] --END-- [ RunTime:0.000447s ]

[ 2018-08-24T09:10:49+08:00 ] 127.0.0.1 /bipin/index.php/Admin/Public/login.html
INFO: [ app_init ] --START--
INFO: Run Behavior\BuildLiteBehavior [ RunTime:0.000009s ]
INFO: [ app_init ] --END-- [ RunTime:0.000326s ]
INFO: [ app_begin ] --START--
INFO: Run Behavior\ReadHtmlCacheBehavior [ RunTime:0.000538s ]
INFO: [ app_begin ] --END-- [ RunTime:0.000581s ]
SQL: SHOW COLUMNS FROM `fc_user` [ RunTime:0.0110s ]
SQL: SELECT `user_id`,`level`,`loginpwds`,`username` FROM `fc_user` WHERE `username` = ' admin' OR `mobile` = ' admin' LIMIT 1   [ RunTime:0.0007s ]
INFO: [ view_parse ] --START--
INFO: [ template_filter ] --START--
INFO: Run Behavior\ContentReplaceBehavior [ RunTime:0.000033s ]
INFO: [ template_filter ] --END-- [ RunTime:0.000066s ]
INFO: Run Behavior\ParseTemplateBehavior [ RunTime:0.005431s ]
INFO: [ view_parse ] --END-- [ RunTime:0.005466s ]
INFO: [ view_filter ] --START--
INFO: Run Behavior\WriteHtmlCacheBehavior [ RunTime:0.000304s ]
INFO: [ view_filter ] --END-- [ RunTime:0.000330s ]

[ 2018-08-24T09:10:52+08:00 ] 127.0.0.1 /bipin/index.php/Admin/Public/login.html
INFO: [ app_init ] --START--
INFO: Run Behavior\BuildLiteBehavior [ RunTime:0.000015s ]
INFO: [ app_init ] --END-- [ RunTime:0.000547s ]
INFO: [ app_begin ] --START--
INFO: Run Behavior\ReadHtmlCacheBehavior [ RunTime:0.000558s ]
INFO: [ app_begin ] --END-- [ RunTime:0.000603s ]
INFO: [ view_parse ] --START--
INFO: [ template_filter ] --START--
INFO: Run Behavior\ContentReplaceBehavior [ RunTime:0.000047s ]
INFO: [ template_filter ] --END-- [ RunTime:0.000082s ]
INFO: Run Behavior\ParseTemplateBehavior [ RunTime:0.004868s ]
INFO: [ view_parse ] --END-- [ RunTime:0.004907s ]
INFO: [ view_filter ] --START--
INFO: Run Behavior\WriteHtmlCacheBehavior [ RunTime:0.000203s ]
INFO: [ view_filter ] --END-- [ RunTime:0.000229s ]
INFO: [ app_end ] --START--
INFO: Run Behavior\ShowPageTraceBehavior [ RunTime:0.000635s ]
INFO: [ app_end ] --END-- [ RunTime:0.000665s ]

[ 2018-08-24T09:11:00+08:00 ] 127.0.0.1 /bipin/index.php/Admin/Public/login.html
INFO: [ app_init ] --START--
INFO: Run Behavior\BuildLiteBehavior [ RunTime:0.000010s ]
INFO: [ app_init ] --END-- [ RunTime:0.000275s ]
INFO: [ app_begin ] --START--
INFO: Run Behavior\ReadHtmlCacheBehavior [ RunTime:0.000394s ]
INFO: [ app_begin ] --END-- [ RunTime:0.000438s ]
SQL: SHOW COLUMNS FROM `fc_user` [ RunTime:0.0061s ]
SQL: SELECT `user_id`,`level`,`loginpwds`,`username` FROM `fc_user` WHERE `username` = 'admin' OR `mobile` = 'admin' LIMIT 1   [ RunTime:0.0002s ]
SQL: SHOW COLUMNS FROM `fc_login_log` [ RunTime:0.0053s ]
SQL: INSERT INTO `fc_login_log` (`uid`,`addtime`,`ip`,`truename`) VALUES ('12112','1535073059','127.0.0.1','admin') [ RunTime:0.0007s ]
NOTIC: [8] Undefined index: zheng E:\phpstudy\PHPTutorial\WWW\bipin\Application\Admin\Controller\PublicController.class.php 第 142 行.

[ 2018-08-24T09:11:00+08:00 ] 127.0.0.1 /bipin/index.php/Admin/Index/index.html
INFO: [ app_init ] --START--
INFO: Run Behavior\BuildLiteBehavior [ RunTime:0.000009s ]
INFO: [ app_init ] --END-- [ RunTime:0.000271s ]
INFO: [ app_begin ] --START--
INFO: Run Behavior\ReadHtmlCacheBehavior [ RunTime:0.000394s ]
INFO: [ app_begin ] --END-- [ RunTime:0.000434s ]
INFO: [ view_parse ] --START--
INFO: [ template_filter ] --START--
INFO: Run Behavior\ContentReplaceBehavior [ RunTime:0.000262s ]
INFO: [ template_filter ] --END-- [ RunTime:0.000307s ]
INFO: Run Behavior\ParseTemplateBehavior [ RunTime:0.010304s ]
INFO: [ view_parse ] --END-- [ RunTime:0.010345s ]
INFO: [ view_filter ] --START--
INFO: Run Behavior\WriteHtmlCacheBehavior [ RunTime:0.000240s ]
INFO: [ view_filter ] --END-- [ RunTime:0.000266s ]
INFO: [ app_end ] --START--
INFO: Run Behavior\ShowPageTraceBehavior [ RunTime:0.000643s ]
INFO: [ app_end ] --END-- [ RunTime:0.000679s ]

[ 2018-08-24T09:11:00+08:00 ] 127.0.0.1 /bipin/index.php/Admin/images/sky/search.svg
INFO: [ app_init ] --START--
INFO: Run Behavior\BuildLiteBehavior [ RunTime:0.000012s ]
INFO: [ app_init ] --END-- [ RunTime:0.000315s ]
INFO: [ app_begin ] --START--
INFO: Run Behavior\ReadHtmlCacheBehavior [ RunTime:0.000436s ]
INFO: [ app_begin ] --END-- [ RunTime:0.000478s ]
ERR: 无法加载控制器:Images

[ 2018-08-24T09:11:00+08:00 ] 127.0.0.1 /bipin/index.php/Admin/Index/index.html
INFO: [ app_init ] --START--
INFO: Run Behavior\BuildLiteBehavior [ RunTime:0.000010s ]
INFO: [ app_init ] --END-- [ RunTime:0.000291s ]
INFO: [ app_begin ] --START--
INFO: Run Behavior\ReadHtmlCacheBehavior [ RunTime:0.000416s ]
INFO: [ app_begin ] --END-- [ RunTime:0.000457s ]
INFO: [ view_parse ] --START--
INFO: [ template_filter ] --START--
INFO: Run Behavior\ContentReplaceBehavior [ RunTime:0.000257s ]
INFO: [ template_filter ] --END-- [ RunTime:0.000299s ]
INFO: Run Behavior\ParseTemplateBehavior [ RunTime:0.011861s ]
INFO: [ view_parse ] --END-- [ RunTime:0.011894s ]
INFO: [ view_filter ] --START--
INFO: Run Behavior\WriteHtmlCacheBehavior [ RunTime:0.000217s ]
INFO: [ view_filter ] --END-- [ RunTime:0.000241s ]
INFO: [ app_end ] --START--
INFO: Run Behavior\ShowPageTraceBehavior [ RunTime:0.000794s ]
INFO: [ app_end ] --END-- [ RunTime:0.000837s ]

[ 2018-08-24T09:11:01+08:00 ] 127.0.0.1 /bipin/index.php/Admin/Index/welcome.html
INFO: [ app_init ] --START--
INFO: Run Behavior\BuildLiteBehavior [ RunTime:0.000012s ]
INFO: [ app_init ] --END-- [ RunTime:0.000306s ]
INFO: [ app_begin ] --START--
INFO: Run Behavior\ReadHtmlCacheBehavior [ RunTime:0.000609s ]
INFO: [ app_begin ] --END-- [ RunTime:0.000669s ]
SQL: SHOW COLUMNS FROM `fc_user` [ RunTime:0.0080s ]
SQL: SELECT COUNT(id) AS tp_count FROM `fc_user` LIMIT 1   [ RunTime:0.0005s ]
SQL: SELECT COUNT(id) AS tp_count FROM `fc_user` WHERE `addtime` > '1534694400' LIMIT 1   [ RunTime:0.0005s ]
SQL: SELECT COUNT(id) AS tp_count FROM `fc_user` WHERE ( level=1 ) LIMIT 1   [ RunTime:0.0004s ]
SQL: SELECT COUNT(id) AS tp_count FROM `fc_user` WHERE `is_true` = 2 LIMIT 1   [ RunTime:0.0004s ]
INFO: [ view_parse ] --START--
INFO: [ template_filter ] --START--
INFO: Run Behavior\ContentReplaceBehavior [ RunTime:0.000133s ]
INFO: [ template_filter ] --END-- [ RunTime:0.000174s ]
NOTIC: [8] Use of undefined constant CHARSET - assumed 'CHARSET' E:\phpstudy\PHPTutorial\WWW\bipin\Application\Runtime\Cache\Admin\7ad2542084969c3fe4042ac6ed4df19f.php 第 5 行.
NOTIC: [8] Undefined variable: ytg E:\phpstudy\PHPTutorial\WWW\bipin\Application\Runtime\Cache\Admin\7ad2542084969c3fe4042ac6ed4df19f.php 第 80 行.
NOTIC: [8] Undefined variable: ybh E:\phpstudy\PHPTutorial\WWW\bipin\Application\Runtime\Cache\Admin\7ad2542084969c3fe4042ac6ed4df19f.php 第 81 行.
NOTIC: [8] Undefined variable: bankcount E:\phpstudy\PHPTutorial\WWW\bipin\Application\Runtime\Cache\Admin\7ad2542084969c3fe4042ac6ed4df19f.php 第 89 行.
NOTIC: [8] Undefined variable: bankcount_week E:\phpstudy\PHPTutorial\WWW\bipin\Application\Runtime\Cache\Admin\7ad2542084969c3fe4042ac6ed4df19f.php 第 95 行.
NOTIC: [8] Undefined variable: bankcount_audit E:\phpstudy\PHPTutorial\WWW\bipin\Application\Runtime\Cache\Admin\7ad2542084969c3fe4042ac6ed4df19f.php 第 96 行.
NOTIC: [8] Undefined variable: lang E:\phpstudy\PHPTutorial\WWW\bipin\Application\Runtime\Cache\Admin\7ad2542084969c3fe4042ac6ed4df19f.php 第 167 行.
INFO: Run Behavior\ParseTemplateBehavior [ RunTime:0.014640s ]
INFO: [ view_parse ] --END-- [ RunTime:0.014680s ]
INFO: [ view_filter ] --START--
INFO: Run Behavior\WriteHtmlCacheBehavior [ RunTime:0.000237s ]
INFO: [ view_filter ] --END-- [ RunTime:0.000263s ]
INFO: [ app_end ] --START--
INFO: Run Behavior\ShowPageTraceBehavior [ RunTime:0.000647s ]
INFO: [ app_end ] --END-- [ RunTime:0.000689s ]

[ 2018-08-24T09:11:02+08:00 ] 127.0.0.1 /bipin/index.php/Admin/Index/welcome.html
INFO: [ app_init ] --START--
INFO: Run Behavior\BuildLiteBehavior [ RunTime:0.000009s ]
INFO: [ app_init ] --END-- [ RunTime:0.000277s ]
INFO: [ app_begin ] --START--
INFO: Run Behavior\ReadHtmlCacheBehavior [ RunTime:0.000401s ]
INFO: [ app_begin ] --END-- [ RunTime:0.000433s ]
SQL: SHOW COLUMNS FROM `fc_user` [ RunTime:0.0039s ]
SQL: SELECT COUNT(id) AS tp_count FROM `fc_user` LIMIT 1   [ RunTime:0.0002s ]
SQL: SELECT COUNT(id) AS tp_count FROM `fc_user` WHERE `addtime` > '1534694400' LIMIT 1   [ RunTime:0.0002s ]
SQL: SELECT COUNT(id) AS tp_count FROM `fc_user` WHERE ( level=1 ) LIMIT 1   [ RunTime:0.0002s ]
SQL: SELECT COUNT(id) AS tp_count FROM `fc_user` WHERE `is_true` = 2 LIMIT 1   [ RunTime:0.0002s ]
INFO: [ view_parse ] --START--
INFO: [ template_filter ] --START--
INFO: Run Behavior\ContentReplaceBehavior [ RunTime:0.000268s ]
INFO: [ template_filter ] --END-- [ RunTime:0.000378s ]
NOTIC: [8] Use of undefined constant CHARSET - assumed 'CHARSET' E:\phpstudy\PHPTutorial\WWW\bipin\Application\Runtime\Cache\Admin\7ad2542084969c3fe4042ac6ed4df19f.php 第 5 行.
NOTIC: [8] Undefined variable: ytg E:\phpstudy\PHPTutorial\WWW\bipin\Application\Runtime\Cache\Admin\7ad2542084969c3fe4042ac6ed4df19f.php 第 80 行.
NOTIC: [8] Undefined variable: ybh E:\phpstudy\PHPTutorial\WWW\bipin\Application\Runtime\Cache\Admin\7ad2542084969c3fe4042ac6ed4df19f.php 第 81 行.
NOTIC: [8] Undefined variable: bankcount E:\phpstudy\PHPTutorial\WWW\bipin\Application\Runtime\Cache\Admin\7ad2542084969c3fe4042ac6ed4df19f.php 第 89 行.
NOTIC: [8] Undefined variable: bankcount_week E:\phpstudy\PHPTutorial\WWW\bipin\Application\Runtime\Cache\Admin\7ad2542084969c3fe4042ac6ed4df19f.php 第 95 行.
NOTIC: [8] Undefined variable: bankcount_audit E:\phpstudy\PHPTutorial\WWW\bipin\Application\Runtime\Cache\Admin\7ad2542084969c3fe4042ac6ed4df19f.php 第 96 行.
NOTIC: [8] Undefined variable: lang E:\phpstudy\PHPTutorial\WWW\bipin\Application\Runtime\Cache\Admin\7ad2542084969c3fe4042ac6ed4df19f.php 第 167 行.
INFO: Run Behavior\ParseTemplateBehavior [ RunTime:0.010424s ]
INFO: [ view_parse ] --END-- [ RunTime:0.010458s ]
INFO: [ view_filter ] --START--
INFO: Run Behavior\WriteHtmlCacheBehavior [ RunTime:0.000257s ]
INFO: [ view_filter ] --END-- [ RunTime:0.000280s ]
INFO: [ app_end ] --START--
INFO: Run Behavior\ShowPageTraceBehavior [ RunTime:0.010103s ]
INFO: [ app_end ] --END-- [ RunTime:0.010145s ]

[ 2018-08-24T09:11:06+08:00 ] 127.0.0.1 /bipin/index.php?m=admin&c=ade&a=blackaccount
INFO: [ app_init ] --START--
INFO: Run Behavior\BuildLiteBehavior [ RunTime:0.000010s ]
INFO: [ app_init ] --END-- [ RunTime:0.000302s ]
INFO: [ app_begin ] --START--
INFO: Run Behavior\ReadHtmlCacheBehavior [ RunTime:0.000396s ]
INFO: [ app_begin ] --END-- [ RunTime:0.000439s ]
SQL: SHOW COLUMNS FROM `fc_ads` [ RunTime:0.0105s ]
NOTIC: [8] Undefined index: limit E:\phpstudy\PHPTutorial\WWW\bipin\ThinkPHP\Library\Think\Db\Driver.class.php 第 950 行.
SQL: SELECT * FROM `fc_ads` ORDER BY cad_id asc LIMIT 0,20   [ RunTime:0.0008s ]
SQL: SELECT COUNT(*) AS tp_count FROM `fc_ads` LIMIT 1   [ RunTime:0.0003s ]
INFO: [ view_parse ] --START--
INFO: [ template_filter ] --START--
INFO: Run Behavior\ContentReplaceBehavior [ RunTime:0.000163s ]
INFO: [ template_filter ] --END-- [ RunTime:0.000224s ]
SQL: SHOW COLUMNS FROM `fc_adposition` [ RunTime:0.0054s ]
SQL: SELECT `cad_name` FROM `fc_adposition` WHERE ( id='1' ) LIMIT 1   [ RunTime:0.0003s ]
NOTIC: [8] Undefined index: pro_id E:\phpstudy\PHPTutorial\WWW\bipin\Application\Runtime\Cache\Admin\2447a6ab53dcec9f8a60349cfe589b00.php 第 105 行.
SQL: SELECT `cad_name` FROM `fc_adposition` WHERE ( id='1' ) LIMIT 1   [ RunTime:0.0002s ]
NOTIC: [8] Undefined index: pro_id E:\phpstudy\PHPTutorial\WWW\bipin\Application\Runtime\Cache\Admin\2447a6ab53dcec9f8a60349cfe589b00.php 第 105 行.
SQL: SELECT `cad_name` FROM `fc_adposition` WHERE ( id='2' ) LIMIT 1   [ RunTime:0.0002s ]
NOTIC: [8] Undefined index: pro_id E:\phpstudy\PHPTutorial\WWW\bipin\Application\Runtime\Cache\Admin\2447a6ab53dcec9f8a60349cfe589b00.php 第 105 行.
SQL: SELECT `cad_name` FROM `fc_adposition` WHERE ( id='4' ) LIMIT 1   [ RunTime:0.0002s ]
NOTIC: [8] Undefined index: pro_id E:\phpstudy\PHPTutorial\WWW\bipin\Application\Runtime\Cache\Admin\2447a6ab53dcec9f8a60349cfe589b00.php 第 105 行.
SQL: SELECT `cad_name` FROM `fc_adposition` WHERE ( id='4' ) LIMIT 1   [ RunTime:0.0002s ]
NOTIC: [8] Undefined index: pro_id E:\phpstudy\PHPTutorial\WWW\bipin\Application\Runtime\Cache\Admin\2447a6ab53dcec9f8a60349cfe589b00.php 第 105 行.
SQL: SELECT `cad_name` FROM `fc_adposition` WHERE ( id='5' ) LIMIT 1   [ RunTime:0.0002s ]
NOTIC: [8] Undefined index: pro_id E:\phpstudy\PHPTutorial\WWW\bipin\Application\Runtime\Cache\Admin\2447a6ab53dcec9f8a60349cfe589b00.php 第 105 行.
SQL: SELECT `cad_name` FROM `fc_adposition` WHERE ( id='5' ) LIMIT 1   [ RunTime:0.0002s ]
NOTIC: [8] Undefined index: pro_id E:\phpstudy\PHPTutorial\WWW\bipin\Application\Runtime\Cache\Admin\2447a6ab53dcec9f8a60349cfe589b00.php 第 105 行.
SQL: SELECT `cad_name` FROM `fc_adposition` WHERE ( id='5' ) LIMIT 1   [ RunTime:0.0002s ]
NOTIC: [8] Undefined index: pro_id E:\phpstudy\PHPTutorial\WWW\bipin\Application\Runtime\Cache\Admin\2447a6ab53dcec9f8a60349cfe589b00.php 第 105 行.
INFO: Run Behavior\ParseTemplateBehavior [ RunTime:0.024044s ]
INFO: [ view_parse ] --END-- [ RunTime:0.024099s ]
INFO: [ view_filter ] --START--
INFO: Run Behavior\WriteHtmlCacheBehavior [ RunTime:0.000266s ]
INFO: [ view_filter ] --END-- [ RunTime:0.000295s ]
INFO: [ app_end ] --START--
INFO: Run Behavior\ShowPageTraceBehavior [ RunTime:0.000684s ]
INFO: [ app_end ] --END-- [ RunTime:0.000722s ]

[ 2018-08-24T09:11:07+08:00 ] 127.0.0.1 /bipin/index.php?m=admin&c=users&a=member
INFO: [ app_init ] --START--
INFO: Run Behavior\BuildLiteBehavior [ RunTime:0.000010s ]
INFO: [ app_init ] --END-- [ RunTime:0.000274s ]
INFO: [ app_begin ] --START--
INFO: Run Behavior\ReadHtmlCacheBehavior [ RunTime:0.000394s ]
INFO: [ app_begin ] --END-- [ RunTime:0.000434s ]
SQL: SHOW COLUMNS FROM `fc_user` [ RunTime:0.0063s ]
SQL: SELECT * FROM `fc_user` WHERE `level` <> 1 ORDER BY addtime desc LIMIT 0,20   [ RunTime:0.0005s ]
SQL: SELECT COUNT(*) AS tp_count FROM `fc_user` WHERE `level` <> 1 LIMIT 1   [ RunTime:0.0002s ]
INFO: [ view_parse ] --START--
INFO: [ template_filter ] --START--
INFO: Run Behavior\ContentReplaceBehavior [ RunTime:0.000078s ]
INFO: [ template_filter ] --END-- [ RunTime:0.000110s ]
NOTIC: [8] Undefined variable: user_id E:\phpstudy\PHPTutorial\WWW\bipin\Application\Runtime\Cache\Admin\8fe10c7b731c7db47970be66688503b3.php 第 80 行.
NOTIC: [8] Undefined variable: mobile E:\phpstudy\PHPTutorial\WWW\bipin\Application\Runtime\Cache\Admin\8fe10c7b731c7db47970be66688503b3.php 第 82 行.
NOTIC: [8] Undefined variable: truename E:\phpstudy\PHPTutorial\WWW\bipin\Application\Runtime\Cache\Admin\8fe10c7b731c7db47970be66688503b3.php 第 84 行.
INFO: Run Behavior\ParseTemplateBehavior [ RunTime:0.009092s ]
INFO: [ view_parse ] --END-- [ RunTime:0.009131s ]
INFO: [ view_filter ] --START--
INFO: Run Behavior\WriteHtmlCacheBehavior [ RunTime:0.000202s ]
INFO: [ view_filter ] --END-- [ RunTime:0.000226s ]
INFO: [ app_end ] --START--
INFO: Run Behavior\ShowPageTraceBehavior [ RunTime:0.000421s ]
INFO: [ app_end ] --END-- [ RunTime:0.000455s ]

[ 2018-08-24T09:11:08+08:00 ] 127.0.0.1 /bipin/index.php?m=admin&c=users&a=member
INFO: [ app_init ] --START--
INFO: Run Behavior\BuildLiteBehavior [ RunTime:0.000010s ]
INFO: [ app_init ] --END-- [ RunTime:0.000281s ]
INFO: [ app_begin ] --START--
INFO: Run Behavior\ReadHtmlCacheBehavior [ RunTime:0.000446s ]
INFO: [ app_begin ] --END-- [ RunTime:0.000499s ]
SQL: SHOW COLUMNS FROM `fc_user` [ RunTime:0.0044s ]
SQL: SELECT * FROM `fc_user` WHERE `level` <> 1 ORDER BY addtime desc LIMIT 0,20   [ RunTime:0.0008s ]
SQL: SELECT COUNT(*) AS tp_count FROM `fc_user` WHERE `level` <> 1 LIMIT 1   [ RunTime:0.0002s ]
INFO: [ view_parse ] --START--
INFO: [ template_filter ] --START--
INFO: Run Behavior\ContentReplaceBehavior [ RunTime:0.000102s ]
INFO: [ template_filter ] --END-- [ RunTime:0.000144s ]
NOTIC: [8] Undefined variable: user_id E:\phpstudy\PHPTutorial\WWW\bipin\Application\Runtime\Cache\Admin\8fe10c7b731c7db47970be66688503b3.php 第 80 行.
NOTIC: [8] Undefined variable: mobile E:\phpstudy\PHPTutorial\WWW\bipin\Application\Runtime\Cache\Admin\8fe10c7b731c7db47970be66688503b3.php 第 82 行.
NOTIC: [8] Undefined variable: truename E:\phpstudy\PHPTutorial\WWW\bipin\Application\Runtime\Cache\Admin\8fe10c7b731c7db47970be66688503b3.php 第 84 行.
INFO: Run Behavior\ParseTemplateBehavior [ RunTime:0.010819s ]
INFO: [ view_parse ] --END-- [ RunTime:0.010859s ]
INFO: [ view_filter ] --START--
INFO: Run Behavior\WriteHtmlCacheBehavior [ RunTime:0.000255s ]
INFO: [ view_filter ] --END-- [ RunTime:0.000284s ]
INFO: [ app_end ] --START--
INFO: Run Behavior\ShowPageTraceBehavior [ RunTime:0.000478s ]
INFO: [ app_end ] --END-- [ RunTime:0.000514s ]

[ 2018-08-24T09:11:11+08:00 ] 127.0.0.1 /bipin/index.php?m=admin&c=order&a=tixian
INFO: [ app_init ] --START--
INFO: Run Behavior\BuildLiteBehavior [ RunTime:0.000011s ]
INFO: [ app_init ] --END-- [ RunTime:0.000338s ]
INFO: [ app_begin ] --START--
INFO: Run Behavior\ReadHtmlCacheBehavior [ RunTime:0.000543s ]
INFO: [ app_begin ] --END-- [ RunTime:0.000586s ]
SQL: SHOW COLUMNS FROM `fc_withdrawals` [ RunTime:0.0066s ]
SQL: SELECT * FROM `fc_withdrawals` WHERE `type` = 1 ORDER BY addtime desc LIMIT 0,20   [ RunTime:0.0005s ]
SQL: SELECT SUM(jine1) AS tp_sum FROM `fc_withdrawals` WHERE `status` = 2 LIMIT 1   [ RunTime:0.0002s ]
SQL: SELECT COUNT(*) AS tp_count FROM `fc_withdrawals` WHERE `type` = 1 LIMIT 1   [ RunTime:0.0001s ]
INFO: [ view_parse ] --START--
INFO: [ template_filter ] --START--
INFO: Run Behavior\ContentReplaceBehavior [ RunTime:0.000078s ]
INFO: [ template_filter ] --END-- [ RunTime:0.000112s ]
NOTIC: [8] Undefined variable: status E:\phpstudy\PHPTutorial\WWW\bipin\Application\Runtime\Cache\Admin\fe6587f42c94700bab02fd8a66091bf5.php 第 64 行.
NOTIC: [8] Undefined variable: status E:\phpstudy\PHPTutorial\WWW\bipin\Application\Runtime\Cache\Admin\fe6587f42c94700bab02fd8a66091bf5.php 第 65 行.
NOTIC: [8] Undefined variable: status E:\phpstudy\PHPTutorial\WWW\bipin\Application\Runtime\Cache\Admin\fe6587f42c94700bab02fd8a66091bf5.php 第 66 行.
NOTIC: [8] Undefined variable: mobile E:\phpstudy\PHPTutorial\WWW\bipin\Application\Runtime\Cache\Admin\fe6587f42c94700bab02fd8a66091bf5.php 第 78 行.
NOTIC: [8] Undefined variable: truename E:\phpstudy\PHPTutorial\WWW\bipin\Application\Runtime\Cache\Admin\fe6587f42c94700bab02fd8a66091bf5.php 第 80 行.
NOTIC: [8] Undefined variable: rr E:\phpstudy\PHPTutorial\WWW\bipin\Application\Runtime\Cache\Admin\fe6587f42c94700bab02fd8a66091bf5.php 第 113 行.
SQL: SHOW COLUMNS FROM `fc_user` [ RunTime:0.0033s ]
SQL: SELECT `truename` FROM `fc_user` WHERE ( user_id='BNkp' ) LIMIT 1   [ RunTime:0.0002s ]
SQL: SELECT `thumb` FROM `fc_user` WHERE ( user_id='BNkp' ) LIMIT 1   [ RunTime:0.0002s ]
SQL: SELECT `mobile` FROM `fc_user` WHERE ( user_id='BNkp' ) LIMIT 1   [ RunTime:0.0001s ]
NOTIC: [8] Undefined variable: rr E:\phpstudy\PHPTutorial\WWW\bipin\Application\Runtime\Cache\Admin\fe6587f42c94700bab02fd8a66091bf5.php 第 113 行.
SQL: SELECT `truename` FROM `fc_user` WHERE ( user_id='BNkp' ) LIMIT 1   [ RunTime:0.0002s ]
SQL: SELECT `thumb` FROM `fc_user` WHERE ( user_id='BNkp' ) LIMIT 1   [ RunTime:0.0002s ]
SQL: SELECT `mobile` FROM `fc_user` WHERE ( user_id='BNkp' ) LIMIT 1   [ RunTime:0.0002s ]
NOTIC: [8] Undefined variable: rr E:\phpstudy\PHPTutorial\WWW\bipin\Application\Runtime\Cache\Admin\fe6587f42c94700bab02fd8a66091bf5.php 第 113 行.
SQL: SELECT `truename` FROM `fc_user` WHERE ( user_id='4anh' ) LIMIT 1   [ RunTime:0.0001s ]
SQL: SELECT `thumb` FROM `fc_user` WHERE ( user_id='4anh' ) LIMIT 1   [ RunTime:0.0002s ]
SQL: SELECT `mobile` FROM `fc_user` WHERE ( user_id='4anh' ) LIMIT 1   [ RunTime:0.0002s ]
NOTIC: [8] Undefined variable: rr E:\phpstudy\PHPTutorial\WWW\bipin\Application\Runtime\Cache\Admin\fe6587f42c94700bab02fd8a66091bf5.php 第 113 行.
SQL: SELECT `truename` FROM `fc_user` WHERE ( user_id='6hAZ' ) LIMIT 1   [ RunTime:0.0001s ]
SQL: SELECT `thumb` FROM `fc_user` WHERE ( user_id='6hAZ' ) LIMIT 1   [ RunTime:0.0001s ]
SQL: SELECT `mobile` FROM `fc_user` WHERE ( user_id='6hAZ' ) LIMIT 1   [ RunTime:0.0001s ]
NOTIC: [8] Undefined variable: rr E:\phpstudy\PHPTutorial\WWW\bipin\Application\Runtime\Cache\Admin\fe6587f42c94700bab02fd8a66091bf5.php 第 113 行.
SQL: SELECT `truename` FROM `fc_user` WHERE ( user_id='J3QF' ) LIMIT 1   [ RunTime:0.0001s ]
SQL: SELECT `thumb` FROM `fc_user` WHERE ( user_id='J3QF' ) LIMIT 1   [ RunTime:0.0001s ]
SQL: SELECT `mobile` FROM `fc_user` WHERE ( user_id='J3QF' ) LIMIT 1   [ RunTime:0.0001s ]
NOTIC: [8] Undefined variable: rr E:\phpstudy\PHPTutorial\WWW\bipin\Application\Runtime\Cache\Admin\fe6587f42c94700bab02fd8a66091bf5.php 第 113 行.
SQL: SELECT `truename` FROM `fc_user` WHERE ( user_id='lPQf' ) LIMIT 1   [ RunTime:0.0001s ]
SQL: SELECT `thumb` FROM `fc_user` WHERE ( user_id='lPQf' ) LIMIT 1   [ RunTime:0.0001s ]
SQL: SELECT `mobile` FROM `fc_user` WHERE ( user_id='lPQf' ) LIMIT 1   [ RunTime:0.0001s ]
NOTIC: [8] Undefined variable: rr E:\phpstudy\PHPTutorial\WWW\bipin\Application\Runtime\Cache\Admin\fe6587f42c94700bab02fd8a66091bf5.php 第 113 行.
SQL: SELECT `truename` FROM `fc_user` WHERE ( user_id='lPQf' ) LIMIT 1   [ RunTime:0.0001s ]
SQL: SELECT `thumb` FROM `fc_user` WHERE ( user_id='lPQf' ) LIMIT 1   [ RunTime:0.0001s ]
SQL: SELECT `mobile` FROM `fc_user` WHERE ( user_id='lPQf' ) LIMIT 1   [ RunTime:0.0001s ]
NOTIC: [8] Undefined variable: rr E:\phpstudy\PHPTutorial\WWW\bipin\Application\Runtime\Cache\Admin\fe6587f42c94700bab02fd8a66091bf5.php 第 113 行.
SQL: SELECT `truename` FROM `fc_user` WHERE ( user_id='lPQf' ) LIMIT 1   [ RunTime:0.0001s ]
SQL: SELECT `thumb` FROM `fc_user` WHERE ( user_id='lPQf' ) LIMIT 1   [ RunTime:0.0001s ]
SQL: SELECT `mobile` FROM `fc_user` WHERE ( user_id='lPQf' ) LIMIT 1   [ RunTime:0.0002s ]
NOTIC: [8] Undefined variable: rr E:\phpstudy\PHPTutorial\WWW\bipin\Application\Runtime\Cache\Admin\fe6587f42c94700bab02fd8a66091bf5.php 第 113 行.
SQL: SELECT `truename` FROM `fc_user` WHERE ( user_id='eq6W' ) LIMIT 1   [ RunTime:0.0002s ]
SQL: SELECT `thumb` FROM `fc_user` WHERE ( user_id='eq6W' ) LIMIT 1   [ RunTime:0.0001s ]
SQL: SELECT `mobile` FROM `fc_user` WHERE ( user_id='eq6W' ) LIMIT 1   [ RunTime:0.0001s ]
NOTIC: [8] Undefined variable: rr E:\phpstudy\PHPTutorial\WWW\bipin\Application\Runtime\Cache\Admin\fe6587f42c94700bab02fd8a66091bf5.php 第 113 行.
SQL: SELECT `truename` FROM `fc_user` WHERE ( user_id='eq6W' ) LIMIT 1   [ RunTime:0.0001s ]
SQL: SELECT `thumb` FROM `fc_user` WHERE ( user_id='eq6W' ) LIMIT 1   [ RunTime:0.0001s ]
SQL: SELECT `mobile` FROM `fc_user` WHERE ( user_id='eq6W' ) LIMIT 1   [ RunTime:0.0001s ]
NOTIC: [8] Undefined variable: rr E:\phpstudy\PHPTutorial\WWW\bipin\Application\Runtime\Cache\Admin\fe6587f42c94700bab02fd8a66091bf5.php 第 113 行.
SQL: SELECT `truename` FROM `fc_user` WHERE ( user_id='I9NS' ) LIMIT 1   [ RunTime:0.0001s ]
SQL: SELECT `thumb` FROM `fc_user` WHERE ( user_id='I9NS' ) LIMIT 1   [ RunTime:0.0001s ]
SQL: SELECT `mobile` FROM `fc_user` WHERE ( user_id='I9NS' ) LIMIT 1   [ RunTime:0.0001s ]
INFO: Run Behavior\ParseTemplateBehavior [ RunTime:0.034106s ]
INFO: [ view_parse ] --END-- [ RunTime:0.034142s ]
INFO: [ view_filter ] --START--
INFO: Run Behavior\WriteHtmlCacheBehavior [ RunTime:0.000412s ]
INFO: [ view_filter ] --END-- [ RunTime:0.000438s ]
INFO: [ app_end ] --START--
INFO: Run Behavior\ShowPageTraceBehavior [ RunTime:0.000553s ]
INFO: [ app_end ] --END-- [ RunTime:0.000586s ]

[ 2018-08-24T09:11:17+08:00 ] 127.0.0.1 /bipin/index.php?m=admin&c=system&a=gonggao
INFO: [ app_init ] --START--
INFO: Run Behavior\BuildLiteBehavior [ RunTime:0.000011s ]
INFO: [ app_init ] --END-- [ RunTime:0.000302s ]
INFO: [ app_begin ] --START--
INFO: Run Behavior\ReadHtmlCacheBehavior [ RunTime:0.000405s ]
INFO: [ app_begin ] --END-- [ RunTime:0.000449s ]
SQL: SHOW COLUMNS FROM `fc_notice` [ RunTime:0.0083s ]
NOTIC: [8] Undefined index: stem E:\phpstudy\PHPTutorial\WWW\bipin\Application\Admin\Controller\SystemController.class.php 第 547 行.
NOTIC: [8] Undefined index: limit E:\phpstudy\PHPTutorial\WWW\bipin\ThinkPHP\Library\Think\Db\Driver.class.php 第 950 行.
SQL: SELECT `id`,`news_title`,`content`,`content1` FROM `fc_notice` WHERE `type` = 2 ORDER BY addtime desc LIMIT 0,20   [ RunTime:0.0013s ]
SQL: SELECT COUNT(*) AS tp_count FROM `fc_notice` WHERE `type` = 2 LIMIT 1   [ RunTime:0.0002s ]
INFO: [ view_parse ] --START--
INFO: [ template_filter ] --START--
INFO: Run Behavior\ContentReplaceBehavior [ RunTime:0.000092s ]
INFO: [ template_filter ] --END-- [ RunTime:0.000135s ]
NOTIC: [8] Undefined variable: stem E:\phpstudy\PHPTutorial\WWW\bipin\Application\Runtime\Cache\Admin\40671e9b54f3e5f2d85eae4e32b3ec0f.php 第 74 行.
NOTIC: [8] Undefined index: addtime E:\phpstudy\PHPTutorial\WWW\bipin\Application\Runtime\Cache\Admin\40671e9b54f3e5f2d85eae4e32b3ec0f.php 第 113 行.
NOTIC: [8] Undefined index: addtime E:\phpstudy\PHPTutorial\WWW\bipin\Application\Runtime\Cache\Admin\40671e9b54f3e5f2d85eae4e32b3ec0f.php 第 113 行.
NOTIC: [8] Undefined index: addtime E:\phpstudy\PHPTutorial\WWW\bipin\Application\Runtime\Cache\Admin\40671e9b54f3e5f2d85eae4e32b3ec0f.php 第 113 行.
INFO: Run Behavior\ParseTemplateBehavior [ RunTime:0.013645s ]
INFO: [ view_parse ] --END-- [ RunTime:0.013685s ]
INFO: [ view_filter ] --START--
INFO: Run Behavior\WriteHtmlCacheBehavior [ RunTime:0.000213s ]
INFO: [ view_filter ] --END-- [ RunTime:0.000238s ]
INFO: [ app_end ] --START--
INFO: Run Behavior\ShowPageTraceBehavior [ RunTime:0.000466s ]
INFO: [ app_end ] --END-- [ RunTime:0.000501s ]

[ 2018-08-24T09:18:03+08:00 ] 127.0.0.1 /bipin/index.php?m=admin&c=system&a=tixian
INFO: [ app_init ] --START--
INFO: Run Behavior\BuildLiteBehavior [ RunTime:0.000010s ]
INFO: [ app_init ] --END-- [ RunTime:0.000380s ]
INFO: [ app_begin ] --START--
INFO: Run Behavior\ReadHtmlCacheBehavior [ RunTime:0.000779s ]
INFO: [ app_begin ] --END-- [ RunTime:0.000821s ]
SQL: SHOW COLUMNS FROM `fc_notice` [ RunTime:0.0029s ]
SQL: SELECT * FROM `fc_notice` WHERE `id` = 16 LIMIT 1   [ RunTime:0.0002s ]
INFO: [ view_parse ] --START--
INFO: [ template_filter ] --START--
INFO: Run Behavior\ContentReplaceBehavior [ RunTime:0.000064s ]
INFO: [ template_filter ] --END-- [ RunTime:0.000113s ]
INFO: Run Behavior\ParseTemplateBehavior [ RunTime:0.007505s ]
INFO: [ view_parse ] --END-- [ RunTime:0.007541s ]
INFO: [ view_filter ] --START--
INFO: Run Behavior\WriteHtmlCacheBehavior [ RunTime:0.000584s ]
INFO: [ view_filter ] --END-- [ RunTime:0.000610s ]
INFO: [ app_end ] --START--
INFO: Run Behavior\ShowPageTraceBehavior [ RunTime:0.000740s ]
INFO: [ app_end ] --END-- [ RunTime:0.000769s ]

[ 2018-08-24T16:16:15+08:00 ] 127.0.0.1 /bipin/index.php/Admin
INFO: [ app_init ] --START--
INFO: Run Behavior\BuildLiteBehavior [ RunTime:0.000011s ]
INFO: [ app_init ] --END-- [ RunTime:0.000356s ]
INFO: [ app_begin ] --START--
INFO: Run Behavior\ReadHtmlCacheBehavior [ RunTime:0.000694s ]
INFO: [ app_begin ] --END-- [ RunTime:0.000736s ]
INFO: [ view_parse ] --START--
INFO: [ template_filter ] --START--
INFO: Run Behavior\ContentReplaceBehavior [ RunTime:0.000269s ]
INFO: [ template_filter ] --END-- [ RunTime:0.000314s ]
INFO: Run Behavior\ParseTemplateBehavior [ RunTime:0.014546s ]
INFO: [ view_parse ] --END-- [ RunTime:0.014589s ]
INFO: [ view_filter ] --START--
INFO: Run Behavior\WriteHtmlCacheBehavior [ RunTime:0.001373s ]
INFO: [ view_filter ] --END-- [ RunTime:0.001409s ]
INFO: [ app_end ] --START--
INFO: Run Behavior\ShowPageTraceBehavior [ RunTime:0.001466s ]
INFO: [ app_end ] --END-- [ RunTime:0.001528s ]

[ 2018-08-24T16:16:16+08:00 ] 127.0.0.1 /bipin/index.php/Admin
INFO: [ app_init ] --START--
INFO: Run Behavior\BuildLiteBehavior [ RunTime:0.000011s ]
INFO: [ app_init ] --END-- [ RunTime:0.000362s ]
INFO: [ app_begin ] --START--
INFO: Run Behavior\ReadHtmlCacheBehavior [ RunTime:0.000642s ]
INFO: [ app_begin ] --END-- [ RunTime:0.000680s ]
INFO: [ view_parse ] --START--
INFO: [ template_filter ] --START--
INFO: Run Behavior\ContentReplaceBehavior [ RunTime:0.000260s ]
INFO: [ template_filter ] --END-- [ RunTime:0.000301s ]
INFO: Run Behavior\ParseTemplateBehavior [ RunTime:0.011982s ]
INFO: [ view_parse ] --END-- [ RunTime:0.012022s ]
INFO: [ view_filter ] --START--
INFO: Run Behavior\WriteHtmlCacheBehavior [ RunTime:0.000457s ]
INFO: [ view_filter ] --END-- [ RunTime:0.000485s ]
INFO: [ app_end ] --START--
INFO: Run Behavior\ShowPageTraceBehavior [ RunTime:0.000832s ]
INFO: [ app_end ] --END-- [ RunTime:0.000893s ]

[ 2018-08-24T16:16:17+08:00 ] 127.0.0.1 /bipin/index.php/Admin/Index/welcome.html
INFO: [ app_init ] --START--
INFO: Run Behavior\BuildLiteBehavior [ RunTime:0.000011s ]
INFO: [ app_init ] --END-- [ RunTime:0.000371s ]
INFO: [ app_begin ] --START--
INFO: Run Behavior\ReadHtmlCacheBehavior [ RunTime:0.000724s ]
INFO: [ app_begin ] --END-- [ RunTime:0.000805s ]
SQL: SHOW COLUMNS FROM `fc_user` [ RunTime:0.0055s ]
SQL: SELECT COUNT(id) AS tp_count FROM `fc_user` LIMIT 1   [ RunTime:0.0003s ]
SQL: SELECT COUNT(id) AS tp_count FROM `fc_user` WHERE `addtime` > '1534694400' LIMIT 1   [ RunTime:0.0008s ]
SQL: SELECT COUNT(id) AS tp_count FROM `fc_user` WHERE ( level=1 ) LIMIT 1   [ RunTime:0.0002s ]
SQL: SELECT COUNT(id) AS tp_count FROM `fc_user` WHERE `is_true` = 2 LIMIT 1   [ RunTime:0.0002s ]
INFO: [ view_parse ] --START--
INFO: [ template_filter ] --START--
INFO: Run Behavior\ContentReplaceBehavior [ RunTime:0.000134s ]
INFO: [ template_filter ] --END-- [ RunTime:0.000172s ]
NOTIC: [8] Use of undefined constant CHARSET - assumed 'CHARSET' E:\phpstudy\PHPTutorial\WWW\bipin\Application\Runtime\Cache\Admin\7ad2542084969c3fe4042ac6ed4df19f.php 第 5 行.
NOTIC: [8] Undefined variable: ytg E:\phpstudy\PHPTutorial\WWW\bipin\Application\Runtime\Cache\Admin\7ad2542084969c3fe4042ac6ed4df19f.php 第 80 行.
NOTIC: [8] Undefined variable: ybh E:\phpstudy\PHPTutorial\WWW\bipin\Application\Runtime\Cache\Admin\7ad2542084969c3fe4042ac6ed4df19f.php 第 81 行.
NOTIC: [8] Undefined variable: bankcount E:\phpstudy\PHPTutorial\WWW\bipin\Application\Runtime\Cache\Admin\7ad2542084969c3fe4042ac6ed4df19f.php 第 89 行.
NOTIC: [8] Undefined variable: bankcount_week E:\phpstudy\PHPTutorial\WWW\bipin\Application\Runtime\Cache\Admin\7ad2542084969c3fe4042ac6ed4df19f.php 第 95 行.
NOTIC: [8] Undefined variable: bankcount_audit E:\phpstudy\PHPTutorial\WWW\bipin\Application\Runtime\Cache\Admin\7ad2542084969c3fe4042ac6ed4df19f.php 第 96 行.
NOTIC: [8] Undefined variable: lang E:\phpstudy\PHPTutorial\WWW\bipin\Application\Runtime\Cache\Admin\7ad2542084969c3fe4042ac6ed4df19f.php 第 167 行.
INFO: Run Behavior\ParseTemplateBehavior [ RunTime:0.011858s ]
INFO: [ view_parse ] --END-- [ RunTime:0.011894s ]
INFO: [ view_filter ] --START--
INFO: Run Behavior\WriteHtmlCacheBehavior [ RunTime:0.000543s ]
INFO: [ view_filter ] --END-- [ RunTime:0.000575s ]
INFO: [ app_end ] --START--
INFO: Run Behavior\ShowPageTraceBehavior [ RunTime:0.000853s ]
INFO: [ app_end ] --END-- [ RunTime:0.000924s ]

[ 2018-08-24T16:16:18+08:00 ] 127.0.0.1 /bipin/index.php/Admin/Index/welcome.html
INFO: [ app_init ] --START--
INFO: Run Behavior\BuildLiteBehavior [ RunTime:0.000011s ]
INFO: [ app_init ] --END-- [ RunTime:0.000363s ]
INFO: [ app_begin ] --START--
INFO: Run Behavior\ReadHtmlCacheBehavior [ RunTime:0.000686s ]
INFO: [ app_begin ] --END-- [ RunTime:0.000795s ]
SQL: SHOW COLUMNS FROM `fc_user` [ RunTime:0.0092s ]
SQL: SELECT COUNT(id) AS tp_count FROM `fc_user` LIMIT 1   [ RunTime:0.0009s ]
SQL: SELECT COUNT(id) AS tp_count FROM `fc_user` WHERE `addtime` > '1534694400' LIMIT 1   [ RunTime:0.0004s ]
SQL: SELECT COUNT(id) AS tp_count FROM `fc_user` WHERE ( level=1 ) LIMIT 1   [ RunTime:0.0003s ]
SQL: SELECT COUNT(id) AS tp_count FROM `fc_user` WHERE `is_true` = 2 LIMIT 1   [ RunTime:0.0003s ]
INFO: [ view_parse ] --START--
INFO: [ template_filter ] --START--
INFO: Run Behavior\ContentReplaceBehavior [ RunTime:0.000237s ]
INFO: [ template_filter ] --END-- [ RunTime:0.000305s ]
NOTIC: [8] Use of undefined constant CHARSET - assumed 'CHARSET' E:\phpstudy\PHPTutorial\WWW\bipin\Application\Runtime\Cache\Admin\7ad2542084969c3fe4042ac6ed4df19f.php 第 5 行.
NOTIC: [8] Undefined variable: ytg E:\phpstudy\PHPTutorial\WWW\bipin\Application\Runtime\Cache\Admin\7ad2542084969c3fe4042ac6ed4df19f.php 第 80 行.
NOTIC: [8] Undefined variable: ybh E:\phpstudy\PHPTutorial\WWW\bipin\Application\Runtime\Cache\Admin\7ad2542084969c3fe4042ac6ed4df19f.php 第 81 行.
NOTIC: [8] Undefined variable: bankcount E:\phpstudy\PHPTutorial\WWW\bipin\Application\Runtime\Cache\Admin\7ad2542084969c3fe4042ac6ed4df19f.php 第 89 行.
NOTIC: [8] Undefined variable: bankcount_week E:\phpstudy\PHPTutorial\WWW\bipin\Application\Runtime\Cache\Admin\7ad2542084969c3fe4042ac6ed4df19f.php 第 95 行.
NOTIC: [8] Undefined variable: bankcount_audit E:\phpstudy\PHPTutorial\WWW\bipin\Application\Runtime\Cache\Admin\7ad2542084969c3fe4042ac6ed4df19f.php 第 96 行.
NOTIC: [8] Undefined variable: lang E:\phpstudy\PHPTutorial\WWW\bipin\Application\Runtime\Cache\Admin\7ad2542084969c3fe4042ac6ed4df19f.php 第 167 行.
INFO: Run Behavior\ParseTemplateBehavior [ RunTime:0.016081s ]
INFO: [ view_parse ] --END-- [ RunTime:0.016125s ]
INFO: [ view_filter ] --START--
INFO: Run Behavior\WriteHtmlCacheBehavior [ RunTime:0.000612s ]
INFO: [ view_filter ] --END-- [ RunTime:0.000643s ]
INFO: [ app_end ] --START--
INFO: Run Behavior\ShowPageTraceBehavior [ RunTime:0.000926s ]
INFO: [ app_end ] --END-- [ RunTime:0.000974s ]

[ 2018-08-24T16:21:46+08:00 ] 127.0.0.1 /bipin/index.php?m=admin&c=news&a=qupu
INFO: [ app_init ] --START--
INFO: Run Behavior\BuildLiteBehavior [ RunTime:0.000011s ]
INFO: [ app_init ] --END-- [ RunTime:0.000340s ]
INFO: [ app_begin ] --START--
INFO: Run Behavior\ReadHtmlCacheBehavior [ RunTime:0.000651s ]
INFO: [ app_begin ] --END-- [ RunTime:0.000692s ]
SQL: SHOW COLUMNS FROM `fc_types` [ RunTime:0.0078s ]
SQL: SELECT * FROM `fc_types` WHERE `type` = 1  [ RunTime:0.0003s ]
SQL: SELECT * FROM `fc_types` WHERE ( type=3 )  [ RunTime:0.0002s ]
NOTIC: [8] Undefined index: news_title E:\phpstudy\PHPTutorial\WWW\bipin\Application\Admin\Controller\NewsController.class.php 第 424 行.
NOTIC: [8] Undefined index: yonghu E:\phpstudy\PHPTutorial\WWW\bipin\Application\Admin\Controller\NewsController.class.php 第 429 行.
NOTIC: [8] Undefined index: type1 E:\phpstudy\PHPTutorial\WWW\bipin\Application\Admin\Controller\NewsController.class.php 第 435 行.
NOTIC: [8] Undefined index: type2 E:\phpstudy\PHPTutorial\WWW\bipin\Application\Admin\Controller\NewsController.class.php 第 440 行.
SQL: SHOW COLUMNS FROM `fc_workss` [ RunTime:0.0074s ]
NOTIC: [8] Undefined index: limit E:\phpstudy\PHPTutorial\WWW\bipin\ThinkPHP\Library\Think\Db\Driver.class.php 第 950 行.
SQL: SELECT * FROM `fc_workss` WHERE `fenlei` = 2 ORDER BY toop desc LIMIT 0,20   [ RunTime:0.0006s ]
SQL: SELECT COUNT(*) AS tp_count FROM `fc_workss` WHERE `fenlei` = 2 LIMIT 1   [ RunTime:0.0002s ]
INFO: [ view_parse ] --START--
INFO: [ template_filter ] --START--
INFO: Run Behavior\ContentReplaceBehavior [ RunTime:0.000111s ]
INFO: [ template_filter ] --END-- [ RunTime:0.000141s ]
NOTIC: [8] Undefined variable: news_title E:\phpstudy\PHPTutorial\WWW\bipin\Application\Runtime\Cache\Admin\2230278e758b04ad4a1ab9c5c3aecf4c.php 第 73 行.
NOTIC: [8] Undefined variable: level E:\phpstudy\PHPTutorial\WWW\bipin\Application\Runtime\Cache\Admin\2230278e758b04ad4a1ab9c5c3aecf4c.php 第 77 行.
NOTIC: [8] Undefined variable: level2 E:\phpstudy\PHPTutorial\WWW\bipin\Application\Runtime\Cache\Admin\2230278e758b04ad4a1ab9c5c3aecf4c.php 第 84 行.
NOTIC: [8] Undefined variable: types E:\phpstudy\PHPTutorial\WWW\bipin\Application\Runtime\Cache\Admin\2230278e758b04ad4a1ab9c5c3aecf4c.php 第 109 行.
NOTIC: [8] Undefined variable: yonghu E:\phpstudy\PHPTutorial\WWW\bipin\Application\Runtime\Cache\Admin\2230278e758b04ad4a1ab9c5c3aecf4c.php 第 123 行.
SQL: SELECT `type_name` FROM `fc_types` WHERE ( id='18' ) LIMIT 1   [ RunTime:0.0007s ]
SQL: SELECT `type_name` FROM `fc_types` WHERE ( id='25' ) LIMIT 1   [ RunTime:0.0003s ]
SQL: SELECT `type_name` FROM `fc_types` WHERE ( id='3' ) LIMIT 1   [ RunTime:0.0002s ]
SQL: SELECT `type_name` FROM `fc_types` WHERE ( id='16' ) LIMIT 1   [ RunTime:0.0001s ]
SQL: SELECT `type_name` FROM `fc_types` WHERE ( id='23' ) LIMIT 1   [ RunTime:0.0001s ]
SQL: SELECT `type_name` FROM `fc_types` WHERE ( id='3' ) LIMIT 1   [ RunTime:0.0002s ]
SQL: SELECT `type_name` FROM `fc_types` WHERE ( id='1' ) LIMIT 1   [ RunTime:0.0001s ]
SQL: SELECT `type_name` FROM `fc_types` WHERE ( id='2' ) LIMIT 1   [ RunTime:0.0001s ]
SQL: SELECT `type_name` FROM `fc_types` WHERE ( id='6' ) LIMIT 1   [ RunTime:0.0001s ]
SQL: SELECT `type_name` FROM `fc_types` WHERE ( id='1' ) LIMIT 1   [ RunTime:0.0001s ]
SQL: SELECT `type_name` FROM `fc_types` WHERE ( id='2' ) LIMIT 1   [ RunTime:0.0001s ]
SQL: SELECT `type_name` FROM `fc_types` WHERE ( id='6' ) LIMIT 1   [ RunTime:0.0001s ]
NOTIC: [8] Undefined variable: user E:\phpstudy\PHPTutorial\WWW\bipin\Application\Runtime\Cache\Admin\2230278e758b04ad4a1ab9c5c3aecf4c.php 第 189 行.
SQL: SHOW COLUMNS FROM `fc_user` [ RunTime:0.0034s ]
SQL: SELECT `username` FROM `fc_user` WHERE ( user_id='N85g' ) LIMIT 1   [ RunTime:0.0002s ]
SQL: SELECT `thumb` FROM `fc_user` WHERE ( user_id='N85g' ) LIMIT 1   [ RunTime:0.0001s ]
SQL: SELECT `type_name` FROM `fc_types` WHERE ( id='1' ) LIMIT 1   [ RunTime:0.0001s ]
SQL: SELECT `type_name` FROM `fc_types` WHERE ( id='2' ) LIMIT 1   [ RunTime:0.0001s ]
SQL: SELECT `type_name` FROM `fc_types` WHERE ( id='3' ) LIMIT 1   [ RunTime:0.0001s ]
NOTIC: [8] Undefined variable: user E:\phpstudy\PHPTutorial\WWW\bipin\Application\Runtime\Cache\Admin\2230278e758b04ad4a1ab9c5c3aecf4c.php 第 189 行.
SQL: SELECT `username` FROM `fc_user` WHERE ( user_id='I9NS' ) LIMIT 1   [ RunTime:0.0001s ]
SQL: SELECT `thumb` FROM `fc_user` WHERE ( user_id='I9NS' ) LIMIT 1   [ RunTime:0.0001s ]
SQL: SELECT `type_name` FROM `fc_types` WHERE ( id='1' ) LIMIT 1   [ RunTime:0.0001s ]
SQL: SELECT `type_name` FROM `fc_types` WHERE ( id='2' ) LIMIT 1   [ RunTime:0.0001s ]
SQL: SELECT `type_name` FROM `fc_types` WHERE ( id='3' ) LIMIT 1   [ RunTime:0.0001s ]
NOTIC: [8] Undefined variable: user E:\phpstudy\PHPTutorial\WWW\bipin\Application\Runtime\Cache\Admin\2230278e758b04ad4a1ab9c5c3aecf4c.php 第 189 行.
SQL: SELECT `username` FROM `fc_user` WHERE ( user_id='I9NS' ) LIMIT 1   [ RunTime:0.0001s ]
SQL: SELECT `thumb` FROM `fc_user` WHERE ( user_id='I9NS' ) LIMIT 1   [ RunTime:0.0001s ]
SQL: SELECT `type_name` FROM `fc_types` WHERE ( id='1' ) LIMIT 1   [ RunTime:0.0001s ]
SQL: SELECT `type_name` FROM `fc_types` WHERE ( id='2' ) LIMIT 1   [ RunTime:0.0001s ]
SQL: SELECT `type_name` FROM `fc_types` WHERE ( id='3' ) LIMIT 1   [ RunTime:0.0001s ]
NOTIC: [8] Undefined variable: user E:\phpstudy\PHPTutorial\WWW\bipin\Application\Runtime\Cache\Admin\2230278e758b04ad4a1ab9c5c3aecf4c.php 第 189 行.
SQL: SELECT `username` FROM `fc_user` WHERE ( user_id='lPQf' ) LIMIT 1   [ RunTime:0.0001s ]
SQL: SELECT `thumb` FROM `fc_user` WHERE ( user_id='lPQf' ) LIMIT 1   [ RunTime:0.0001s ]
SQL: SELECT `type_name` FROM `fc_types` WHERE ( id='16' ) LIMIT 1   [ RunTime:0.0001s ]
SQL: SELECT `type_name` FROM `fc_types` WHERE ( id='23' ) LIMIT 1   [ RunTime:0.0001s ]
SQL: SELECT `type_name` FROM `fc_types` WHERE ( id='3' ) LIMIT 1   [ RunTime:0.0001s ]
NOTIC: [8] Undefined variable: user E:\phpstudy\PHPTutorial\WWW\bipin\Application\Runtime\Cache\Admin\2230278e758b04ad4a1ab9c5c3aecf4c.php 第 189 行.
SQL: SELECT `username` FROM `fc_user` WHERE ( user_id='J3QF' ) LIMIT 1   [ RunTime:0.0001s ]
SQL: SELECT `thumb` FROM `fc_user` WHERE ( user_id='J3QF' ) LIMIT 1   [ RunTime:0.0001s ]
SQL: SELECT `type_name` FROM `fc_types` WHERE ( id='16' ) LIMIT 1   [ RunTime:0.0001s ]
SQL: SELECT `type_name` FROM `fc_types` WHERE ( id='23' ) LIMIT 1   [ RunTime:0.0001s ]
SQL: SELECT `type_name` FROM `fc_types` WHERE ( id='3' ) LIMIT 1   [ RunTime:0.0001s ]
NOTIC: [8] Undefined variable: user E:\phpstudy\PHPTutorial\WWW\bipin\Application\Runtime\Cache\Admin\2230278e758b04ad4a1ab9c5c3aecf4c.php 第 189 行.
SQL: SELECT `username` FROM `fc_user` WHERE ( user_id='4anh' ) LIMIT 1   [ RunTime:0.0001s ]
SQL: SELECT `thumb` FROM `fc_user` WHERE ( user_id='4anh' ) LIMIT 1   [ RunTime:0.0001s ]
SQL: SELECT `type_name` FROM `fc_types` WHERE ( id='16' ) LIMIT 1   [ RunTime:0.0001s ]
SQL: SELECT `type_name` FROM `fc_types` WHERE ( id='20' ) LIMIT 1   [ RunTime:0.0001s ]
SQL: SELECT `type_name` FROM `fc_types` WHERE ( id='3' ) LIMIT 1   [ RunTime:0.0001s ]
NOTIC: [8] Undefined variable: user E:\phpstudy\PHPTutorial\WWW\bipin\Application\Runtime\Cache\Admin\2230278e758b04ad4a1ab9c5c3aecf4c.php 第 189 行.
SQL: SELECT `username` FROM `fc_user` WHERE ( user_id='6hAZ' ) LIMIT 1   [ RunTime:0.0001s ]
SQL: SELECT `thumb` FROM `fc_user` WHERE ( user_id='6hAZ' ) LIMIT 1   [ RunTime:0.0001s ]
SQL: SELECT `type_name` FROM `fc_types` WHERE ( id='16' ) LIMIT 1   [ RunTime:0.0001s ]
SQL: SELECT `type_name` FROM `fc_types` WHERE ( id='20' ) LIMIT 1   [ RunTime:0.0001s ]
SQL: SELECT `type_name` FROM `fc_types` WHERE ( id='3' ) LIMIT 1   [ RunTime:0.0001s ]
NOTIC: [8] Undefined variable: user E:\phpstudy\PHPTutorial\WWW\bipin\Application\Runtime\Cache\Admin\2230278e758b04ad4a1ab9c5c3aecf4c.php 第 189 行.
SQL: SELECT `username` FROM `fc_user` WHERE ( user_id='4anh' ) LIMIT 1   [ RunTime:0.0001s ]
SQL: SELECT `thumb` FROM `fc_user` WHERE ( user_id='4anh' ) LIMIT 1   [ RunTime:0.0001s ]
SQL: SELECT `type_name` FROM `fc_types` WHERE ( id='16' ) LIMIT 1   [ RunTime:0.0001s ]
SQL: SELECT `type_name` FROM `fc_types` WHERE ( id='20' ) LIMIT 1   [ RunTime:0.0001s ]
SQL: SELECT `type_name` FROM `fc_types` WHERE ( id='3' ) LIMIT 1   [ RunTime:0.0002s ]
NOTIC: [8] Undefined variable: user E:\phpstudy\PHPTutorial\WWW\bipin\Application\Runtime\Cache\Admin\2230278e758b04ad4a1ab9c5c3aecf4c.php 第 189 行.
SQL: SELECT `username` FROM `fc_user` WHERE ( user_id='4anh' ) LIMIT 1   [ RunTime:0.0002s ]
SQL: SELECT `thumb` FROM `fc_user` WHERE ( user_id='4anh' ) LIMIT 1   [ RunTime:0.0001s ]
SQL: SELECT `type_name` FROM `fc_types` WHERE ( id='16' ) LIMIT 1   [ RunTime:0.0001s ]
SQL: SELECT `type_name` FROM `fc_types` WHERE ( id='20' ) LIMIT 1   [ RunTime:0.0001s ]
SQL: SELECT `type_name` FROM `fc_types` WHERE ( id='3' ) LIMIT 1   [ RunTime:0.0001s ]
NOTIC: [8] Undefined variable: user E:\phpstudy\PHPTutorial\WWW\bipin\Application\Runtime\Cache\Admin\2230278e758b04ad4a1ab9c5c3aecf4c.php 第 189 行.
SQL: SELECT `username` FROM `fc_user` WHERE ( user_id='4anh' ) LIMIT 1   [ RunTime:0.0001s ]
SQL: SELECT `thumb` FROM `fc_user` WHERE ( user_id='4anh' ) LIMIT 1   [ RunTime:0.0001s ]
SQL: SELECT `type_name` FROM `fc_types` WHERE ( id='16' ) LIMIT 1   [ RunTime:0.0001s ]
SQL: SELECT `type_name` FROM `fc_types` WHERE ( id='20' ) LIMIT 1   [ RunTime:0.0001s ]
SQL: SELECT `type_name` FROM `fc_types` WHERE ( id='3' ) LIMIT 1   [ RunTime:0.0001s ]
NOTIC: [8] Undefined variable: user E:\phpstudy\PHPTutorial\WWW\bipin\Application\Runtime\Cache\Admin\2230278e758b04ad4a1ab9c5c3aecf4c.php 第 189 行.
SQL: SELECT `username` FROM `fc_user` WHERE ( user_id='J3QF' ) LIMIT 1   [ RunTime:0.0001s ]
SQL: SELECT `thumb` FROM `fc_user` WHERE ( user_id='J3QF' ) LIMIT 1   [ RunTime:0.0001s ]
SQL: SELECT `type_name` FROM `fc_types` WHERE ( id='16' ) LIMIT 1   [ RunTime:0.0002s ]
SQL: SELECT `type_name` FROM `fc_types` WHERE ( id='19' ) LIMIT 1   [ RunTime:0.0001s ]
SQL: SELECT `type_name` FROM `fc_types` WHERE ( id='3' ) LIMIT 1   [ RunTime:0.0001s ]
NOTIC: [8] Undefined variable: user E:\phpstudy\PHPTutorial\WWW\bipin\Application\Runtime\Cache\Admin\2230278e758b04ad4a1ab9c5c3aecf4c.php 第 189 行.
SQL: SELECT `username` FROM `fc_user` WHERE ( user_id='BNkp' ) LIMIT 1   [ RunTime:0.0001s ]
SQL: SELECT `thumb` FROM `fc_user` WHERE ( user_id='BNkp' ) LIMIT 1   [ RunTime:0.0002s ]
SQL: SELECT `type_name` FROM `fc_types` WHERE ( id='16' ) LIMIT 1   [ RunTime:0.0001s ]
SQL: SELECT `type_name` FROM `fc_types` WHERE ( id='19' ) LIMIT 1   [ RunTime:0.0001s ]
SQL: SELECT `type_name` FROM `fc_types` WHERE ( id='3' ) LIMIT 1   [ RunTime:0.0001s ]
NOTIC: [8] Undefined variable: user E:\phpstudy\PHPTutorial\WWW\bipin\Application\Runtime\Cache\Admin\2230278e758b04ad4a1ab9c5c3aecf4c.php 第 189 行.
SQL: SELECT `username` FROM `fc_user` WHERE ( user_id='4anh' ) LIMIT 1   [ RunTime:0.0001s ]
SQL: SELECT `thumb` FROM `fc_user` WHERE ( user_id='4anh' ) LIMIT 1   [ RunTime:0.0001s ]
SQL: SELECT `type_name` FROM `fc_types` WHERE ( id='36' ) LIMIT 1   [ RunTime:0.0001s ]
SQL: SELECT `type_name` FROM `fc_types` WHERE ( id='37' ) LIMIT 1   [ RunTime:0.0001s ]
SQL: SELECT `type_name` FROM `fc_types` WHERE ( id='3' ) LIMIT 1   [ RunTime:0.0001s ]
INFO: Run Behavior\ParseTemplateBehavior [ RunTime:0.034085s ]
INFO: [ view_parse ] --END-- [ RunTime:0.034114s ]
INFO: [ view_filter ] --START--
INFO: Run Behavior\WriteHtmlCacheBehavior [ RunTime:0.000520s ]
INFO: [ view_filter ] --END-- [ RunTime:0.000545s ]
INFO: [ app_end ] --START--
INFO: Run Behavior\ShowPageTraceBehavior [ RunTime:0.000704s ]
INFO: [ app_end ] --END-- [ RunTime:0.000741s ]

[ 2018-08-24T16:21:47+08:00 ] 127.0.0.1 /bipin/index.php?m=admin&c=users&a=member
INFO: [ app_init ] --START--
INFO: Run Behavior\BuildLiteBehavior [ RunTime:0.000011s ]
INFO: [ app_init ] --END-- [ RunTime:0.000340s ]
INFO: [ app_begin ] --START--
INFO: Run Behavior\ReadHtmlCacheBehavior [ RunTime:0.000726s ]
INFO: [ app_begin ] --END-- [ RunTime:0.000783s ]
SQL: SHOW COLUMNS FROM `fc_user` [ RunTime:0.0038s ]
SQL: SELECT * FROM `fc_user` WHERE `level` <> 1 ORDER BY addtime desc LIMIT 0,20   [ RunTime:0.0005s ]
SQL: SELECT COUNT(*) AS tp_count FROM `fc_user` WHERE `level` <> 1 LIMIT 1   [ RunTime:0.0002s ]
INFO: [ view_parse ] --START--
INFO: [ template_filter ] --START--
INFO: Run Behavior\ContentReplaceBehavior [ RunTime:0.000083s ]
INFO: [ template_filter ] --END-- [ RunTime:0.000120s ]
NOTIC: [8] Undefined variable: user_id E:\phpstudy\PHPTutorial\WWW\bipin\Application\Runtime\Cache\Admin\8fe10c7b731c7db47970be66688503b3.php 第 80 行.
NOTIC: [8] Undefined variable: mobile E:\phpstudy\PHPTutorial\WWW\bipin\Application\Runtime\Cache\Admin\8fe10c7b731c7db47970be66688503b3.php 第 82 行.
NOTIC: [8] Undefined variable: truename E:\phpstudy\PHPTutorial\WWW\bipin\Application\Runtime\Cache\Admin\8fe10c7b731c7db47970be66688503b3.php 第 84 行.
INFO: Run Behavior\ParseTemplateBehavior [ RunTime:0.016102s ]
INFO: [ view_parse ] --END-- [ RunTime:0.016138s ]
INFO: [ view_filter ] --START--
INFO: Run Behavior\WriteHtmlCacheBehavior [ RunTime:0.000458s ]
INFO: [ view_filter ] --END-- [ RunTime:0.000485s ]
INFO: [ app_end ] --START--
INFO: Run Behavior\ShowPageTraceBehavior [ RunTime:0.000680s ]
INFO: [ app_end ] --END-- [ RunTime:0.000713s ]

[ 2018-08-24T16:31:54+08:00 ] 127.0.0.1 /bipin/index.php/Admin/Users/member_add/user_id/eyeE.html
INFO: [ app_init ] --START--
INFO: Run Behavior\BuildLiteBehavior [ RunTime:0.000010s ]
INFO: [ app_init ] --END-- [ RunTime:0.000334s ]
INFO: [ app_begin ] --START--
INFO: Run Behavior\ReadHtmlCacheBehavior [ RunTime:0.000735s ]
INFO: [ app_begin ] --END-- [ RunTime:0.000783s ]
SQL: SHOW COLUMNS FROM `fc_user` [ RunTime:0.0035s ]
SQL: SELECT * FROM `fc_user` WHERE `user_id` = 'eyeE' LIMIT 1   [ RunTime:0.0003s ]
INFO: [ view_parse ] --START--
INFO: [ template_filter ] --START--
INFO: Run Behavior\ContentReplaceBehavior [ RunTime:0.000073s ]
INFO: [ template_filter ] --END-- [ RunTime:0.000105s ]
INFO: Run Behavior\ParseTemplateBehavior [ RunTime:0.015283s ]
INFO: [ view_parse ] --END-- [ RunTime:0.015321s ]
INFO: [ view_filter ] --START--
INFO: Run Behavior\WriteHtmlCacheBehavior [ RunTime:0.000431s ]
INFO: [ view_filter ] --END-- [ RunTime:0.000459s ]
INFO: [ app_end ] --START--
INFO: Run Behavior\ShowPageTraceBehavior [ RunTime:0.000644s ]
INFO: [ app_end ] --END-- [ RunTime:0.000676s ]

[ 2018-08-24T16:32:07+08:00 ] 127.0.0.1 /bipin/index.php/Admin/Users/member_add/user_id/BN5N.html
INFO: [ app_init ] --START--
INFO: Run Behavior\BuildLiteBehavior [ RunTime:0.000009s ]
INFO: [ app_init ] --END-- [ RunTime:0.000343s ]
INFO: [ app_begin ] --START--
INFO: Run Behavior\ReadHtmlCacheBehavior [ RunTime:0.000616s ]
INFO: [ app_begin ] --END-- [ RunTime:0.000674s ]
SQL: SHOW COLUMNS FROM `fc_user` [ RunTime:0.0049s ]
SQL: SELECT * FROM `fc_user` WHERE `user_id` = 'BN5N' LIMIT 1   [ RunTime:0.0003s ]
INFO: [ view_parse ] --START--
INFO: [ template_filter ] --START--
INFO: Run Behavior\ContentReplaceBehavior [ RunTime:0.000071s ]
INFO: [ template_filter ] --END-- [ RunTime:0.000105s ]
INFO: Run Behavior\ParseTemplateBehavior [ RunTime:0.018669s ]
INFO: [ view_parse ] --END-- [ RunTime:0.018704s ]
INFO: [ view_filter ] --START--
INFO: Run Behavior\WriteHtmlCacheBehavior [ RunTime:0.000425s ]
INFO: [ view_filter ] --END-- [ RunTime:0.000452s ]
INFO: [ app_end ] --START--
INFO: Run Behavior\ShowPageTraceBehavior [ RunTime:0.000646s ]
INFO: [ app_end ] --END-- [ RunTime:0.000678s ]

[ 2018-08-24T16:32:29+08:00 ] 127.0.0.1 /bipin/index.php/Admin/Users/member_add/user_id/N85g.html
INFO: [ app_init ] --START--
INFO: Run Behavior\BuildLiteBehavior [ RunTime:0.000010s ]
INFO: [ app_init ] --END-- [ RunTime:0.000345s ]
INFO: [ app_begin ] --START--
INFO: Run Behavior\ReadHtmlCacheBehavior [ RunTime:0.000622s ]
INFO: [ app_begin ] --END-- [ RunTime:0.000666s ]
SQL: SHOW COLUMNS FROM `fc_user` [ RunTime:0.0041s ]
SQL: SELECT * FROM `fc_user` WHERE `user_id` = 'N85g' LIMIT 1   [ RunTime:0.0003s ]
INFO: [ view_parse ] --START--
INFO: [ template_filter ] --START--
INFO: Run Behavior\ContentReplaceBehavior [ RunTime:0.000086s ]
INFO: [ template_filter ] --END-- [ RunTime:0.000122s ]
INFO: Run Behavior\ParseTemplateBehavior [ RunTime:0.009029s ]
INFO: [ view_parse ] --END-- [ RunTime:0.009071s ]
INFO: [ view_filter ] --START--
INFO: Run Behavior\WriteHtmlCacheBehavior [ RunTime:0.000511s ]
INFO: [ view_filter ] --END-- [ RunTime:0.000542s ]
INFO: [ app_end ] --START--
INFO: Run Behavior\ShowPageTraceBehavior [ RunTime:0.000787s ]
INFO: [ app_end ] --END-- [ RunTime:0.000827s ]

[ 2018-08-24T16:32:29+08:00 ] 127.0.0.1 /bipin/index.php/Admin/Users/member_add/user_id/1.jpg
INFO: [ app_init ] --START--
INFO: Run Behavior\BuildLiteBehavior [ RunTime:0.000012s ]
INFO: [ app_init ] --END-- [ RunTime:0.000366s ]

[ 2018-08-24T16:32:29+08:00 ] 127.0.0.1 /bipin/index.php/Admin/Users/member_add/user_id/2.jpg
INFO: [ app_init ] --START--
INFO: Run Behavior\BuildLiteBehavior [ RunTime:0.000011s ]
INFO: [ app_init ] --END-- [ RunTime:0.000377s ]

[ 2018-08-24T16:32:39+08:00 ] 127.0.0.1 /bipin/index.php?m=admin&c=users&a=member
INFO: [ app_init ] --START--
INFO: Run Behavior\BuildLiteBehavior [ RunTime:0.000010s ]
INFO: [ app_init ] --END-- [ RunTime:0.000329s ]
INFO: [ app_begin ] --START--
INFO: Run Behavior\ReadHtmlCacheBehavior [ RunTime:0.000668s ]
INFO: [ app_begin ] --END-- [ RunTime:0.000714s ]
SQL: SHOW COLUMNS FROM `fc_user` [ RunTime:0.0089s ]
SQL: SELECT * FROM `fc_user` WHERE `level` <> 1 ORDER BY addtime desc LIMIT 0,20   [ RunTime:0.0013s ]
SQL: SELECT COUNT(*) AS tp_count FROM `fc_user` WHERE `level` <> 1 LIMIT 1   [ RunTime:0.0004s ]
INFO: [ view_parse ] --START--
INFO: [ template_filter ] --START--
INFO: Run Behavior\ContentReplaceBehavior [ RunTime:0.000158s ]
INFO: [ template_filter ] --END-- [ RunTime:0.000223s ]
NOTIC: [8] Undefined variable: user_id E:\phpstudy\PHPTutorial\WWW\bipin\Application\Runtime\Cache\Admin\8fe10c7b731c7db47970be66688503b3.php 第 80 行.
NOTIC: [8] Undefined variable: mobile E:\phpstudy\PHPTutorial\WWW\bipin\Application\Runtime\Cache\Admin\8fe10c7b731c7db47970be66688503b3.php 第 82 行.
NOTIC: [8] Undefined variable: truename E:\phpstudy\PHPTutorial\WWW\bipin\Application\Runtime\Cache\Admin\8fe10c7b731c7db47970be66688503b3.php 第 84 行.
INFO: Run Behavior\ParseTemplateBehavior [ RunTime:0.019620s ]
INFO: [ view_parse ] --END-- [ RunTime:0.019689s ]
INFO: [ view_filter ] --START--
INFO: Run Behavior\WriteHtmlCacheBehavior [ RunTime:0.001059s ]
INFO: [ view_filter ] --END-- [ RunTime:0.001114s ]
INFO: [ app_end ] --START--
INFO: Run Behavior\ShowPageTraceBehavior [ RunTime:0.001280s ]
INFO: [ app_end ] --END-- [ RunTime:0.001344s ]

[ 2018-08-24T16:32:40+08:00 ] 127.0.0.1 /bipin/index.php?m=admin&c=healthyshop&a=down_payments
INFO: [ app_init ] --START--
INFO: Run Behavior\BuildLiteBehavior [ RunTime:0.000012s ]
INFO: [ app_init ] --END-- [ RunTime:0.000600s ]
INFO: [ app_begin ] --START--
INFO: Run Behavior\ReadHtmlCacheBehavior [ RunTime:0.000637s ]
INFO: [ app_begin ] --END-- [ RunTime:0.000690s ]
SQL: SHOW COLUMNS FROM `fc_types` [ RunTime:0.0031s ]
NOTIC: [8] Undefined index: limit E:\phpstudy\PHPTutorial\WWW\bipin\ThinkPHP\Library\Think\Db\Driver.class.php 第 950 行.
SQL: SELECT * FROM `fc_types` WHERE `type` = 1 ORDER BY toop desc LIMIT 0,20   [ RunTime:0.0003s ]
SQL: SELECT COUNT(*) AS tp_count FROM `fc_types` WHERE `type` = 1 LIMIT 1   [ RunTime:0.0002s ]
INFO: [ view_parse ] --START--
INFO: [ template_filter ] --START--
INFO: Run Behavior\ContentReplaceBehavior [ RunTime:0.000085s ]
INFO: [ template_filter ] --END-- [ RunTime:0.000116s ]
INFO: Run Behavior\ParseTemplateBehavior [ RunTime:0.008089s ]
INFO: [ view_parse ] --END-- [ RunTime:0.008127s ]
INFO: [ view_filter ] --START--
INFO: Run Behavior\WriteHtmlCacheBehavior [ RunTime:0.000430s ]
INFO: [ view_filter ] --END-- [ RunTime:0.000457s ]
INFO: [ app_end ] --START--
INFO: Run Behavior\ShowPageTraceBehavior [ RunTime:0.000664s ]
INFO: [ app_end ] --END-- [ RunTime:0.000701s ]

[ 2018-08-24T16:32:41+08:00 ] 127.0.0.1 /bipin/index.php?m=admin&c=order&a=tixian
INFO: [ app_init ] --START--
INFO: Run Behavior\BuildLiteBehavior [ RunTime:0.000010s ]
INFO: [ app_init ] --END-- [ RunTime:0.000360s ]
INFO: [ app_begin ] --START--
INFO: Run Behavior\ReadHtmlCacheBehavior [ RunTime:0.000639s ]
INFO: [ app_begin ] --END-- [ RunTime:0.000689s ]
SQL: SHOW COLUMNS FROM `fc_withdrawals` [ RunTime:0.0038s ]
SQL: SELECT * FROM `fc_withdrawals` WHERE `type` = 1 ORDER BY addtime desc LIMIT 0,20   [ RunTime:0.0006s ]
SQL: SELECT SUM(jine1) AS tp_sum FROM `fc_withdrawals` WHERE `status` = 2 LIMIT 1   [ RunTime:0.0003s ]
SQL: SELECT COUNT(*) AS tp_count FROM `fc_withdrawals` WHERE `type` = 1 LIMIT 1   [ RunTime:0.0002s ]
INFO: [ view_parse ] --START--
INFO: [ template_filter ] --START--
INFO: Run Behavior\ContentReplaceBehavior [ RunTime:0.000079s ]
INFO: [ template_filter ] --END-- [ RunTime:0.000116s ]
NOTIC: [8] Undefined variable: status E:\phpstudy\PHPTutorial\WWW\bipin\Application\Runtime\Cache\Admin\fe6587f42c94700bab02fd8a66091bf5.php 第 64 行.
NOTIC: [8] Undefined variable: status E:\phpstudy\PHPTutorial\WWW\bipin\Application\Runtime\Cache\Admin\fe6587f42c94700bab02fd8a66091bf5.php 第 65 行.
NOTIC: [8] Undefined variable: status E:\phpstudy\PHPTutorial\WWW\bipin\Application\Runtime\Cache\Admin\fe6587f42c94700bab02fd8a66091bf5.php 第 66 行.
NOTIC: [8] Undefined variable: mobile E:\phpstudy\PHPTutorial\WWW\bipin\Application\Runtime\Cache\Admin\fe6587f42c94700bab02fd8a66091bf5.php 第 78 行.
NOTIC: [8] Undefined variable: truename E:\phpstudy\PHPTutorial\WWW\bipin\Application\Runtime\Cache\Admin\fe6587f42c94700bab02fd8a66091bf5.php 第 80 行.
NOTIC: [8] Undefined variable: rr E:\phpstudy\PHPTutorial\WWW\bipin\Application\Runtime\Cache\Admin\fe6587f42c94700bab02fd8a66091bf5.php 第 113 行.
SQL: SHOW COLUMNS FROM `fc_user` [ RunTime:0.0037s ]
SQL: SELECT `truename` FROM `fc_user` WHERE ( user_id='BNkp' ) LIMIT 1   [ RunTime:0.0003s ]
SQL: SELECT `thumb` FROM `fc_user` WHERE ( user_id='BNkp' ) LIMIT 1   [ RunTime:0.0002s ]
SQL: SELECT `mobile` FROM `fc_user` WHERE ( user_id='BNkp' ) LIMIT 1   [ RunTime:0.0002s ]
NOTIC: [8] Undefined variable: rr E:\phpstudy\PHPTutorial\WWW\bipin\Application\Runtime\Cache\Admin\fe6587f42c94700bab02fd8a66091bf5.php 第 113 行.
SQL: SELECT `truename` FROM `fc_user` WHERE ( user_id='BNkp' ) LIMIT 1   [ RunTime:0.0002s ]
SQL: SELECT `thumb` FROM `fc_user` WHERE ( user_id='BNkp' ) LIMIT 1   [ RunTime:0.0001s ]
SQL: SELECT `mobile` FROM `fc_user` WHERE ( user_id='BNkp' ) LIMIT 1   [ RunTime:0.0001s ]
NOTIC: [8] Undefined variable: rr E:\phpstudy\PHPTutorial\WWW\bipin\Application\Runtime\Cache\Admin\fe6587f42c94700bab02fd8a66091bf5.php 第 113 行.
SQL: SELECT `truename` FROM `fc_user` WHERE ( user_id='4anh' ) LIMIT 1   [ RunTime:0.0001s ]
SQL: SELECT `thumb` FROM `fc_user` WHERE ( user_id='4anh' ) LIMIT 1   [ RunTime:0.0002s ]
SQL: SELECT `mobile` FROM `fc_user` WHERE ( user_id='4anh' ) LIMIT 1   [ RunTime:0.0001s ]
NOTIC: [8] Undefined variable: rr E:\phpstudy\PHPTutorial\WWW\bipin\Application\Runtime\Cache\Admin\fe6587f42c94700bab02fd8a66091bf5.php 第 113 行.
SQL: SELECT `truename` FROM `fc_user` WHERE ( user_id='6hAZ' ) LIMIT 1   [ RunTime:0.0001s ]
SQL: SELECT `thumb` FROM `fc_user` WHERE ( user_id='6hAZ' ) LIMIT 1   [ RunTime:0.0001s ]
SQL: SELECT `mobile` FROM `fc_user` WHERE ( user_id='6hAZ' ) LIMIT 1   [ RunTime:0.0001s ]
NOTIC: [8] Undefined variable: rr E:\phpstudy\PHPTutorial\WWW\bipin\Application\Runtime\Cache\Admin\fe6587f42c94700bab02fd8a66091bf5.php 第 113 行.
SQL: SELECT `truename` FROM `fc_user` WHERE ( user_id='J3QF' ) LIMIT 1   [ RunTime:0.0001s ]
SQL: SELECT `thumb` FROM `fc_user` WHERE ( user_id='J3QF' ) LIMIT 1   [ RunTime:0.0001s ]
SQL: SELECT `mobile` FROM `fc_user` WHERE ( user_id='J3QF' ) LIMIT 1   [ RunTime:0.0001s ]
NOTIC: [8] Undefined variable: rr E:\phpstudy\PHPTutorial\WWW\bipin\Application\Runtime\Cache\Admin\fe6587f42c94700bab02fd8a66091bf5.php 第 113 行.
SQL: SELECT `truename` FROM `fc_user` WHERE ( user_id='lPQf' ) LIMIT 1   [ RunTime:0.0002s ]
SQL: SELECT `thumb` FROM `fc_user` WHERE ( user_id='lPQf' ) LIMIT 1   [ RunTime:0.0002s ]
SQL: SELECT `mobile` FROM `fc_user` WHERE ( user_id='lPQf' ) LIMIT 1   [ RunTime:0.0002s ]
NOTIC: [8] Undefined variable: rr E:\phpstudy\PHPTutorial\WWW\bipin\Application\Runtime\Cache\Admin\fe6587f42c94700bab02fd8a66091bf5.php 第 113 行.
SQL: SELECT `truename` FROM `fc_user` WHERE ( user_id='lPQf' ) LIMIT 1   [ RunTime:0.0002s ]
SQL: SELECT `thumb` FROM `fc_user` WHERE ( user_id='lPQf' ) LIMIT 1   [ RunTime:0.0001s ]
SQL: SELECT `mobile` FROM `fc_user` WHERE ( user_id='lPQf' ) LIMIT 1   [ RunTime:0.0001s ]
NOTIC: [8] Undefined variable: rr E:\phpstudy\PHPTutorial\WWW\bipin\Application\Runtime\Cache\Admin\fe6587f42c94700bab02fd8a66091bf5.php 第 113 行.
SQL: SELECT `truename` FROM `fc_user` WHERE ( user_id='lPQf' ) LIMIT 1   [ RunTime:0.0002s ]
SQL: SELECT `thumb` FROM `fc_user` WHERE ( user_id='lPQf' ) LIMIT 1   [ RunTime:0.0002s ]
SQL: SELECT `mobile` FROM `fc_user` WHERE ( user_id='lPQf' ) LIMIT 1   [ RunTime:0.0002s ]
NOTIC: [8] Undefined variable: rr E:\phpstudy\PHPTutorial\WWW\bipin\Application\Runtime\Cache\Admin\fe6587f42c94700bab02fd8a66091bf5.php 第 113 行.
SQL: SELECT `truename` FROM `fc_user` WHERE ( user_id='eq6W' ) LIMIT 1   [ RunTime:0.0001s ]
SQL: SELECT `thumb` FROM `fc_user` WHERE ( user_id='eq6W' ) LIMIT 1   [ RunTime:0.0001s ]
SQL: SELECT `mobile` FROM `fc_user` WHERE ( user_id='eq6W' ) LIMIT 1   [ RunTime:0.0001s ]
NOTIC: [8] Undefined variable: rr E:\phpstudy\PHPTutorial\WWW\bipin\Application\Runtime\Cache\Admin\fe6587f42c94700bab02fd8a66091bf5.php 第 113 行.
SQL: SELECT `truename` FROM `fc_user` WHERE ( user_id='eq6W' ) LIMIT 1   [ RunTime:0.0001s ]
SQL: SELECT `thumb` FROM `fc_user` WHERE ( user_id='eq6W' ) LIMIT 1   [ RunTime:0.0001s ]
SQL: SELECT `mobile` FROM `fc_user` WHERE ( user_id='eq6W' ) LIMIT 1   [ RunTime:0.0002s ]
NOTIC: [8] Undefined variable: rr E:\phpstudy\PHPTutorial\WWW\bipin\Application\Runtime\Cache\Admin\fe6587f42c94700bab02fd8a66091bf5.php 第 113 行.
SQL: SELECT `truename` FROM `fc_user` WHERE ( user_id='I9NS' ) LIMIT 1   [ RunTime:0.0002s ]
SQL: SELECT `thumb` FROM `fc_user` WHERE ( user_id='I9NS' ) LIMIT 1   [ RunTime:0.0002s ]
SQL: SELECT `mobile` FROM `fc_user` WHERE ( user_id='I9NS' ) LIMIT 1   [ RunTime:0.0001s ]
INFO: Run Behavior\ParseTemplateBehavior [ RunTime:0.039864s ]
INFO: [ view_parse ] --END-- [ RunTime:0.039904s ]
INFO: [ view_filter ] --START--
INFO: Run Behavior\WriteHtmlCacheBehavior [ RunTime:0.000505s ]
INFO: [ view_filter ] --END-- [ RunTime:0.000533s ]
INFO: [ app_end ] --START--
INFO: Run Behavior\ShowPageTraceBehavior [ RunTime:0.000688s ]
INFO: [ app_end ] --END-- [ RunTime:0.000725s ]

[ 2018-08-24T18:18:18+08:00 ] 127.0.0.1 /bipin/index.php/Admin
INFO: [ app_init ] --START--
INFO: Run Behavior\BuildLiteBehavior [ RunTime:0.000011s ]
INFO: [ app_init ] --END-- [ RunTime:0.000426s ]
INFO: [ app_begin ] --START--
INFO: Run Behavior\ReadHtmlCacheBehavior [ RunTime:0.000715s ]
INFO: [ app_begin ] --END-- [ RunTime:0.000768s ]
INFO: [ view_parse ] --START--
INFO: [ template_filter ] --START--
INFO: Run Behavior\ContentReplaceBehavior [ RunTime:0.000276s ]
INFO: [ template_filter ] --END-- [ RunTime:0.000325s ]
INFO: Run Behavior\ParseTemplateBehavior [ RunTime:0.011786s ]
INFO: [ view_parse ] --END-- [ RunTime:0.011830s ]
INFO: [ view_filter ] --START--
INFO: Run Behavior\WriteHtmlCacheBehavior [ RunTime:0.000523s ]
INFO: [ view_filter ] --END-- [ RunTime:0.000549s ]
INFO: [ app_end ] --START--
INFO: Run Behavior\ShowPageTraceBehavior [ RunTime:0.000759s ]
INFO: [ app_end ] --END-- [ RunTime:0.000797s ]

[ 2018-08-24T18:18:20+08:00 ] 127.0.0.1 /bipin/index.php/Admin
INFO: [ app_init ] --START--
INFO: Run Behavior\BuildLiteBehavior [ RunTime:0.000013s ]
INFO: [ app_init ] --END-- [ RunTime:0.000477s ]
INFO: [ app_begin ] --START--
INFO: Run Behavior\ReadHtmlCacheBehavior [ RunTime:0.000753s ]
INFO: [ app_begin ] --END-- [ RunTime:0.000806s ]
INFO: [ view_parse ] --START--
INFO: [ template_filter ] --START--
INFO: Run Behavior\ContentReplaceBehavior [ RunTime:0.000275s ]
INFO: [ template_filter ] --END-- [ RunTime:0.000325s ]
INFO: Run Behavior\ParseTemplateBehavior [ RunTime:0.013249s ]
INFO: [ view_parse ] --END-- [ RunTime:0.013301s ]
INFO: [ view_filter ] --START--
INFO: Run Behavior\WriteHtmlCacheBehavior [ RunTime:0.000554s ]
INFO: [ view_filter ] --END-- [ RunTime:0.000586s ]
INFO: [ app_end ] --START--
INFO: Run Behavior\ShowPageTraceBehavior [ RunTime:0.001340s ]
INFO: [ app_end ] --END-- [ RunTime:0.001436s ]

[ 2018-08-24T18:18:21+08:00 ] 127.0.0.1 /bipin/index.php?m=admin&c=news&a=qupu
INFO: [ app_init ] --START--
INFO: Run Behavior\BuildLiteBehavior [ RunTime:0.000017s ]
INFO: [ app_init ] --END-- [ RunTime:0.001041s ]
INFO: [ app_begin ] --START--
INFO: Run Behavior\ReadHtmlCacheBehavior [ RunTime:0.000740s ]
INFO: [ app_begin ] --END-- [ RunTime:0.000814s ]
SQL: SHOW COLUMNS FROM `fc_types` [ RunTime:0.0055s ]
SQL: SELECT * FROM `fc_types` WHERE `type` = 1  [ RunTime:0.0012s ]
SQL: SELECT * FROM `fc_types` WHERE ( type=3 )  [ RunTime:0.0002s ]
NOTIC: [8] Undefined index: news_title E:\phpstudy\PHPTutorial\WWW\bipin\Application\Admin\Controller\NewsController.class.php 第 424 行.
NOTIC: [8] Undefined index: yonghu E:\phpstudy\PHPTutorial\WWW\bipin\Application\Admin\Controller\NewsController.class.php 第 429 行.
NOTIC: [8] Undefined index: type1 E:\phpstudy\PHPTutorial\WWW\bipin\Application\Admin\Controller\NewsController.class.php 第 435 行.
NOTIC: [8] Undefined index: type2 E:\phpstudy\PHPTutorial\WWW\bipin\Application\Admin\Controller\NewsController.class.php 第 440 行.
SQL: SHOW COLUMNS FROM `fc_workss` [ RunTime:0.0037s ]
NOTIC: [8] Undefined index: limit E:\phpstudy\PHPTutorial\WWW\bipin\ThinkPHP\Library\Think\Db\Driver.class.php 第 950 行.
SQL: SELECT * FROM `fc_workss` WHERE `fenlei` = 2 ORDER BY toop desc LIMIT 0,20   [ RunTime:0.0007s ]
SQL: SELECT COUNT(*) AS tp_count FROM `fc_workss` WHERE `fenlei` = 2 LIMIT 1   [ RunTime:0.0002s ]
INFO: [ view_parse ] --START--
INFO: [ template_filter ] --START--
INFO: Run Behavior\ContentReplaceBehavior [ RunTime:0.000130s ]
INFO: [ template_filter ] --END-- [ RunTime:0.000166s ]
NOTIC: [8] Undefined variable: news_title E:\phpstudy\PHPTutorial\WWW\bipin\Application\Runtime\Cache\Admin\2230278e758b04ad4a1ab9c5c3aecf4c.php 第 73 行.
NOTIC: [8] Undefined variable: level E:\phpstudy\PHPTutorial\WWW\bipin\Application\Runtime\Cache\Admin\2230278e758b04ad4a1ab9c5c3aecf4c.php 第 77 行.
NOTIC: [8] Undefined variable: level2 E:\phpstudy\PHPTutorial\WWW\bipin\Application\Runtime\Cache\Admin\2230278e758b04ad4a1ab9c5c3aecf4c.php 第 84 行.
NOTIC: [8] Undefined variable: types E:\phpstudy\PHPTutorial\WWW\bipin\Application\Runtime\Cache\Admin\2230278e758b04ad4a1ab9c5c3aecf4c.php 第 109 行.
NOTIC: [8] Undefined variable: yonghu E:\phpstudy\PHPTutorial\WWW\bipin\Application\Runtime\Cache\Admin\2230278e758b04ad4a1ab9c5c3aecf4c.php 第 123 行.
SQL: SELECT `type_name` FROM `fc_types` WHERE ( id='18' ) LIMIT 1   [ RunTime:0.0004s ]
SQL: SELECT `type_name` FROM `fc_types` WHERE ( id='25' ) LIMIT 1   [ RunTime:0.0002s ]
SQL: SELECT `type_name` FROM `fc_types` WHERE ( id='3' ) LIMIT 1   [ RunTime:0.0001s ]
SQL: SELECT `type_name` FROM `fc_types` WHERE ( id='16' ) LIMIT 1   [ RunTime:0.0001s ]
SQL: SELECT `type_name` FROM `fc_types` WHERE ( id='23' ) LIMIT 1   [ RunTime:0.0001s ]
SQL: SELECT `type_name` FROM `fc_types` WHERE ( id='3' ) LIMIT 1   [ RunTime:0.0002s ]
SQL: SELECT `type_name` FROM `fc_types` WHERE ( id='1' ) LIMIT 1   [ RunTime:0.0001s ]
SQL: SELECT `type_name` FROM `fc_types` WHERE ( id='2' ) LIMIT 1   [ RunTime:0.0001s ]
SQL: SELECT `type_name` FROM `fc_types` WHERE ( id='6' ) LIMIT 1   [ RunTime:0.0001s ]
SQL: SELECT `type_name` FROM `fc_types` WHERE ( id='1' ) LIMIT 1   [ RunTime:0.0001s ]
SQL: SELECT `type_name` FROM `fc_types` WHERE ( id='2' ) LIMIT 1   [ RunTime:0.0001s ]
SQL: SELECT `type_name` FROM `fc_types` WHERE ( id='6' ) LIMIT 1   [ RunTime:0.0001s ]
NOTIC: [8] Undefined variable: user E:\phpstudy\PHPTutorial\WWW\bipin\Application\Runtime\Cache\Admin\2230278e758b04ad4a1ab9c5c3aecf4c.php 第 189 行.
SQL: SHOW COLUMNS FROM `fc_user` [ RunTime:0.0047s ]
SQL: SELECT `username` FROM `fc_user` WHERE ( user_id='N85g' ) LIMIT 1   [ RunTime:0.0003s ]
SQL: SELECT `thumb` FROM `fc_user` WHERE ( user_id='N85g' ) LIMIT 1   [ RunTime:0.0002s ]
SQL: SELECT `type_name` FROM `fc_types` WHERE ( id='1' ) LIMIT 1   [ RunTime:0.0002s ]
SQL: SELECT `type_name` FROM `fc_types` WHERE ( id='2' ) LIMIT 1   [ RunTime:0.0001s ]
SQL: SELECT `type_name` FROM `fc_types` WHERE ( id='3' ) LIMIT 1   [ RunTime:0.0002s ]
NOTIC: [8] Undefined variable: user E:\phpstudy\PHPTutorial\WWW\bipin\Application\Runtime\Cache\Admin\2230278e758b04ad4a1ab9c5c3aecf4c.php 第 189 行.
SQL: SELECT `username` FROM `fc_user` WHERE ( user_id='I9NS' ) LIMIT 1   [ RunTime:0.0003s ]
SQL: SELECT `thumb` FROM `fc_user` WHERE ( user_id='I9NS' ) LIMIT 1   [ RunTime:0.0003s ]
SQL: SELECT `type_name` FROM `fc_types` WHERE ( id='1' ) LIMIT 1   [ RunTime:0.0002s ]
SQL: SELECT `type_name` FROM `fc_types` WHERE ( id='2' ) LIMIT 1   [ RunTime:0.0002s ]
SQL: SELECT `type_name` FROM `fc_types` WHERE ( id='3' ) LIMIT 1   [ RunTime:0.0002s ]
NOTIC: [8] Undefined variable: user E:\phpstudy\PHPTutorial\WWW\bipin\Application\Runtime\Cache\Admin\2230278e758b04ad4a1ab9c5c3aecf4c.php 第 189 行.
SQL: SELECT `username` FROM `fc_user` WHERE ( user_id='I9NS' ) LIMIT 1   [ RunTime:0.0002s ]
SQL: SELECT `thumb` FROM `fc_user` WHERE ( user_id='I9NS' ) LIMIT 1   [ RunTime:0.0003s ]
SQL: SELECT `type_name` FROM `fc_types` WHERE ( id='1' ) LIMIT 1   [ RunTime:0.0002s ]
SQL: SELECT `type_name` FROM `fc_types` WHERE ( id='2' ) LIMIT 1   [ RunTime:0.0001s ]
SQL: SELECT `type_name` FROM `fc_types` WHERE ( id='3' ) LIMIT 1   [ RunTime:0.0001s ]
NOTIC: [8] Undefined variable: user E:\phpstudy\PHPTutorial\WWW\bipin\Application\Runtime\Cache\Admin\2230278e758b04ad4a1ab9c5c3aecf4c.php 第 189 行.
SQL: SELECT `username` FROM `fc_user` WHERE ( user_id='lPQf' ) LIMIT 1   [ RunTime:0.0002s ]
SQL: SELECT `thumb` FROM `fc_user` WHERE ( user_id='lPQf' ) LIMIT 1   [ RunTime:0.0001s ]
SQL: SELECT `type_name` FROM `fc_types` WHERE ( id='16' ) LIMIT 1   [ RunTime:0.0001s ]
SQL: SELECT `type_name` FROM `fc_types` WHERE ( id='23' ) LIMIT 1   [ RunTime:0.0002s ]
SQL: SELECT `type_name` FROM `fc_types` WHERE ( id='3' ) LIMIT 1   [ RunTime:0.0001s ]
NOTIC: [8] Undefined variable: user E:\phpstudy\PHPTutorial\WWW\bipin\Application\Runtime\Cache\Admin\2230278e758b04ad4a1ab9c5c3aecf4c.php 第 189 行.
SQL: SELECT `username` FROM `fc_user` WHERE ( user_id='J3QF' ) LIMIT 1   [ RunTime:0.0001s ]
SQL: SELECT `thumb` FROM `fc_user` WHERE ( user_id='J3QF' ) LIMIT 1   [ RunTime:0.0001s ]
SQL: SELECT `type_name` FROM `fc_types` WHERE ( id='16' ) LIMIT 1   [ RunTime:0.0001s ]
SQL: SELECT `type_name` FROM `fc_types` WHERE ( id='23' ) LIMIT 1   [ RunTime:0.0001s ]
SQL: SELECT `type_name` FROM `fc_types` WHERE ( id='3' ) LIMIT 1   [ RunTime:0.0001s ]
NOTIC: [8] Undefined variable: user E:\phpstudy\PHPTutorial\WWW\bipin\Application\Runtime\Cache\Admin\2230278e758b04ad4a1ab9c5c3aecf4c.php 第 189 行.
SQL: SELECT `username` FROM `fc_user` WHERE ( user_id='4anh' ) LIMIT 1   [ RunTime:0.0001s ]
SQL: SELECT `thumb` FROM `fc_user` WHERE ( user_id='4anh' ) LIMIT 1   [ RunTime:0.0001s ]
SQL: SELECT `type_name` FROM `fc_types` WHERE ( id='16' ) LIMIT 1   [ RunTime:0.0002s ]
SQL: SELECT `type_name` FROM `fc_types` WHERE ( id='20' ) LIMIT 1   [ RunTime:0.0002s ]
SQL: SELECT `type_name` FROM `fc_types` WHERE ( id='3' ) LIMIT 1   [ RunTime:0.0001s ]
NOTIC: [8] Undefined variable: user E:\phpstudy\PHPTutorial\WWW\bipin\Application\Runtime\Cache\Admin\2230278e758b04ad4a1ab9c5c3aecf4c.php 第 189 行.
SQL: SELECT `username` FROM `fc_user` WHERE ( user_id='6hAZ' ) LIMIT 1   [ RunTime:0.0002s ]
SQL: SELECT `thumb` FROM `fc_user` WHERE ( user_id='6hAZ' ) LIMIT 1   [ RunTime:0.0001s ]
SQL: SELECT `type_name` FROM `fc_types` WHERE ( id='16' ) LIMIT 1   [ RunTime:0.0002s ]
SQL: SELECT `type_name` FROM `fc_types` WHERE ( id='20' ) LIMIT 1   [ RunTime:0.0001s ]
SQL: SELECT `type_name` FROM `fc_types` WHERE ( id='3' ) LIMIT 1   [ RunTime:0.0001s ]
NOTIC: [8] Undefined variable: user E:\phpstudy\PHPTutorial\WWW\bipin\Application\Runtime\Cache\Admin\2230278e758b04ad4a1ab9c5c3aecf4c.php 第 189 行.
SQL: SELECT `username` FROM `fc_user` WHERE ( user_id='4anh' ) LIMIT 1   [ RunTime:0.0001s ]
SQL: SELECT `thumb` FROM `fc_user` WHERE ( user_id='4anh' ) LIMIT 1   [ RunTime:0.0002s ]
SQL: SELECT `type_name` FROM `fc_types` WHERE ( id='16' ) LIMIT 1   [ RunTime:0.0001s ]
SQL: SELECT `type_name` FROM `fc_types` WHERE ( id='20' ) LIMIT 1   [ RunTime:0.0001s ]
SQL: SELECT `type_name` FROM `fc_types` WHERE ( id='3' ) LIMIT 1   [ RunTime:0.0001s ]
NOTIC: [8] Undefined variable: user E:\phpstudy\PHPTutorial\WWW\bipin\Application\Runtime\Cache\Admin\2230278e758b04ad4a1ab9c5c3aecf4c.php 第 189 行.
SQL: SELECT `username` FROM `fc_user` WHERE ( user_id='4anh' ) LIMIT 1   [ RunTime:0.0001s ]
SQL: SELECT `thumb` FROM `fc_user` WHERE ( user_id='4anh' ) LIMIT 1   [ RunTime:0.0001s ]
SQL: SELECT `type_name` FROM `fc_types` WHERE ( id='16' ) LIMIT 1   [ RunTime:0.0001s ]
SQL: SELECT `type_name` FROM `fc_types` WHERE ( id='20' ) LIMIT 1   [ RunTime:0.0001s ]
SQL: SELECT `type_name` FROM `fc_types` WHERE ( id='3' ) LIMIT 1   [ RunTime:0.0001s ]
NOTIC: [8] Undefined variable: user E:\phpstudy\PHPTutorial\WWW\bipin\Application\Runtime\Cache\Admin\2230278e758b04ad4a1ab9c5c3aecf4c.php 第 189 行.
SQL: SELECT `username` FROM `fc_user` WHERE ( user_id='4anh' ) LIMIT 1   [ RunTime:0.0001s ]
SQL: SELECT `thumb` FROM `fc_user` WHERE ( user_id='4anh' ) LIMIT 1   [ RunTime:0.0001s ]
SQL: SELECT `type_name` FROM `fc_types` WHERE ( id='16' ) LIMIT 1   [ RunTime:0.0001s ]
SQL: SELECT `type_name` FROM `fc_types` WHERE ( id='20' ) LIMIT 1   [ RunTime:0.0001s ]
SQL: SELECT `type_name` FROM `fc_types` WHERE ( id='3' ) LIMIT 1   [ RunTime:0.0001s ]
NOTIC: [8] Undefined variable: user E:\phpstudy\PHPTutorial\WWW\bipin\Application\Runtime\Cache\Admin\2230278e758b04ad4a1ab9c5c3aecf4c.php 第 189 行.
SQL: SELECT `username` FROM `fc_user` WHERE ( user_id='J3QF' ) LIMIT 1   [ RunTime:0.0002s ]
SQL: SELECT `thumb` FROM `fc_user` WHERE ( user_id='J3QF' ) LIMIT 1   [ RunTime:0.0001s ]
SQL: SELECT `type_name` FROM `fc_types` WHERE ( id='16' ) LIMIT 1   [ RunTime:0.0001s ]
SQL: SELECT `type_name` FROM `fc_types` WHERE ( id='19' ) LIMIT 1   [ RunTime:0.0001s ]
SQL: SELECT `type_name` FROM `fc_types` WHERE ( id='3' ) LIMIT 1   [ RunTime:0.0001s ]
NOTIC: [8] Undefined variable: user E:\phpstudy\PHPTutorial\WWW\bipin\Application\Runtime\Cache\Admin\2230278e758b04ad4a1ab9c5c3aecf4c.php 第 189 行.
SQL: SELECT `username` FROM `fc_user` WHERE ( user_id='BNkp' ) LIMIT 1   [ RunTime:0.0002s ]
SQL: SELECT `thumb` FROM `fc_user` WHERE ( user_id='BNkp' ) LIMIT 1   [ RunTime:0.0002s ]
SQL: SELECT `type_name` FROM `fc_types` WHERE ( id='16' ) LIMIT 1   [ RunTime:0.0003s ]
SQL: SELECT `type_name` FROM `fc_types` WHERE ( id='19' ) LIMIT 1   [ RunTime:0.0001s ]
SQL: SELECT `type_name` FROM `fc_types` WHERE ( id='3' ) LIMIT 1   [ RunTime:0.0001s ]
NOTIC: [8] Undefined variable: user E:\phpstudy\PHPTutorial\WWW\bipin\Application\Runtime\Cache\Admin\2230278e758b04ad4a1ab9c5c3aecf4c.php 第 189 行.
SQL: SELECT `username` FROM `fc_user` WHERE ( user_id='4anh' ) LIMIT 1   [ RunTime:0.0002s ]
SQL: SELECT `thumb` FROM `fc_user` WHERE ( user_id='4anh' ) LIMIT 1   [ RunTime:0.0002s ]
SQL: SELECT `type_name` FROM `fc_types` WHERE ( id='36' ) LIMIT 1   [ RunTime:0.0002s ]
SQL: SELECT `type_name` FROM `fc_types` WHERE ( id='37' ) LIMIT 1   [ RunTime:0.0001s ]
SQL: SELECT `type_name` FROM `fc_types` WHERE ( id='3' ) LIMIT 1   [ RunTime:0.0001s ]
INFO: Run Behavior\ParseTemplateBehavior [ RunTime:0.038431s ]
INFO: [ view_parse ] --END-- [ RunTime:0.038463s ]
INFO: [ view_filter ] --START--
INFO: Run Behavior\WriteHtmlCacheBehavior [ RunTime:0.000672s ]
INFO: [ view_filter ] --END-- [ RunTime:0.000704s ]
INFO: [ app_end ] --START--
INFO: Run Behavior\ShowPageTraceBehavior [ RunTime:0.000961s ]
INFO: [ app_end ] --END-- [ RunTime:0.001028s ]

[ 2018-08-24T18:30:02+08:00 ] 127.0.0.1 /bipin/index.php/Admin
INFO: [ app_init ] --START--
INFO: Run Behavior\BuildLiteBehavior [ RunTime:0.000016s ]
INFO: [ app_init ] --END-- [ RunTime:0.001070s ]
INFO: [ app_begin ] --START--
INFO: Run Behavior\ReadHtmlCacheBehavior [ RunTime:0.000561s ]
INFO: [ app_begin ] --END-- [ RunTime:0.000606s ]
INFO: [ view_parse ] --START--
INFO: [ template_filter ] --START--
INFO: Run Behavior\ContentReplaceBehavior [ RunTime:0.000269s ]
INFO: [ template_filter ] --END-- [ RunTime:0.000308s ]
INFO: Run Behavior\ParseTemplateBehavior [ RunTime:0.009811s ]
INFO: [ view_parse ] --END-- [ RunTime:0.009844s ]
INFO: [ view_filter ] --START--
INFO: Run Behavior\WriteHtmlCacheBehavior [ RunTime:0.000317s ]
INFO: [ view_filter ] --END-- [ RunTime:0.000342s ]
INFO: [ app_end ] --START--
INFO: Run Behavior\ShowPageTraceBehavior [ RunTime:0.000704s ]
INFO: [ app_end ] --END-- [ RunTime:0.000746s ]

[ 2018-08-24T18:30:02+08:00 ] 127.0.0.1 /bipin/index.php/Admin
INFO: [ app_init ] --START--
INFO: Run Behavior\BuildLiteBehavior [ RunTime:0.000011s ]
INFO: [ app_init ] --END-- [ RunTime:0.000295s ]
INFO: [ app_begin ] --START--
INFO: Run Behavior\ReadHtmlCacheBehavior [ RunTime:0.000434s ]
INFO: [ app_begin ] --END-- [ RunTime:0.000479s ]
INFO: [ view_parse ] --START--
INFO: [ template_filter ] --START--
INFO: Run Behavior\ContentReplaceBehavior [ RunTime:0.000267s ]
INFO: [ template_filter ] --END-- [ RunTime:0.000321s ]
INFO: Run Behavior\ParseTemplateBehavior [ RunTime:0.010262s ]
INFO: [ view_parse ] --END-- [ RunTime:0.010382s ]
INFO: [ view_filter ] --START--
INFO: Run Behavior\WriteHtmlCacheBehavior [ RunTime:0.000763s ]
INFO: [ view_filter ] --END-- [ RunTime:0.000805s ]
INFO: [ app_end ] --START--
INFO: Run Behavior\ShowPageTraceBehavior [ RunTime:0.000639s ]
INFO: [ app_end ] --END-- [ RunTime:0.000701s ]

[ 2018-08-24T18:30:03+08:00 ] 127.0.0.1 /bipin/index.php?m=admin&c=news&a=qupu
INFO: [ app_init ] --START--
INFO: Run Behavior\BuildLiteBehavior [ RunTime:0.000019s ]
INFO: [ app_init ] --END-- [ RunTime:0.000616s ]
INFO: [ app_begin ] --START--
INFO: Run Behavior\ReadHtmlCacheBehavior [ RunTime:0.000686s ]
INFO: [ app_begin ] --END-- [ RunTime:0.000771s ]
SQL: SHOW COLUMNS FROM `fc_types` [ RunTime:0.0081s ]
SQL: SELECT * FROM `fc_types` WHERE `type` = 1  [ RunTime:0.0004s ]
SQL: SELECT * FROM `fc_types` WHERE ( type=3 )  [ RunTime:0.0003s ]
NOTIC: [8] Undefined index: news_title E:\phpstudy\PHPTutorial\WWW\bipin\Application\Admin\Controller\NewsController.class.php 第 424 行.
NOTIC: [8] Undefined index: yonghu E:\phpstudy\PHPTutorial\WWW\bipin\Application\Admin\Controller\NewsController.class.php 第 429 行.
NOTIC: [8] Undefined index: type1 E:\phpstudy\PHPTutorial\WWW\bipin\Application\Admin\Controller\NewsController.class.php 第 435 行.
NOTIC: [8] Undefined index: type2 E:\phpstudy\PHPTutorial\WWW\bipin\Application\Admin\Controller\NewsController.class.php 第 440 行.
SQL: SHOW COLUMNS FROM `fc_workss` [ RunTime:0.0064s ]
NOTIC: [8] Undefined index: limit E:\phpstudy\PHPTutorial\WWW\bipin\ThinkPHP\Library\Think\Db\Driver.class.php 第 950 行.
SQL: SELECT * FROM `fc_workss` WHERE `fenlei` = 2 ORDER BY toop desc LIMIT 0,20   [ RunTime:0.0007s ]
SQL: SELECT COUNT(*) AS tp_count FROM `fc_workss` WHERE `fenlei` = 2 LIMIT 1   [ RunTime:0.0003s ]
INFO: [ view_parse ] --START--
INFO: [ template_filter ] --START--
INFO: Run Behavior\ContentReplaceBehavior [ RunTime:0.000120s ]
INFO: [ template_filter ] --END-- [ RunTime:0.000154s ]
NOTIC: [8] Undefined variable: news_title E:\phpstudy\PHPTutorial\WWW\bipin\Application\Runtime\Cache\Admin\2230278e758b04ad4a1ab9c5c3aecf4c.php 第 73 行.
NOTIC: [8] Undefined variable: level E:\phpstudy\PHPTutorial\WWW\bipin\Application\Runtime\Cache\Admin\2230278e758b04ad4a1ab9c5c3aecf4c.php 第 77 行.
NOTIC: [8] Undefined variable: level2 E:\phpstudy\PHPTutorial\WWW\bipin\Application\Runtime\Cache\Admin\2230278e758b04ad4a1ab9c5c3aecf4c.php 第 84 行.
NOTIC: [8] Undefined variable: types E:\phpstudy\PHPTutorial\WWW\bipin\Application\Runtime\Cache\Admin\2230278e758b04ad4a1ab9c5c3aecf4c.php 第 109 行.
NOTIC: [8] Undefined variable: yonghu E:\phpstudy\PHPTutorial\WWW\bipin\Application\Runtime\Cache\Admin\2230278e758b04ad4a1ab9c5c3aecf4c.php 第 123 行.
SQL: SELECT `type_name` FROM `fc_types` WHERE ( id='18' ) LIMIT 1   [ RunTime:0.0007s ]
SQL: SELECT `type_name` FROM `fc_types` WHERE ( id='25' ) LIMIT 1   [ RunTime:0.0003s ]
SQL: SELECT `type_name` FROM `fc_types` WHERE ( id='3' ) LIMIT 1   [ RunTime:0.0002s ]
SQL: SELECT `type_name` FROM `fc_types` WHERE ( id='16' ) LIMIT 1   [ RunTime:0.0002s ]
SQL: SELECT `type_name` FROM `fc_types` WHERE ( id='23' ) LIMIT 1   [ RunTime:0.0003s ]
SQL: SELECT `type_name` FROM `fc_types` WHERE ( id='3' ) LIMIT 1   [ RunTime:0.0002s ]
SQL: SELECT `type_name` FROM `fc_types` WHERE ( id='1' ) LIMIT 1   [ RunTime:0.0004s ]
SQL: SELECT `type_name` FROM `fc_types` WHERE ( id='2' ) LIMIT 1   [ RunTime:0.0003s ]
SQL: SELECT `type_name` FROM `fc_types` WHERE ( id='6' ) LIMIT 1   [ RunTime:0.0004s ]
SQL: SELECT `type_name` FROM `fc_types` WHERE ( id='1' ) LIMIT 1   [ RunTime:0.0003s ]
SQL: SELECT `type_name` FROM `fc_types` WHERE ( id='2' ) LIMIT 1   [ RunTime:0.0002s ]
SQL: SELECT `type_name` FROM `fc_types` WHERE ( id='6' ) LIMIT 1   [ RunTime:0.0002s ]
NOTIC: [8] Undefined variable: user E:\phpstudy\PHPTutorial\WWW\bipin\Application\Runtime\Cache\Admin\2230278e758b04ad4a1ab9c5c3aecf4c.php 第 189 行.
SQL: SHOW COLUMNS FROM `fc_user` [ RunTime:0.0065s ]
SQL: SELECT `username` FROM `fc_user` WHERE ( user_id='N85g' ) LIMIT 1   [ RunTime:0.0003s ]
SQL: SELECT `thumb` FROM `fc_user` WHERE ( user_id='N85g' ) LIMIT 1   [ RunTime:0.0002s ]
SQL: SELECT `type_name` FROM `fc_types` WHERE ( id='1' ) LIMIT 1   [ RunTime:0.0002s ]
SQL: SELECT `type_name` FROM `fc_types` WHERE ( id='2' ) LIMIT 1   [ RunTime:0.0002s ]
SQL: SELECT `type_name` FROM `fc_types` WHERE ( id='3' ) LIMIT 1   [ RunTime:0.0002s ]
NOTIC: [8] Undefined variable: user E:\phpstudy\PHPTutorial\WWW\bipin\Application\Runtime\Cache\Admin\2230278e758b04ad4a1ab9c5c3aecf4c.php 第 189 行.
SQL: SELECT `username` FROM `fc_user` WHERE ( user_id='I9NS' ) LIMIT 1   [ RunTime:0.0002s ]
SQL: SELECT `thumb` FROM `fc_user` WHERE ( user_id='I9NS' ) LIMIT 1   [ RunTime:0.0002s ]
SQL: SELECT `type_name` FROM `fc_types` WHERE ( id='1' ) LIMIT 1   [ RunTime:0.0002s ]
SQL: SELECT `type_name` FROM `fc_types` WHERE ( id='2' ) LIMIT 1   [ RunTime:0.0002s ]
SQL: SELECT `type_name` FROM `fc_types` WHERE ( id='3' ) LIMIT 1   [ RunTime:0.0002s ]
NOTIC: [8] Undefined variable: user E:\phpstudy\PHPTutorial\WWW\bipin\Application\Runtime\Cache\Admin\2230278e758b04ad4a1ab9c5c3aecf4c.php 第 189 行.
SQL: SELECT `username` FROM `fc_user` WHERE ( user_id='I9NS' ) LIMIT 1   [ RunTime:0.0003s ]
SQL: SELECT `thumb` FROM `fc_user` WHERE ( user_id='I9NS' ) LIMIT 1   [ RunTime:0.0002s ]
SQL: SELECT `type_name` FROM `fc_types` WHERE ( id='1' ) LIMIT 1   [ RunTime:0.0002s ]
SQL: SELECT `type_name` FROM `fc_types` WHERE ( id='2' ) LIMIT 1   [ RunTime:0.0003s ]
SQL: SELECT `type_name` FROM `fc_types` WHERE ( id='3' ) LIMIT 1   [ RunTime:0.0003s ]
NOTIC: [8] Undefined variable: user E:\phpstudy\PHPTutorial\WWW\bipin\Application\Runtime\Cache\Admin\2230278e758b04ad4a1ab9c5c3aecf4c.php 第 189 行.
SQL: SELECT `username` FROM `fc_user` WHERE ( user_id='lPQf' ) LIMIT 1   [ RunTime:0.0005s ]
SQL: SELECT `thumb` FROM `fc_user` WHERE ( user_id='lPQf' ) LIMIT 1   [ RunTime:0.0003s ]
SQL: SELECT `type_name` FROM `fc_types` WHERE ( id='16' ) LIMIT 1   [ RunTime:0.0003s ]
SQL: SELECT `type_name` FROM `fc_types` WHERE ( id='23' ) LIMIT 1   [ RunTime:0.0003s ]
SQL: SELECT `type_name` FROM `fc_types` WHERE ( id='3' ) LIMIT 1   [ RunTime:0.0002s ]
NOTIC: [8] Undefined variable: user E:\phpstudy\PHPTutorial\WWW\bipin\Application\Runtime\Cache\Admin\2230278e758b04ad4a1ab9c5c3aecf4c.php 第 189 行.
SQL: SELECT `username` FROM `fc_user` WHERE ( user_id='J3QF' ) LIMIT 1   [ RunTime:0.0004s ]
SQL: SELECT `thumb` FROM `fc_user` WHERE ( user_id='J3QF' ) LIMIT 1   [ RunTime:0.0004s ]
SQL: SELECT `type_name` FROM `fc_types` WHERE ( id='16' ) LIMIT 1   [ RunTime:0.0003s ]
SQL: SELECT `type_name` FROM `fc_types` WHERE ( id='23' ) LIMIT 1   [ RunTime:0.0002s ]
SQL: SELECT `type_name` FROM `fc_types` WHERE ( id='3' ) LIMIT 1   [ RunTime:0.0002s ]
NOTIC: [8] Undefined variable: user E:\phpstudy\PHPTutorial\WWW\bipin\Application\Runtime\Cache\Admin\2230278e758b04ad4a1ab9c5c3aecf4c.php 第 189 行.
SQL: SELECT `username` FROM `fc_user` WHERE ( user_id='4anh' ) LIMIT 1   [ RunTime:0.0002s ]
SQL: SELECT `thumb` FROM `fc_user` WHERE ( user_id='4anh' ) LIMIT 1   [ RunTime:0.0002s ]
SQL: SELECT `type_name` FROM `fc_types` WHERE ( id='16' ) LIMIT 1   [ RunTime:0.0002s ]
SQL: SELECT `type_name` FROM `fc_types` WHERE ( id='20' ) LIMIT 1   [ RunTime:0.0002s ]
SQL: SELECT `type_name` FROM `fc_types` WHERE ( id='3' ) LIMIT 1   [ RunTime:0.0002s ]
NOTIC: [8] Undefined variable: user E:\phpstudy\PHPTutorial\WWW\bipin\Application\Runtime\Cache\Admin\2230278e758b04ad4a1ab9c5c3aecf4c.php 第 189 行.
SQL: SELECT `username` FROM `fc_user` WHERE ( user_id='6hAZ' ) LIMIT 1   [ RunTime:0.0002s ]
SQL: SELECT `thumb` FROM `fc_user` WHERE ( user_id='6hAZ' ) LIMIT 1   [ RunTime:0.0002s ]
SQL: SELECT `type_name` FROM `fc_types` WHERE ( id='16' ) LIMIT 1   [ RunTime:0.0002s ]
SQL: SELECT `type_name` FROM `fc_types` WHERE ( id='20' ) LIMIT 1   [ RunTime:0.0002s ]
SQL: SELECT `type_name` FROM `fc_types` WHERE ( id='3' ) LIMIT 1   [ RunTime:0.0002s ]
NOTIC: [8] Undefined variable: user E:\phpstudy\PHPTutorial\WWW\bipin\Application\Runtime\Cache\Admin\2230278e758b04ad4a1ab9c5c3aecf4c.php 第 189 行.
SQL: SELECT `username` FROM `fc_user` WHERE ( user_id='4anh' ) LIMIT 1   [ RunTime:0.0002s ]
SQL: SELECT `thumb` FROM `fc_user` WHERE ( user_id='4anh' ) LIMIT 1   [ RunTime:0.0002s ]
SQL: SELECT `type_name` FROM `fc_types` WHERE ( id='16' ) LIMIT 1   [ RunTime:0.0002s ]
SQL: SELECT `type_name` FROM `fc_types` WHERE ( id='20' ) LIMIT 1   [ RunTime:0.0002s ]
SQL: SELECT `type_name` FROM `fc_types` WHERE ( id='3' ) LIMIT 1   [ RunTime:0.0002s ]
NOTIC: [8] Undefined variable: user E:\phpstudy\PHPTutorial\WWW\bipin\Application\Runtime\Cache\Admin\2230278e758b04ad4a1ab9c5c3aecf4c.php 第 189 行.
SQL: SELECT `username` FROM `fc_user` WHERE ( user_id='4anh' ) LIMIT 1   [ RunTime:0.0002s ]
SQL: SELECT `thumb` FROM `fc_user` WHERE ( user_id='4anh' ) LIMIT 1   [ RunTime:0.0002s ]
SQL: SELECT `type_name` FROM `fc_types` WHERE ( id='16' ) LIMIT 1   [ RunTime:0.0002s ]
SQL: SELECT `type_name` FROM `fc_types` WHERE ( id='20' ) LIMIT 1   [ RunTime:0.0002s ]
SQL: SELECT `type_name` FROM `fc_types` WHERE ( id='3' ) LIMIT 1   [ RunTime:0.0002s ]
NOTIC: [8] Undefined variable: user E:\phpstudy\PHPTutorial\WWW\bipin\Application\Runtime\Cache\Admin\2230278e758b04ad4a1ab9c5c3aecf4c.php 第 189 行.
SQL: SELECT `username` FROM `fc_user` WHERE ( user_id='4anh' ) LIMIT 1   [ RunTime:0.0002s ]
SQL: SELECT `thumb` FROM `fc_user` WHERE ( user_id='4anh' ) LIMIT 1   [ RunTime:0.0002s ]
SQL: SELECT `type_name` FROM `fc_types` WHERE ( id='16' ) LIMIT 1   [ RunTime:0.0002s ]
SQL: SELECT `type_name` FROM `fc_types` WHERE ( id='20' ) LIMIT 1   [ RunTime:0.0002s ]
SQL: SELECT `type_name` FROM `fc_types` WHERE ( id='3' ) LIMIT 1   [ RunTime:0.0002s ]
NOTIC: [8] Undefined variable: user E:\phpstudy\PHPTutorial\WWW\bipin\Application\Runtime\Cache\Admin\2230278e758b04ad4a1ab9c5c3aecf4c.php 第 189 行.
SQL: SELECT `username` FROM `fc_user` WHERE ( user_id='J3QF' ) LIMIT 1   [ RunTime:0.0002s ]
SQL: SELECT `thumb` FROM `fc_user` WHERE ( user_id='J3QF' ) LIMIT 1   [ RunTime:0.0002s ]
SQL: SELECT `type_name` FROM `fc_types` WHERE ( id='16' ) LIMIT 1   [ RunTime:0.0002s ]
SQL: SELECT `type_name` FROM `fc_types` WHERE ( id='19' ) LIMIT 1   [ RunTime:0.0002s ]
SQL: SELECT `type_name` FROM `fc_types` WHERE ( id='3' ) LIMIT 1   [ RunTime:0.0002s ]
NOTIC: [8] Undefined variable: user E:\phpstudy\PHPTutorial\WWW\bipin\Application\Runtime\Cache\Admin\2230278e758b04ad4a1ab9c5c3aecf4c.php 第 189 行.
SQL: SELECT `username` FROM `fc_user` WHERE ( user_id='BNkp' ) LIMIT 1   [ RunTime:0.0002s ]
SQL: SELECT `thumb` FROM `fc_user` WHERE ( user_id='BNkp' ) LIMIT 1   [ RunTime:0.0002s ]
SQL: SELECT `type_name` FROM `fc_types` WHERE ( id='16' ) LIMIT 1   [ RunTime:0.0002s ]
SQL: SELECT `type_name` FROM `fc_types` WHERE ( id='19' ) LIMIT 1   [ RunTime:0.0002s ]
SQL: SELECT `type_name` FROM `fc_types` WHERE ( id='3' ) LIMIT 1   [ RunTime:0.0002s ]
NOTIC: [8] Undefined variable: user E:\phpstudy\PHPTutorial\WWW\bipin\Application\Runtime\Cache\Admin\2230278e758b04ad4a1ab9c5c3aecf4c.php 第 189 行.
SQL: SELECT `username` FROM `fc_user` WHERE ( user_id='4anh' ) LIMIT 1   [ RunTime:0.0002s ]
SQL: SELECT `thumb` FROM `fc_user` WHERE ( user_id='4anh' ) LIMIT 1   [ RunTime:0.0002s ]
SQL: SELECT `type_name` FROM `fc_types` WHERE ( id='36' ) LIMIT 1   [ RunTime:0.0002s ]
SQL: SELECT `type_name` FROM `fc_types` WHERE ( id='37' ) LIMIT 1   [ RunTime:0.0002s ]
SQL: SELECT `type_name` FROM `fc_types` WHERE ( id='3' ) LIMIT 1   [ RunTime:0.0002s ]
INFO: Run Behavior\ParseTemplateBehavior [ RunTime:0.049375s ]
INFO: [ view_parse ] --END-- [ RunTime:0.049419s ]
INFO: [ view_filter ] --START--
INFO: Run Behavior\WriteHtmlCacheBehavior [ RunTime:0.000416s ]
INFO: [ view_filter ] --END-- [ RunTime:0.000444s ]
INFO: [ app_end ] --START--
INFO: Run Behavior\ShowPageTraceBehavior [ RunTime:0.000600s ]
INFO: [ app_end ] --END-- [ RunTime:0.000639s ]

[ 2018-08-24T18:30:07+08:00 ] 127.0.0.1 /bipin/index.php/Admin/Public/logout.html
INFO: [ app_init ] --START--
INFO: Run Behavior\BuildLiteBehavior [ RunTime:0.000010s ]
INFO: [ app_init ] --END-- [ RunTime:0.000296s ]
INFO: [ app_begin ] --START--
INFO: Run Behavior\ReadHtmlCacheBehavior [ RunTime:0.000487s ]
INFO: [ app_begin ] --END-- [ RunTime:0.000556s ]
SQL: SHOW COLUMNS FROM `fc_user` [ RunTime:0.0034s ]

[ 2018-08-24T18:30:07+08:00 ] 127.0.0.1 /bipin/index.php/Admin/Public/login.html
INFO: [ app_init ] --START--
INFO: Run Behavior\BuildLiteBehavior [ RunTime:0.000012s ]
INFO: [ app_init ] --END-- [ RunTime:0.000307s ]
INFO: [ app_begin ] --START--
INFO: Run Behavior\ReadHtmlCacheBehavior [ RunTime:0.000406s ]
INFO: [ app_begin ] --END-- [ RunTime:0.000448s ]
INFO: [ view_parse ] --START--
INFO: [ template_filter ] --START--
INFO: Run Behavior\ContentReplaceBehavior [ RunTime:0.000046s ]
INFO: [ template_filter ] --END-- [ RunTime:0.000080s ]
INFO: Run Behavior\ParseTemplateBehavior [ RunTime:0.006715s ]
INFO: [ view_parse ] --END-- [ RunTime:0.006749s ]
INFO: [ view_filter ] --START--
INFO: Run Behavior\WriteHtmlCacheBehavior [ RunTime:0.000195s ]
INFO: [ view_filter ] --END-- [ RunTime:0.000220s ]
INFO: [ app_end ] --START--
INFO: Run Behavior\ShowPageTraceBehavior [ RunTime:0.000402s ]
INFO: [ app_end ] --END-- [ RunTime:0.000429s ]

[ 2018-08-24T18:30:07+08:00 ] 127.0.0.1 /bipin/index.php/Admin/Public/login.html
INFO: [ app_init ] --START--
INFO: Run Behavior\BuildLiteBehavior [ RunTime:0.000011s ]
INFO: [ app_init ] --END-- [ RunTime:0.000288s ]
INFO: [ app_begin ] --START--
INFO: Run Behavior\ReadHtmlCacheBehavior [ RunTime:0.000418s ]
INFO: [ app_begin ] --END-- [ RunTime:0.000465s ]
INFO: [ view_parse ] --START--
INFO: [ template_filter ] --START--
INFO: Run Behavior\ContentReplaceBehavior [ RunTime:0.000049s ]
INFO: [ template_filter ] --END-- [ RunTime:0.000100s ]
INFO: Run Behavior\ParseTemplateBehavior [ RunTime:0.005957s ]
INFO: [ view_parse ] --END-- [ RunTime:0.006047s ]
INFO: [ view_filter ] --START--
INFO: Run Behavior\WriteHtmlCacheBehavior [ RunTime:0.000309s ]
INFO: [ view_filter ] --END-- [ RunTime:0.000346s ]
INFO: [ app_end ] --START--
INFO: Run Behavior\ShowPageTraceBehavior [ RunTime:0.000450s ]
INFO: [ app_end ] --END-- [ RunTime:0.000495s ]

[ 2018-08-24T18:31:36+08:00 ] 127.0.0.1 /bipin/index.php?m=admin&c=public&a=login
INFO: [ app_init ] --START--
INFO: Run Behavior\BuildLiteBehavior [ RunTime:0.000011s ]
INFO: [ app_init ] --END-- [ RunTime:0.000291s ]
INFO: [ app_begin ] --START--
INFO: Run Behavior\ReadHtmlCacheBehavior [ RunTime:0.000955s ]
INFO: [ app_begin ] --END-- [ RunTime:0.001059s ]
INFO: [ view_parse ] --START--
INFO: [ template_filter ] --START--
INFO: Run Behavior\ContentReplaceBehavior [ RunTime:0.000045s ]
INFO: [ template_filter ] --END-- [ RunTime:0.000080s ]
INFO: Run Behavior\ParseTemplateBehavior [ RunTime:0.004277s ]
INFO: [ view_parse ] --END-- [ RunTime:0.004312s ]
INFO: [ view_filter ] --START--
INFO: Run Behavior\WriteHtmlCacheBehavior [ RunTime:0.000193s ]
INFO: [ view_filter ] --END-- [ RunTime:0.000218s ]
INFO: [ app_end ] --START--
INFO: Run Behavior\ShowPageTraceBehavior [ RunTime:0.000410s ]
INFO: [ app_end ] --END-- [ RunTime:0.000439s ]

[ 2018-08-24T18:31:36+08:00 ] 127.0.0.1 /bipin/index.php?m=admin&c=public&a=login
INFO: [ app_init ] --START--
INFO: Run Behavior\BuildLiteBehavior [ RunTime:0.000011s ]
INFO: [ app_init ] --END-- [ RunTime:0.000296s ]
INFO: [ app_begin ] --START--
INFO: Run Behavior\ReadHtmlCacheBehavior [ RunTime:0.000753s ]
INFO: [ app_begin ] --END-- [ RunTime:0.000817s ]
INFO: [ view_parse ] --START--
INFO: [ template_filter ] --START--
INFO: Run Behavior\ContentReplaceBehavior [ RunTime:0.000046s ]
INFO: [ template_filter ] --END-- [ RunTime:0.000088s ]
INFO: Run Behavior\ParseTemplateBehavior [ RunTime:0.007762s ]
INFO: [ view_parse ] --END-- [ RunTime:0.007806s ]
INFO: [ view_filter ] --START--
INFO: Run Behavior\WriteHtmlCacheBehavior [ RunTime:0.000652s ]
INFO: [ view_filter ] --END-- [ RunTime:0.000745s ]
INFO: [ app_end ] --START--
INFO: Run Behavior\ShowPageTraceBehavior [ RunTime:0.000710s ]
INFO: [ app_end ] --END-- [ RunTime:0.000759s ]

