[ 2018-08-22T09:47:39+08:00 ] 127.0.0.1 /bipin/index.php/Admin
INFO: [ app_init ] --START--
INFO: Run Behavior\BuildLiteBehavior [ RunTime:0.000005s ]
INFO: [ app_init ] --END-- [ RunTime:0.000353s ]
INFO: [ app_begin ] --START--
INFO: Run Behavior\ReadHtmlCacheBehavior [ RunTime:0.000381s ]
INFO: [ app_begin ] --END-- [ RunTime:0.000413s ]

[ 2018-08-22T09:47:39+08:00 ] 127.0.0.1 /bipin/index.php/Admin/Public/login.html
INFO: [ app_init ] --START--
INFO: Run Behavior\BuildLiteBehavior [ RunTime:0.000004s ]
INFO: [ app_init ] --END-- [ RunTime:0.000220s ]
INFO: [ app_begin ] --START--
INFO: Run Behavior\ReadHtmlCacheBehavior [ RunTime:0.000292s ]
INFO: [ app_begin ] --END-- [ RunTime:0.000308s ]
INFO: [ view_parse ] --START--
INFO: [ template_filter ] --START--
INFO: Run Behavior\ContentReplaceBehavior [ RunTime:0.000029s ]
INFO: [ template_filter ] --END-- [ RunTime:0.000052s ]
INFO: Run Behavior\ParseTemplateBehavior [ RunTime:0.005389s ]
INFO: [ view_parse ] --END-- [ RunTime:0.005410s ]
INFO: [ view_filter ] --START--
INFO: Run Behavior\WriteHtmlCacheBehavior [ RunTime:0.000257s ]
INFO: [ view_filter ] --END-- [ RunTime:0.000272s ]
INFO: [ app_end ] --START--
INFO: Run Behavior\ShowPageTraceBehavior [ RunTime:0.000391s ]
INFO: [ app_end ] --END-- [ RunTime:0.000406s ]

[ 2018-08-22T09:47:39+08:00 ] 127.0.0.1 /bipin/index.php/Admin/Public/login.html
INFO: [ app_init ] --START--
INFO: Run Behavior\BuildLiteBehavior [ RunTime:0.000005s ]
INFO: [ app_init ] --END-- [ RunTime:0.000225s ]
INFO: [ app_begin ] --START--
INFO: Run Behavior\ReadHtmlCacheBehavior [ RunTime:0.000297s ]
INFO: [ app_begin ] --END-- [ RunTime:0.000315s ]
INFO: [ view_parse ] --START--
INFO: [ template_filter ] --START--
INFO: Run Behavior\ContentReplaceBehavior [ RunTime:0.000027s ]
INFO: [ template_filter ] --END-- [ RunTime:0.000046s ]
INFO: Run Behavior\ParseTemplateBehavior [ RunTime:0.002525s ]
INFO: [ view_parse ] --END-- [ RunTime:0.002544s ]
INFO: [ view_filter ] --START--
INFO: Run Behavior\WriteHtmlCacheBehavior [ RunTime:0.000173s ]
INFO: [ view_filter ] --END-- [ RunTime:0.000186s ]
INFO: [ app_end ] --START--
INFO: Run Behavior\ShowPageTraceBehavior [ RunTime:0.000305s ]
INFO: [ app_end ] --END-- [ RunTime:0.000320s ]

[ 2018-08-22T09:47:54+08:00 ] 127.0.0.1 /bipin/index.php/Admin/Public/login.html
INFO: [ app_init ] --START--
INFO: Run Behavior\BuildLiteBehavior [ RunTime:0.000005s ]
INFO: [ app_init ] --END-- [ RunTime:0.000221s ]
INFO: [ app_begin ] --START--
INFO: Run Behavior\ReadHtmlCacheBehavior [ RunTime:0.000283s ]
INFO: [ app_begin ] --END-- [ RunTime:0.000302s ]
SQL: SHOW COLUMNS FROM `fc_user` [ RunTime:0.0149s ]
SQL: SELECT `user_id`,`level`,`loginpwds`,`username` FROM `fc_user` WHERE `username` = 'admin' OR `mobile` = 'admin' LIMIT 1   [ RunTime:0.0015s ]
INFO: [ view_parse ] --START--
INFO: [ template_filter ] --START--
INFO: Run Behavior\ContentReplaceBehavior [ RunTime:0.000021s ]
INFO: [ template_filter ] --END-- [ RunTime:0.000041s ]
INFO: Run Behavior\ParseTemplateBehavior [ RunTime:0.004018s ]
INFO: [ view_parse ] --END-- [ RunTime:0.004043s ]
INFO: [ view_filter ] --START--
INFO: Run Behavior\WriteHtmlCacheBehavior [ RunTime:0.000215s ]
INFO: [ view_filter ] --END-- [ RunTime:0.000232s ]

[ 2018-08-22T09:47:57+08:00 ] 127.0.0.1 /bipin/index.php/Admin/Public/login.html
INFO: [ app_init ] --START--
INFO: Run Behavior\BuildLiteBehavior [ RunTime:0.000006s ]
INFO: [ app_init ] --END-- [ RunTime:0.000250s ]
INFO: [ app_begin ] --START--
INFO: Run Behavior\ReadHtmlCacheBehavior [ RunTime:0.000316s ]
INFO: [ app_begin ] --END-- [ RunTime:0.000337s ]
INFO: [ view_parse ] --START--
INFO: [ template_filter ] --START--
INFO: Run Behavior\ContentReplaceBehavior [ RunTime:0.000029s ]
INFO: [ template_filter ] --END-- [ RunTime:0.000051s ]
INFO: Run Behavior\ParseTemplateBehavior [ RunTime:0.002723s ]
INFO: [ view_parse ] --END-- [ RunTime:0.002742s ]
INFO: [ view_filter ] --START--
INFO: Run Behavior\WriteHtmlCacheBehavior [ RunTime:0.000183s ]
INFO: [ view_filter ] --END-- [ RunTime:0.000198s ]
INFO: [ app_end ] --START--
INFO: Run Behavior\ShowPageTraceBehavior [ RunTime:0.000323s ]
INFO: [ app_end ] --END-- [ RunTime:0.000338s ]

[ 2018-08-22T09:48:01+08:00 ] 127.0.0.1 /bipin/index.php/Admin/Public/login.html
INFO: [ app_init ] --START--
INFO: Run Behavior\BuildLiteBehavior [ RunTime:0.000005s ]
INFO: [ app_init ] --END-- [ RunTime:0.000219s ]
INFO: [ app_begin ] --START--
INFO: Run Behavior\ReadHtmlCacheBehavior [ RunTime:0.000278s ]
INFO: [ app_begin ] --END-- [ RunTime:0.000296s ]
SQL: SHOW COLUMNS FROM `fc_user` [ RunTime:0.0034s ]
SQL: SELECT `user_id`,`level`,`loginpwds`,`username` FROM `fc_user` WHERE `username` = 'root' OR `mobile` = 'root' LIMIT 1   [ RunTime:0.0002s ]
INFO: [ view_parse ] --START--
INFO: [ template_filter ] --START--
INFO: Run Behavior\ContentReplaceBehavior [ RunTime:0.000019s ]
INFO: [ template_filter ] --END-- [ RunTime:0.000038s ]
INFO: Run Behavior\ParseTemplateBehavior [ RunTime:0.002795s ]
INFO: [ view_parse ] --END-- [ RunTime:0.002814s ]
INFO: [ view_filter ] --START--
INFO: Run Behavior\WriteHtmlCacheBehavior [ RunTime:0.000182s ]
INFO: [ view_filter ] --END-- [ RunTime:0.000196s ]

[ 2018-08-22T09:48:04+08:00 ] 127.0.0.1 /bipin/index.php/Admin/Public/login.html
INFO: [ app_init ] --START--
INFO: Run Behavior\BuildLiteBehavior [ RunTime:0.000005s ]
INFO: [ app_init ] --END-- [ RunTime:0.000235s ]
INFO: [ app_begin ] --START--
INFO: Run Behavior\ReadHtmlCacheBehavior [ RunTime:0.000295s ]
INFO: [ app_begin ] --END-- [ RunTime:0.000312s ]
INFO: [ view_parse ] --START--
INFO: [ template_filter ] --START--
INFO: Run Behavior\ContentReplaceBehavior [ RunTime:0.000027s ]
INFO: [ template_filter ] --END-- [ RunTime:0.000046s ]
INFO: Run Behavior\ParseTemplateBehavior [ RunTime:0.006779s ]
INFO: [ view_parse ] --END-- [ RunTime:0.006798s ]
INFO: [ view_filter ] --START--
INFO: Run Behavior\WriteHtmlCacheBehavior [ RunTime:0.000556s ]
INFO: [ view_filter ] --END-- [ RunTime:0.000571s ]
INFO: [ app_end ] --START--
INFO: Run Behavior\ShowPageTraceBehavior [ RunTime:0.000522s ]
INFO: [ app_end ] --END-- [ RunTime:0.000544s ]

[ 2018-08-22T09:48:12+08:00 ] 127.0.0.1 /bipin/index.php/Admin/Public/login.html
INFO: [ app_init ] --START--
INFO: Run Behavior\BuildLiteBehavior [ RunTime:0.000004s ]
INFO: [ app_init ] --END-- [ RunTime:0.000232s ]
INFO: [ app_begin ] --START--
INFO: Run Behavior\ReadHtmlCacheBehavior [ RunTime:0.000296s ]
INFO: [ app_begin ] --END-- [ RunTime:0.000315s ]
SQL: SHOW COLUMNS FROM `fc_user` [ RunTime:0.0092s ]
SQL: SELECT `user_id`,`level`,`loginpwds`,`username` FROM `fc_user` WHERE `username` = 'admin' OR `mobile` = 'admin' LIMIT 1   [ RunTime:0.0004s ]
SQL: SHOW COLUMNS FROM `fc_login_log` [ RunTime:0.0107s ]
SQL: INSERT INTO `fc_login_log` (`uid`,`addtime`,`ip`,`truename`) VALUES ('12112','1534902491','127.0.0.1','admin') [ RunTime:0.0019s ]
NOTIC: [8] Undefined index: zheng E:\phpstudy\PHPTutorial\WWW\bipin\Application\Admin\Controller\PublicController.class.php 第 142 行.

[ 2018-08-22T09:48:12+08:00 ] 127.0.0.1 /bipin/index.php/Admin/Index/index.html
INFO: [ app_init ] --START--
INFO: Run Behavior\BuildLiteBehavior [ RunTime:0.000004s ]
INFO: [ app_init ] --END-- [ RunTime:0.000236s ]
INFO: [ app_begin ] --START--
INFO: Run Behavior\ReadHtmlCacheBehavior [ RunTime:0.000312s ]
INFO: [ app_begin ] --END-- [ RunTime:0.000330s ]
INFO: [ view_parse ] --START--
INFO: [ template_filter ] --START--
INFO: Run Behavior\ContentReplaceBehavior [ RunTime:0.000214s ]
INFO: [ template_filter ] --END-- [ RunTime:0.000236s ]
INFO: Run Behavior\ParseTemplateBehavior [ RunTime:0.007634s ]
INFO: [ view_parse ] --END-- [ RunTime:0.007653s ]
INFO: [ view_filter ] --START--
INFO: Run Behavior\WriteHtmlCacheBehavior [ RunTime:0.000194s ]
INFO: [ view_filter ] --END-- [ RunTime:0.000208s ]
INFO: [ app_end ] --START--
INFO: Run Behavior\ShowPageTraceBehavior [ RunTime:0.000337s ]
INFO: [ app_end ] --END-- [ RunTime:0.000358s ]

[ 2018-08-22T09:48:12+08:00 ] 127.0.0.1 /bipin/index.php/Admin/images/sky/search.svg
INFO: [ app_init ] --START--
INFO: Run Behavior\BuildLiteBehavior [ RunTime:0.000006s ]
INFO: [ app_init ] --END-- [ RunTime:0.000230s ]
INFO: [ app_begin ] --START--
INFO: Run Behavior\ReadHtmlCacheBehavior [ RunTime:0.000299s ]
INFO: [ app_begin ] --END-- [ RunTime:0.000319s ]
ERR: 无法加载控制器:Images

[ 2018-08-22T09:48:12+08:00 ] 127.0.0.1 /bipin/index.php/Admin/Index/index.html
INFO: [ app_init ] --START--
INFO: Run Behavior\BuildLiteBehavior [ RunTime:0.000006s ]
INFO: [ app_init ] --END-- [ RunTime:0.000425s ]
INFO: [ app_begin ] --START--
INFO: Run Behavior\ReadHtmlCacheBehavior [ RunTime:0.000990s ]
INFO: [ app_begin ] --END-- [ RunTime:0.001048s ]
INFO: [ view_parse ] --START--
INFO: [ template_filter ] --START--
INFO: Run Behavior\ContentReplaceBehavior [ RunTime:0.000275s ]
INFO: [ template_filter ] --END-- [ RunTime:0.000308s ]
INFO: Run Behavior\ParseTemplateBehavior [ RunTime:0.012575s ]
INFO: [ view_parse ] --END-- [ RunTime:0.012601s ]
INFO: [ view_filter ] --START--
INFO: Run Behavior\WriteHtmlCacheBehavior [ RunTime:0.000247s ]
INFO: [ view_filter ] --END-- [ RunTime:0.000263s ]
INFO: [ app_end ] --START--
INFO: Run Behavior\ShowPageTraceBehavior [ RunTime:0.000350s ]
INFO: [ app_end ] --END-- [ RunTime:0.000366s ]

[ 2018-08-22T09:48:13+08:00 ] 127.0.0.1 /bipin/index.php/Admin/Index/welcome.html
INFO: [ app_init ] --START--
INFO: Run Behavior\BuildLiteBehavior [ RunTime:0.000006s ]
INFO: [ app_init ] --END-- [ RunTime:0.000237s ]
INFO: [ app_begin ] --START--
INFO: Run Behavior\ReadHtmlCacheBehavior [ RunTime:0.000304s ]
INFO: [ app_begin ] --END-- [ RunTime:0.000322s ]
SQL: SHOW COLUMNS FROM `fc_user` [ RunTime:0.0036s ]
SQL: SELECT COUNT(id) AS tp_count FROM `fc_user` LIMIT 1   [ RunTime:0.0014s ]
SQL: SELECT COUNT(id) AS tp_count FROM `fc_user` WHERE `addtime` > '1534694400' LIMIT 1   [ RunTime:0.0001s ]
SQL: SELECT COUNT(id) AS tp_count FROM `fc_user` WHERE ( level=1 ) LIMIT 1   [ RunTime:0.0001s ]
SQL: SELECT COUNT(id) AS tp_count FROM `fc_user` WHERE `is_true` = 2 LIMIT 1   [ RunTime:0.0001s ]
INFO: [ view_parse ] --START--
INFO: [ template_filter ] --START--
INFO: Run Behavior\ContentReplaceBehavior [ RunTime:0.000096s ]
INFO: [ template_filter ] --END-- [ RunTime:0.000127s ]
NOTIC: [8] Use of undefined constant CHARSET - assumed 'CHARSET' E:\phpstudy\PHPTutorial\WWW\bipin\Application\Runtime\Cache\Admin\7ad2542084969c3fe4042ac6ed4df19f.php 第 5 行.
NOTIC: [8] Undefined variable: ytg E:\phpstudy\PHPTutorial\WWW\bipin\Application\Runtime\Cache\Admin\7ad2542084969c3fe4042ac6ed4df19f.php 第 80 行.
NOTIC: [8] Undefined variable: ybh E:\phpstudy\PHPTutorial\WWW\bipin\Application\Runtime\Cache\Admin\7ad2542084969c3fe4042ac6ed4df19f.php 第 81 行.
NOTIC: [8] Undefined variable: bankcount E:\phpstudy\PHPTutorial\WWW\bipin\Application\Runtime\Cache\Admin\7ad2542084969c3fe4042ac6ed4df19f.php 第 89 行.
NOTIC: [8] Undefined variable: bankcount_week E:\phpstudy\PHPTutorial\WWW\bipin\Application\Runtime\Cache\Admin\7ad2542084969c3fe4042ac6ed4df19f.php 第 95 行.
NOTIC: [8] Undefined variable: bankcount_audit E:\phpstudy\PHPTutorial\WWW\bipin\Application\Runtime\Cache\Admin\7ad2542084969c3fe4042ac6ed4df19f.php 第 96 行.
NOTIC: [8] Undefined variable: lang E:\phpstudy\PHPTutorial\WWW\bipin\Application\Runtime\Cache\Admin\7ad2542084969c3fe4042ac6ed4df19f.php 第 167 行.
INFO: Run Behavior\ParseTemplateBehavior [ RunTime:0.012528s ]
INFO: [ view_parse ] --END-- [ RunTime:0.012546s ]
INFO: [ view_filter ] --START--
INFO: Run Behavior\WriteHtmlCacheBehavior [ RunTime:0.000200s ]
INFO: [ view_filter ] --END-- [ RunTime:0.000216s ]
INFO: [ app_end ] --START--
INFO: Run Behavior\ShowPageTraceBehavior [ RunTime:0.000328s ]
INFO: [ app_end ] --END-- [ RunTime:0.000343s ]

[ 2018-08-22T09:48:14+08:00 ] 127.0.0.1 /bipin/index.php/Admin/Index/welcome.html
INFO: [ app_init ] --START--
INFO: Run Behavior\BuildLiteBehavior [ RunTime:0.000006s ]
INFO: [ app_init ] --END-- [ RunTime:0.000289s ]
INFO: [ app_begin ] --START--
INFO: Run Behavior\ReadHtmlCacheBehavior [ RunTime:0.000408s ]
INFO: [ app_begin ] --END-- [ RunTime:0.000433s ]
SQL: SHOW COLUMNS FROM `fc_user` [ RunTime:0.0045s ]
SQL: SELECT COUNT(id) AS tp_count FROM `fc_user` LIMIT 1   [ RunTime:0.0002s ]
SQL: SELECT COUNT(id) AS tp_count FROM `fc_user` WHERE `addtime` > '1534694400' LIMIT 1   [ RunTime:0.0002s ]
SQL: SELECT COUNT(id) AS tp_count FROM `fc_user` WHERE ( level=1 ) LIMIT 1   [ RunTime:0.0001s ]
SQL: SELECT COUNT(id) AS tp_count FROM `fc_user` WHERE `is_true` = 2 LIMIT 1   [ RunTime:0.0001s ]
INFO: [ view_parse ] --START--
INFO: [ template_filter ] --START--
INFO: Run Behavior\ContentReplaceBehavior [ RunTime:0.000094s ]
INFO: [ template_filter ] --END-- [ RunTime:0.000119s ]
NOTIC: [8] Use of undefined constant CHARSET - assumed 'CHARSET' E:\phpstudy\PHPTutorial\WWW\bipin\Application\Runtime\Cache\Admin\7ad2542084969c3fe4042ac6ed4df19f.php 第 5 行.
NOTIC: [8] Undefined variable: ytg E:\phpstudy\PHPTutorial\WWW\bipin\Application\Runtime\Cache\Admin\7ad2542084969c3fe4042ac6ed4df19f.php 第 80 行.
NOTIC: [8] Undefined variable: ybh E:\phpstudy\PHPTutorial\WWW\bipin\Application\Runtime\Cache\Admin\7ad2542084969c3fe4042ac6ed4df19f.php 第 81 行.
NOTIC: [8] Undefined variable: bankcount E:\phpstudy\PHPTutorial\WWW\bipin\Application\Runtime\Cache\Admin\7ad2542084969c3fe4042ac6ed4df19f.php 第 89 行.
NOTIC: [8] Undefined variable: bankcount_week E:\phpstudy\PHPTutorial\WWW\bipin\Application\Runtime\Cache\Admin\7ad2542084969c3fe4042ac6ed4df19f.php 第 95 行.
NOTIC: [8] Undefined variable: bankcount_audit E:\phpstudy\PHPTutorial\WWW\bipin\Application\Runtime\Cache\Admin\7ad2542084969c3fe4042ac6ed4df19f.php 第 96 行.
NOTIC: [8] Undefined variable: lang E:\phpstudy\PHPTutorial\WWW\bipin\Application\Runtime\Cache\Admin\7ad2542084969c3fe4042ac6ed4df19f.php 第 167 行.
INFO: Run Behavior\ParseTemplateBehavior [ RunTime:0.004346s ]
INFO: [ view_parse ] --END-- [ RunTime:0.004361s ]
INFO: [ view_filter ] --START--
INFO: Run Behavior\WriteHtmlCacheBehavior [ RunTime:0.000236s ]
INFO: [ view_filter ] --END-- [ RunTime:0.000248s ]
INFO: [ app_end ] --START--
INFO: Run Behavior\ShowPageTraceBehavior [ RunTime:0.000349s ]
INFO: [ app_end ] --END-- [ RunTime:0.000364s ]

[ 2018-08-22T09:48:16+08:00 ] 127.0.0.1 /bipin/index.php?m=admin&c=order&a=tixian
INFO: [ app_init ] --START--
INFO: Run Behavior\BuildLiteBehavior [ RunTime:0.000006s ]
INFO: [ app_init ] --END-- [ RunTime:0.000257s ]
INFO: [ app_begin ] --START--
INFO: Run Behavior\ReadHtmlCacheBehavior [ RunTime:0.000313s ]
INFO: [ app_begin ] --END-- [ RunTime:0.000332s ]
SQL: SHOW COLUMNS FROM `fc_withdrawals` [ RunTime:0.0384s ]
SQL: SELECT * FROM `fc_withdrawals` WHERE `type` = 1 ORDER BY addtime desc LIMIT 0,20   [ RunTime:0.0005s ]
SQL: SELECT SUM(jine1) AS tp_sum FROM `fc_withdrawals` WHERE `status` = 2 LIMIT 1   [ RunTime:0.0002s ]
SQL: SELECT COUNT(*) AS tp_count FROM `fc_withdrawals` WHERE `type` = 1 LIMIT 1   [ RunTime:0.0001s ]
INFO: [ view_parse ] --START--
INFO: [ template_filter ] --START--
INFO: Run Behavior\ContentReplaceBehavior [ RunTime:0.000175s ]
INFO: [ template_filter ] --END-- [ RunTime:0.000267s ]
NOTIC: [8] Undefined variable: status E:\phpstudy\PHPTutorial\WWW\bipin\Application\Runtime\Cache\Admin\fe6587f42c94700bab02fd8a66091bf5.php 第 64 行.
NOTIC: [8] Undefined variable: status E:\phpstudy\PHPTutorial\WWW\bipin\Application\Runtime\Cache\Admin\fe6587f42c94700bab02fd8a66091bf5.php 第 65 行.
NOTIC: [8] Undefined variable: status E:\phpstudy\PHPTutorial\WWW\bipin\Application\Runtime\Cache\Admin\fe6587f42c94700bab02fd8a66091bf5.php 第 66 行.
NOTIC: [8] Undefined variable: mobile E:\phpstudy\PHPTutorial\WWW\bipin\Application\Runtime\Cache\Admin\fe6587f42c94700bab02fd8a66091bf5.php 第 78 行.
NOTIC: [8] Undefined variable: truename E:\phpstudy\PHPTutorial\WWW\bipin\Application\Runtime\Cache\Admin\fe6587f42c94700bab02fd8a66091bf5.php 第 80 行.
NOTIC: [8] Undefined variable: rr E:\phpstudy\PHPTutorial\WWW\bipin\Application\Runtime\Cache\Admin\fe6587f42c94700bab02fd8a66091bf5.php 第 113 行.
SQL: SHOW COLUMNS FROM `fc_user` [ RunTime:0.0041s ]
SQL: SELECT `truename` FROM `fc_user` WHERE ( user_id='BNkp' ) LIMIT 1   [ RunTime:0.0002s ]
SQL: SELECT `thumb` FROM `fc_user` WHERE ( user_id='BNkp' ) LIMIT 1   [ RunTime:0.0002s ]
SQL: SELECT `mobile` FROM `fc_user` WHERE ( user_id='BNkp' ) LIMIT 1   [ RunTime:0.0001s ]
NOTIC: [8] Undefined variable: rr E:\phpstudy\PHPTutorial\WWW\bipin\Application\Runtime\Cache\Admin\fe6587f42c94700bab02fd8a66091bf5.php 第 113 行.
SQL: SELECT `truename` FROM `fc_user` WHERE ( user_id='BNkp' ) LIMIT 1   [ RunTime:0.0001s ]
SQL: SELECT `thumb` FROM `fc_user` WHERE ( user_id='BNkp' ) LIMIT 1   [ RunTime:0.0001s ]
SQL: SELECT `mobile` FROM `fc_user` WHERE ( user_id='BNkp' ) LIMIT 1   [ RunTime:0.0001s ]
NOTIC: [8] Undefined variable: rr E:\phpstudy\PHPTutorial\WWW\bipin\Application\Runtime\Cache\Admin\fe6587f42c94700bab02fd8a66091bf5.php 第 113 行.
SQL: SELECT `truename` FROM `fc_user` WHERE ( user_id='4anh' ) LIMIT 1   [ RunTime:0.0001s ]
SQL: SELECT `thumb` FROM `fc_user` WHERE ( user_id='4anh' ) LIMIT 1   [ RunTime:0.0001s ]
SQL: SELECT `mobile` FROM `fc_user` WHERE ( user_id='4anh' ) LIMIT 1   [ RunTime:0.0001s ]
NOTIC: [8] Undefined variable: rr E:\phpstudy\PHPTutorial\WWW\bipin\Application\Runtime\Cache\Admin\fe6587f42c94700bab02fd8a66091bf5.php 第 113 行.
SQL: SELECT `truename` FROM `fc_user` WHERE ( user_id='6hAZ' ) LIMIT 1   [ RunTime:0.0001s ]
SQL: SELECT `thumb` FROM `fc_user` WHERE ( user_id='6hAZ' ) LIMIT 1   [ RunTime:0.0001s ]
SQL: SELECT `mobile` FROM `fc_user` WHERE ( user_id='6hAZ' ) LIMIT 1   [ RunTime:0.0001s ]
NOTIC: [8] Undefined variable: rr E:\phpstudy\PHPTutorial\WWW\bipin\Application\Runtime\Cache\Admin\fe6587f42c94700bab02fd8a66091bf5.php 第 113 行.
SQL: SELECT `truename` FROM `fc_user` WHERE ( user_id='J3QF' ) LIMIT 1   [ RunTime:0.0001s ]
SQL: SELECT `thumb` FROM `fc_user` WHERE ( user_id='J3QF' ) LIMIT 1   [ RunTime:0.0001s ]
SQL: SELECT `mobile` FROM `fc_user` WHERE ( user_id='J3QF' ) LIMIT 1   [ RunTime:0.0001s ]
NOTIC: [8] Undefined variable: rr E:\phpstudy\PHPTutorial\WWW\bipin\Application\Runtime\Cache\Admin\fe6587f42c94700bab02fd8a66091bf5.php 第 113 行.
SQL: SELECT `truename` FROM `fc_user` WHERE ( user_id='lPQf' ) LIMIT 1   [ RunTime:0.0001s ]
SQL: SELECT `thumb` FROM `fc_user` WHERE ( user_id='lPQf' ) LIMIT 1   [ RunTime:0.0001s ]
SQL: SELECT `mobile` FROM `fc_user` WHERE ( user_id='lPQf' ) LIMIT 1   [ RunTime:0.0001s ]
NOTIC: [8] Undefined variable: rr E:\phpstudy\PHPTutorial\WWW\bipin\Application\Runtime\Cache\Admin\fe6587f42c94700bab02fd8a66091bf5.php 第 113 行.
SQL: SELECT `truename` FROM `fc_user` WHERE ( user_id='lPQf' ) LIMIT 1   [ RunTime:0.0001s ]
SQL: SELECT `thumb` FROM `fc_user` WHERE ( user_id='lPQf' ) LIMIT 1   [ RunTime:0.0001s ]
SQL: SELECT `mobile` FROM `fc_user` WHERE ( user_id='lPQf' ) LIMIT 1   [ RunTime:0.0001s ]
NOTIC: [8] Undefined variable: rr E:\phpstudy\PHPTutorial\WWW\bipin\Application\Runtime\Cache\Admin\fe6587f42c94700bab02fd8a66091bf5.php 第 113 行.
SQL: SELECT `truename` FROM `fc_user` WHERE ( user_id='lPQf' ) LIMIT 1   [ RunTime:0.0001s ]
SQL: SELECT `thumb` FROM `fc_user` WHERE ( user_id='lPQf' ) LIMIT 1   [ RunTime:0.0001s ]
SQL: SELECT `mobile` FROM `fc_user` WHERE ( user_id='lPQf' ) LIMIT 1   [ RunTime:0.0001s ]
NOTIC: [8] Undefined variable: rr E:\phpstudy\PHPTutorial\WWW\bipin\Application\Runtime\Cache\Admin\fe6587f42c94700bab02fd8a66091bf5.php 第 113 行.
SQL: SELECT `truename` FROM `fc_user` WHERE ( user_id='eq6W' ) LIMIT 1   [ RunTime:0.0001s ]
SQL: SELECT `thumb` FROM `fc_user` WHERE ( user_id='eq6W' ) LIMIT 1   [ RunTime:0.0001s ]
SQL: SELECT `mobile` FROM `fc_user` WHERE ( user_id='eq6W' ) LIMIT 1   [ RunTime:0.0001s ]
NOTIC: [8] Undefined variable: rr E:\phpstudy\PHPTutorial\WWW\bipin\Application\Runtime\Cache\Admin\fe6587f42c94700bab02fd8a66091bf5.php 第 113 行.
SQL: SELECT `truename` FROM `fc_user` WHERE ( user_id='eq6W' ) LIMIT 1   [ RunTime:0.0001s ]
SQL: SELECT `thumb` FROM `fc_user` WHERE ( user_id='eq6W' ) LIMIT 1   [ RunTime:0.0001s ]
SQL: SELECT `mobile` FROM `fc_user` WHERE ( user_id='eq6W' ) LIMIT 1   [ RunTime:0.0001s ]
NOTIC: [8] Undefined variable: rr E:\phpstudy\PHPTutorial\WWW\bipin\Application\Runtime\Cache\Admin\fe6587f42c94700bab02fd8a66091bf5.php 第 113 行.
SQL: SELECT `truename` FROM `fc_user` WHERE ( user_id='I9NS' ) LIMIT 1   [ RunTime:0.0001s ]
SQL: SELECT `thumb` FROM `fc_user` WHERE ( user_id='I9NS' ) LIMIT 1   [ RunTime:0.0001s ]
SQL: SELECT `mobile` FROM `fc_user` WHERE ( user_id='I9NS' ) LIMIT 1   [ RunTime:0.0001s ]
INFO: Run Behavior\ParseTemplateBehavior [ RunTime:0.020366s ]
INFO: [ view_parse ] --END-- [ RunTime:0.020384s ]
INFO: [ view_filter ] --START--
INFO: Run Behavior\WriteHtmlCacheBehavior [ RunTime:0.000319s ]
INFO: [ view_filter ] --END-- [ RunTime:0.000334s ]
INFO: [ app_end ] --START--
INFO: Run Behavior\ShowPageTraceBehavior [ RunTime:0.000596s ]
INFO: [ app_end ] --END-- [ RunTime:0.000619s ]

[ 2018-08-22T11:57:19+08:00 ] 127.0.0.1 /bipin/index.php/Admin/Public/logout.html
INFO: [ app_init ] --START--
INFO: Run Behavior\BuildLiteBehavior [ RunTime:0.000006s ]
INFO: [ app_init ] --END-- [ RunTime:0.000345s ]
INFO: [ app_begin ] --START--
INFO: Run Behavior\ReadHtmlCacheBehavior [ RunTime:0.000365s ]
INFO: [ app_begin ] --END-- [ RunTime:0.000388s ]
SQL: SHOW COLUMNS FROM `fc_user` [ RunTime:0.0041s ]

[ 2018-08-22T11:57:19+08:00 ] 127.0.0.1 /bipin/index.php/Admin/Public/login.html
INFO: [ app_init ] --START--
INFO: Run Behavior\BuildLiteBehavior [ RunTime:0.000005s ]
INFO: [ app_init ] --END-- [ RunTime:0.000222s ]
INFO: [ app_begin ] --START--
INFO: Run Behavior\ReadHtmlCacheBehavior [ RunTime:0.000295s ]
INFO: [ app_begin ] --END-- [ RunTime:0.000312s ]
INFO: [ view_parse ] --START--
INFO: [ template_filter ] --START--
INFO: Run Behavior\ContentReplaceBehavior [ RunTime:0.000027s ]
INFO: [ template_filter ] --END-- [ RunTime:0.000044s ]
INFO: Run Behavior\ParseTemplateBehavior [ RunTime:0.004109s ]
INFO: [ view_parse ] --END-- [ RunTime:0.004129s ]
INFO: [ view_filter ] --START--
INFO: Run Behavior\WriteHtmlCacheBehavior [ RunTime:0.000254s ]
INFO: [ view_filter ] --END-- [ RunTime:0.000270s ]
INFO: [ app_end ] --START--
INFO: Run Behavior\ShowPageTraceBehavior [ RunTime:0.000386s ]
INFO: [ app_end ] --END-- [ RunTime:0.000401s ]

[ 2018-08-22T11:57:19+08:00 ] 127.0.0.1 /bipin/index.php/Admin/Public/login.html
INFO: [ app_init ] --START--
INFO: Run Behavior\BuildLiteBehavior [ RunTime:0.000007s ]
INFO: [ app_init ] --END-- [ RunTime:0.000269s ]
INFO: [ app_begin ] --START--
INFO: Run Behavior\ReadHtmlCacheBehavior [ RunTime:0.000418s ]
INFO: [ app_begin ] --END-- [ RunTime:0.000447s ]
INFO: [ view_parse ] --START--
INFO: [ template_filter ] --START--
INFO: Run Behavior\ContentReplaceBehavior [ RunTime:0.000029s ]
INFO: [ template_filter ] --END-- [ RunTime:0.000070s ]
INFO: Run Behavior\ParseTemplateBehavior [ RunTime:0.002972s ]
INFO: [ view_parse ] --END-- [ RunTime:0.002994s ]
INFO: [ view_filter ] --START--
INFO: Run Behavior\WriteHtmlCacheBehavior [ RunTime:0.000185s ]
INFO: [ view_filter ] --END-- [ RunTime:0.000199s ]
INFO: [ app_end ] --START--
INFO: Run Behavior\ShowPageTraceBehavior [ RunTime:0.000319s ]
INFO: [ app_end ] --END-- [ RunTime:0.000335s ]

[ 2018-08-22T11:57:22+08:00 ] 127.0.0.1 /bipin/index.php/Admin/images/sky/search.svg
INFO: [ app_init ] --START--
INFO: Run Behavior\BuildLiteBehavior [ RunTime:0.000007s ]
INFO: [ app_init ] --END-- [ RunTime:0.000256s ]
INFO: [ app_begin ] --START--
INFO: Run Behavior\ReadHtmlCacheBehavior [ RunTime:0.001313s ]
INFO: [ app_begin ] --END-- [ RunTime:0.001416s ]
ERR: 无法加载控制器:Images

[ 2018-08-22T11:57:23+08:00 ] 127.0.0.1 /bipin/index.php?m=admin&c=order&a=tixian
INFO: [ app_init ] --START--
INFO: Run Behavior\BuildLiteBehavior [ RunTime:0.000007s ]
INFO: [ app_init ] --END-- [ RunTime:0.000287s ]
INFO: [ app_begin ] --START--
INFO: Run Behavior\ReadHtmlCacheBehavior [ RunTime:0.000336s ]
INFO: [ app_begin ] --END-- [ RunTime:0.000361s ]
SQL: SHOW COLUMNS FROM `fc_withdrawals` [ RunTime:0.0081s ]
SQL: SELECT * FROM `fc_withdrawals` WHERE `type` = 1 ORDER BY addtime desc LIMIT 0,20   [ RunTime:0.0006s ]
SQL: SELECT SUM(jine1) AS tp_sum FROM `fc_withdrawals` WHERE `status` = 2 LIMIT 1   [ RunTime:0.0002s ]
SQL: SELECT COUNT(*) AS tp_count FROM `fc_withdrawals` WHERE `type` = 1 LIMIT 1   [ RunTime:0.0002s ]
INFO: [ view_parse ] --START--
INFO: [ template_filter ] --START--
INFO: Run Behavior\ContentReplaceBehavior [ RunTime:0.000075s ]
INFO: [ template_filter ] --END-- [ RunTime:0.000099s ]
NOTIC: [8] Undefined variable: status E:\phpstudy\PHPTutorial\WWW\bipin\Application\Runtime\Cache\Admin\fe6587f42c94700bab02fd8a66091bf5.php 第 64 行.
NOTIC: [8] Undefined variable: status E:\phpstudy\PHPTutorial\WWW\bipin\Application\Runtime\Cache\Admin\fe6587f42c94700bab02fd8a66091bf5.php 第 65 行.
NOTIC: [8] Undefined variable: status E:\phpstudy\PHPTutorial\WWW\bipin\Application\Runtime\Cache\Admin\fe6587f42c94700bab02fd8a66091bf5.php 第 66 行.
NOTIC: [8] Undefined variable: mobile E:\phpstudy\PHPTutorial\WWW\bipin\Application\Runtime\Cache\Admin\fe6587f42c94700bab02fd8a66091bf5.php 第 78 行.
NOTIC: [8] Undefined variable: truename E:\phpstudy\PHPTutorial\WWW\bipin\Application\Runtime\Cache\Admin\fe6587f42c94700bab02fd8a66091bf5.php 第 80 行.
NOTIC: [8] Undefined variable: rr E:\phpstudy\PHPTutorial\WWW\bipin\Application\Runtime\Cache\Admin\fe6587f42c94700bab02fd8a66091bf5.php 第 113 行.
SQL: SHOW COLUMNS FROM `fc_user` [ RunTime:0.0040s ]
SQL: SELECT `truename` FROM `fc_user` WHERE ( user_id='BNkp' ) LIMIT 1   [ RunTime:0.0002s ]
SQL: SELECT `thumb` FROM `fc_user` WHERE ( user_id='BNkp' ) LIMIT 1   [ RunTime:0.0001s ]
SQL: SELECT `mobile` FROM `fc_user` WHERE ( user_id='BNkp' ) LIMIT 1   [ RunTime:0.0001s ]
NOTIC: [8] Undefined variable: rr E:\phpstudy\PHPTutorial\WWW\bipin\Application\Runtime\Cache\Admin\fe6587f42c94700bab02fd8a66091bf5.php 第 113 行.
SQL: SELECT `truename` FROM `fc_user` WHERE ( user_id='BNkp' ) LIMIT 1   [ RunTime:0.0001s ]
SQL: SELECT `thumb` FROM `fc_user` WHERE ( user_id='BNkp' ) LIMIT 1   [ RunTime:0.0001s ]
SQL: SELECT `mobile` FROM `fc_user` WHERE ( user_id='BNkp' ) LIMIT 1   [ RunTime:0.0001s ]
NOTIC: [8] Undefined variable: rr E:\phpstudy\PHPTutorial\WWW\bipin\Application\Runtime\Cache\Admin\fe6587f42c94700bab02fd8a66091bf5.php 第 113 行.
SQL: SELECT `truename` FROM `fc_user` WHERE ( user_id='4anh' ) LIMIT 1   [ RunTime:0.0001s ]
SQL: SELECT `thumb` FROM `fc_user` WHERE ( user_id='4anh' ) LIMIT 1   [ RunTime:0.0001s ]
SQL: SELECT `mobile` FROM `fc_user` WHERE ( user_id='4anh' ) LIMIT 1   [ RunTime:0.0001s ]
NOTIC: [8] Undefined variable: rr E:\phpstudy\PHPTutorial\WWW\bipin\Application\Runtime\Cache\Admin\fe6587f42c94700bab02fd8a66091bf5.php 第 113 行.
SQL: SELECT `truename` FROM `fc_user` WHERE ( user_id='6hAZ' ) LIMIT 1   [ RunTime:0.0001s ]
SQL: SELECT `thumb` FROM `fc_user` WHERE ( user_id='6hAZ' ) LIMIT 1   [ RunTime:0.0001s ]
SQL: SELECT `mobile` FROM `fc_user` WHERE ( user_id='6hAZ' ) LIMIT 1   [ RunTime:0.0001s ]
NOTIC: [8] Undefined variable: rr E:\phpstudy\PHPTutorial\WWW\bipin\Application\Runtime\Cache\Admin\fe6587f42c94700bab02fd8a66091bf5.php 第 113 行.
SQL: SELECT `truename` FROM `fc_user` WHERE ( user_id='J3QF' ) LIMIT 1   [ RunTime:0.0001s ]
SQL: SELECT `thumb` FROM `fc_user` WHERE ( user_id='J3QF' ) LIMIT 1   [ RunTime:0.0001s ]
SQL: SELECT `mobile` FROM `fc_user` WHERE ( user_id='J3QF' ) LIMIT 1   [ RunTime:0.0001s ]
NOTIC: [8] Undefined variable: rr E:\phpstudy\PHPTutorial\WWW\bipin\Application\Runtime\Cache\Admin\fe6587f42c94700bab02fd8a66091bf5.php 第 113 行.
SQL: SELECT `truename` FROM `fc_user` WHERE ( user_id='lPQf' ) LIMIT 1   [ RunTime:0.0001s ]
SQL: SELECT `thumb` FROM `fc_user` WHERE ( user_id='lPQf' ) LIMIT 1   [ RunTime:0.0001s ]
SQL: SELECT `mobile` FROM `fc_user` WHERE ( user_id='lPQf' ) LIMIT 1   [ RunTime:0.0001s ]
NOTIC: [8] Undefined variable: rr E:\phpstudy\PHPTutorial\WWW\bipin\Application\Runtime\Cache\Admin\fe6587f42c94700bab02fd8a66091bf5.php 第 113 行.
SQL: SELECT `truename` FROM `fc_user` WHERE ( user_id='lPQf' ) LIMIT 1   [ RunTime:0.0001s ]
SQL: SELECT `thumb` FROM `fc_user` WHERE ( user_id='lPQf' ) LIMIT 1   [ RunTime:0.0001s ]
SQL: SELECT `mobile` FROM `fc_user` WHERE ( user_id='lPQf' ) LIMIT 1   [ RunTime:0.0001s ]
NOTIC: [8] Undefined variable: rr E:\phpstudy\PHPTutorial\WWW\bipin\Application\Runtime\Cache\Admin\fe6587f42c94700bab02fd8a66091bf5.php 第 113 行.
SQL: SELECT `truename` FROM `fc_user` WHERE ( user_id='lPQf' ) LIMIT 1   [ RunTime:0.0001s ]
SQL: SELECT `thumb` FROM `fc_user` WHERE ( user_id='lPQf' ) LIMIT 1   [ RunTime:0.0001s ]
SQL: SELECT `mobile` FROM `fc_user` WHERE ( user_id='lPQf' ) LIMIT 1   [ RunTime:0.0001s ]
NOTIC: [8] Undefined variable: rr E:\phpstudy\PHPTutorial\WWW\bipin\Application\Runtime\Cache\Admin\fe6587f42c94700bab02fd8a66091bf5.php 第 113 行.
SQL: SELECT `truename` FROM `fc_user` WHERE ( user_id='eq6W' ) LIMIT 1   [ RunTime:0.0001s ]
SQL: SELECT `thumb` FROM `fc_user` WHERE ( user_id='eq6W' ) LIMIT 1   [ RunTime:0.0001s ]
SQL: SELECT `mobile` FROM `fc_user` WHERE ( user_id='eq6W' ) LIMIT 1   [ RunTime:0.0001s ]
NOTIC: [8] Undefined variable: rr E:\phpstudy\PHPTutorial\WWW\bipin\Application\Runtime\Cache\Admin\fe6587f42c94700bab02fd8a66091bf5.php 第 113 行.
SQL: SELECT `truename` FROM `fc_user` WHERE ( user_id='eq6W' ) LIMIT 1   [ RunTime:0.0001s ]
SQL: SELECT `thumb` FROM `fc_user` WHERE ( user_id='eq6W' ) LIMIT 1   [ RunTime:0.0001s ]
SQL: SELECT `mobile` FROM `fc_user` WHERE ( user_id='eq6W' ) LIMIT 1   [ RunTime:0.0001s ]
NOTIC: [8] Undefined variable: rr E:\phpstudy\PHPTutorial\WWW\bipin\Application\Runtime\Cache\Admin\fe6587f42c94700bab02fd8a66091bf5.php 第 113 行.
SQL: SELECT `truename` FROM `fc_user` WHERE ( user_id='I9NS' ) LIMIT 1   [ RunTime:0.0001s ]
SQL: SELECT `thumb` FROM `fc_user` WHERE ( user_id='I9NS' ) LIMIT 1   [ RunTime:0.0001s ]
SQL: SELECT `mobile` FROM `fc_user` WHERE ( user_id='I9NS' ) LIMIT 1   [ RunTime:0.0001s ]
INFO: Run Behavior\ParseTemplateBehavior [ RunTime:0.020036s ]
INFO: [ view_parse ] --END-- [ RunTime:0.020059s ]
INFO: [ view_filter ] --START--
INFO: Run Behavior\WriteHtmlCacheBehavior [ RunTime:0.000270s ]
INFO: [ view_filter ] --END-- [ RunTime:0.000286s ]
INFO: [ app_end ] --START--
INFO: Run Behavior\ShowPageTraceBehavior [ RunTime:0.000342s ]
INFO: [ app_end ] --END-- [ RunTime:0.000358s ]

[ 2018-08-22T11:57:24+08:00 ] 127.0.0.1 /bipin/index.php?m=admin&c=order&a=tixian
INFO: [ app_init ] --START--
INFO: Run Behavior\BuildLiteBehavior [ RunTime:0.000005s ]
INFO: [ app_init ] --END-- [ RunTime:0.000309s ]
INFO: [ app_begin ] --START--
INFO: Run Behavior\ReadHtmlCacheBehavior [ RunTime:0.000347s ]
INFO: [ app_begin ] --END-- [ RunTime:0.000365s ]
SQL: SHOW COLUMNS FROM `fc_withdrawals` [ RunTime:0.0036s ]
SQL: SELECT * FROM `fc_withdrawals` WHERE `type` = 1 ORDER BY addtime desc LIMIT 0,20   [ RunTime:0.0004s ]
SQL: SELECT SUM(jine1) AS tp_sum FROM `fc_withdrawals` WHERE `status` = 2 LIMIT 1   [ RunTime:0.0001s ]
SQL: SELECT COUNT(*) AS tp_count FROM `fc_withdrawals` WHERE `type` = 1 LIMIT 1   [ RunTime:0.0001s ]
INFO: [ view_parse ] --START--
INFO: [ template_filter ] --START--
INFO: Run Behavior\ContentReplaceBehavior [ RunTime:0.000063s ]
INFO: [ template_filter ] --END-- [ RunTime:0.000083s ]
NOTIC: [8] Undefined variable: status E:\phpstudy\PHPTutorial\WWW\bipin\Application\Runtime\Cache\Admin\fe6587f42c94700bab02fd8a66091bf5.php 第 64 行.
NOTIC: [8] Undefined variable: status E:\phpstudy\PHPTutorial\WWW\bipin\Application\Runtime\Cache\Admin\fe6587f42c94700bab02fd8a66091bf5.php 第 65 行.
NOTIC: [8] Undefined variable: status E:\phpstudy\PHPTutorial\WWW\bipin\Application\Runtime\Cache\Admin\fe6587f42c94700bab02fd8a66091bf5.php 第 66 行.
NOTIC: [8] Undefined variable: mobile E:\phpstudy\PHPTutorial\WWW\bipin\Application\Runtime\Cache\Admin\fe6587f42c94700bab02fd8a66091bf5.php 第 78 行.
NOTIC: [8] Undefined variable: truename E:\phpstudy\PHPTutorial\WWW\bipin\Application\Runtime\Cache\Admin\fe6587f42c94700bab02fd8a66091bf5.php 第 80 行.
NOTIC: [8] Undefined variable: rr E:\phpstudy\PHPTutorial\WWW\bipin\Application\Runtime\Cache\Admin\fe6587f42c94700bab02fd8a66091bf5.php 第 113 行.
SQL: SHOW COLUMNS FROM `fc_user` [ RunTime:0.0035s ]
SQL: SELECT `truename` FROM `fc_user` WHERE ( user_id='BNkp' ) LIMIT 1   [ RunTime:0.0002s ]
SQL: SELECT `thumb` FROM `fc_user` WHERE ( user_id='BNkp' ) LIMIT 1   [ RunTime:0.0001s ]
SQL: SELECT `mobile` FROM `fc_user` WHERE ( user_id='BNkp' ) LIMIT 1   [ RunTime:0.0001s ]
NOTIC: [8] Undefined variable: rr E:\phpstudy\PHPTutorial\WWW\bipin\Application\Runtime\Cache\Admin\fe6587f42c94700bab02fd8a66091bf5.php 第 113 行.
SQL: SELECT `truename` FROM `fc_user` WHERE ( user_id='BNkp' ) LIMIT 1   [ RunTime:0.0001s ]
SQL: SELECT `thumb` FROM `fc_user` WHERE ( user_id='BNkp' ) LIMIT 1   [ RunTime:0.0001s ]
SQL: SELECT `mobile` FROM `fc_user` WHERE ( user_id='BNkp' ) LIMIT 1   [ RunTime:0.0001s ]
NOTIC: [8] Undefined variable: rr E:\phpstudy\PHPTutorial\WWW\bipin\Application\Runtime\Cache\Admin\fe6587f42c94700bab02fd8a66091bf5.php 第 113 行.
SQL: SELECT `truename` FROM `fc_user` WHERE ( user_id='4anh' ) LIMIT 1   [ RunTime:0.0001s ]
SQL: SELECT `thumb` FROM `fc_user` WHERE ( user_id='4anh' ) LIMIT 1   [ RunTime:0.0001s ]
SQL: SELECT `mobile` FROM `fc_user` WHERE ( user_id='4anh' ) LIMIT 1   [ RunTime:0.0001s ]
NOTIC: [8] Undefined variable: rr E:\phpstudy\PHPTutorial\WWW\bipin\Application\Runtime\Cache\Admin\fe6587f42c94700bab02fd8a66091bf5.php 第 113 行.
SQL: SELECT `truename` FROM `fc_user` WHERE ( user_id='6hAZ' ) LIMIT 1   [ RunTime:0.0001s ]
SQL: SELECT `thumb` FROM `fc_user` WHERE ( user_id='6hAZ' ) LIMIT 1   [ RunTime:0.0001s ]
SQL: SELECT `mobile` FROM `fc_user` WHERE ( user_id='6hAZ' ) LIMIT 1   [ RunTime:0.0001s ]
NOTIC: [8] Undefined variable: rr E:\phpstudy\PHPTutorial\WWW\bipin\Application\Runtime\Cache\Admin\fe6587f42c94700bab02fd8a66091bf5.php 第 113 行.
SQL: SELECT `truename` FROM `fc_user` WHERE ( user_id='J3QF' ) LIMIT 1   [ RunTime:0.0001s ]
SQL: SELECT `thumb` FROM `fc_user` WHERE ( user_id='J3QF' ) LIMIT 1   [ RunTime:0.0001s ]
SQL: SELECT `mobile` FROM `fc_user` WHERE ( user_id='J3QF' ) LIMIT 1   [ RunTime:0.0001s ]
NOTIC: [8] Undefined variable: rr E:\phpstudy\PHPTutorial\WWW\bipin\Application\Runtime\Cache\Admin\fe6587f42c94700bab02fd8a66091bf5.php 第 113 行.
SQL: SELECT `truename` FROM `fc_user` WHERE ( user_id='lPQf' ) LIMIT 1   [ RunTime:0.0001s ]
SQL: SELECT `thumb` FROM `fc_user` WHERE ( user_id='lPQf' ) LIMIT 1   [ RunTime:0.0002s ]
SQL: SELECT `mobile` FROM `fc_user` WHERE ( user_id='lPQf' ) LIMIT 1   [ RunTime:0.0001s ]
NOTIC: [8] Undefined variable: rr E:\phpstudy\PHPTutorial\WWW\bipin\Application\Runtime\Cache\Admin\fe6587f42c94700bab02fd8a66091bf5.php 第 113 行.
SQL: SELECT `truename` FROM `fc_user` WHERE ( user_id='lPQf' ) LIMIT 1   [ RunTime:0.0001s ]
SQL: SELECT `thumb` FROM `fc_user` WHERE ( user_id='lPQf' ) LIMIT 1   [ RunTime:0.0001s ]
SQL: SELECT `mobile` FROM `fc_user` WHERE ( user_id='lPQf' ) LIMIT 1   [ RunTime:0.0001s ]
NOTIC: [8] Undefined variable: rr E:\phpstudy\PHPTutorial\WWW\bipin\Application\Runtime\Cache\Admin\fe6587f42c94700bab02fd8a66091bf5.php 第 113 行.
SQL: SELECT `truename` FROM `fc_user` WHERE ( user_id='lPQf' ) LIMIT 1   [ RunTime:0.0001s ]
SQL: SELECT `thumb` FROM `fc_user` WHERE ( user_id='lPQf' ) LIMIT 1   [ RunTime:0.0001s ]
SQL: SELECT `mobile` FROM `fc_user` WHERE ( user_id='lPQf' ) LIMIT 1   [ RunTime:0.0001s ]
NOTIC: [8] Undefined variable: rr E:\phpstudy\PHPTutorial\WWW\bipin\Application\Runtime\Cache\Admin\fe6587f42c94700bab02fd8a66091bf5.php 第 113 行.
SQL: SELECT `truename` FROM `fc_user` WHERE ( user_id='eq6W' ) LIMIT 1   [ RunTime:0.0001s ]
SQL: SELECT `thumb` FROM `fc_user` WHERE ( user_id='eq6W' ) LIMIT 1   [ RunTime:0.0001s ]
SQL: SELECT `mobile` FROM `fc_user` WHERE ( user_id='eq6W' ) LIMIT 1   [ RunTime:0.0001s ]
NOTIC: [8] Undefined variable: rr E:\phpstudy\PHPTutorial\WWW\bipin\Application\Runtime\Cache\Admin\fe6587f42c94700bab02fd8a66091bf5.php 第 113 行.
SQL: SELECT `truename` FROM `fc_user` WHERE ( user_id='eq6W' ) LIMIT 1   [ RunTime:0.0001s ]
SQL: SELECT `thumb` FROM `fc_user` WHERE ( user_id='eq6W' ) LIMIT 1   [ RunTime:0.0001s ]
SQL: SELECT `mobile` FROM `fc_user` WHERE ( user_id='eq6W' ) LIMIT 1   [ RunTime:0.0001s ]
NOTIC: [8] Undefined variable: rr E:\phpstudy\PHPTutorial\WWW\bipin\Application\Runtime\Cache\Admin\fe6587f42c94700bab02fd8a66091bf5.php 第 113 行.
SQL: SELECT `truename` FROM `fc_user` WHERE ( user_id='I9NS' ) LIMIT 1   [ RunTime:0.0001s ]
SQL: SELECT `thumb` FROM `fc_user` WHERE ( user_id='I9NS' ) LIMIT 1   [ RunTime:0.0001s ]
SQL: SELECT `mobile` FROM `fc_user` WHERE ( user_id='I9NS' ) LIMIT 1   [ RunTime:0.0001s ]
INFO: Run Behavior\ParseTemplateBehavior [ RunTime:0.021792s ]
INFO: [ view_parse ] --END-- [ RunTime:0.021808s ]
INFO: [ view_filter ] --START--
INFO: Run Behavior\WriteHtmlCacheBehavior [ RunTime:0.000351s ]
INFO: [ view_filter ] --END-- [ RunTime:0.000366s ]
INFO: [ app_end ] --START--
INFO: Run Behavior\ShowPageTraceBehavior [ RunTime:0.000416s ]
INFO: [ app_end ] --END-- [ RunTime:0.000433s ]

[ 2018-08-22T11:57:28+08:00 ] 127.0.0.1 /bipin/index.php/Admin/images/sky/search.svg
INFO: [ app_init ] --START--
INFO: Run Behavior\BuildLiteBehavior [ RunTime:0.000007s ]
INFO: [ app_init ] --END-- [ RunTime:0.000274s ]
INFO: [ app_begin ] --START--
INFO: Run Behavior\ReadHtmlCacheBehavior [ RunTime:0.000384s ]
INFO: [ app_begin ] --END-- [ RunTime:0.000420s ]
ERR: 无法加载控制器:Images

[ 2018-08-22T11:57:29+08:00 ] 127.0.0.1 /bipin/index.php?m=admin&c=order&a=tixian
INFO: [ app_init ] --START--
INFO: Run Behavior\BuildLiteBehavior [ RunTime:0.000007s ]
INFO: [ app_init ] --END-- [ RunTime:0.000243s ]
INFO: [ app_begin ] --START--
INFO: Run Behavior\ReadHtmlCacheBehavior [ RunTime:0.000325s ]
INFO: [ app_begin ] --END-- [ RunTime:0.000344s ]
SQL: SHOW COLUMNS FROM `fc_withdrawals` [ RunTime:0.0034s ]
SQL: SELECT * FROM `fc_withdrawals` WHERE `type` = 1 ORDER BY addtime desc LIMIT 0,20   [ RunTime:0.0003s ]
SQL: SELECT SUM(jine1) AS tp_sum FROM `fc_withdrawals` WHERE `status` = 2 LIMIT 1   [ RunTime:0.0001s ]
SQL: SELECT COUNT(*) AS tp_count FROM `fc_withdrawals` WHERE `type` = 1 LIMIT 1   [ RunTime:0.0001s ]
INFO: [ view_parse ] --START--
INFO: [ template_filter ] --START--
INFO: Run Behavior\ContentReplaceBehavior [ RunTime:0.000061s ]
INFO: [ template_filter ] --END-- [ RunTime:0.000077s ]
NOTIC: [8] Undefined variable: status E:\phpstudy\PHPTutorial\WWW\bipin\Application\Runtime\Cache\Admin\fe6587f42c94700bab02fd8a66091bf5.php 第 64 行.
NOTIC: [8] Undefined variable: status E:\phpstudy\PHPTutorial\WWW\bipin\Application\Runtime\Cache\Admin\fe6587f42c94700bab02fd8a66091bf5.php 第 65 行.
NOTIC: [8] Undefined variable: status E:\phpstudy\PHPTutorial\WWW\bipin\Application\Runtime\Cache\Admin\fe6587f42c94700bab02fd8a66091bf5.php 第 66 行.
NOTIC: [8] Undefined variable: mobile E:\phpstudy\PHPTutorial\WWW\bipin\Application\Runtime\Cache\Admin\fe6587f42c94700bab02fd8a66091bf5.php 第 78 行.
NOTIC: [8] Undefined variable: truename E:\phpstudy\PHPTutorial\WWW\bipin\Application\Runtime\Cache\Admin\fe6587f42c94700bab02fd8a66091bf5.php 第 80 行.
NOTIC: [8] Undefined variable: rr E:\phpstudy\PHPTutorial\WWW\bipin\Application\Runtime\Cache\Admin\fe6587f42c94700bab02fd8a66091bf5.php 第 113 行.
SQL: SHOW COLUMNS FROM `fc_user` [ RunTime:0.0034s ]
SQL: SELECT `truename` FROM `fc_user` WHERE ( user_id='BNkp' ) LIMIT 1   [ RunTime:0.0001s ]
SQL: SELECT `thumb` FROM `fc_user` WHERE ( user_id='BNkp' ) LIMIT 1   [ RunTime:0.0001s ]
SQL: SELECT `mobile` FROM `fc_user` WHERE ( user_id='BNkp' ) LIMIT 1   [ RunTime:0.0001s ]
NOTIC: [8] Undefined variable: rr E:\phpstudy\PHPTutorial\WWW\bipin\Application\Runtime\Cache\Admin\fe6587f42c94700bab02fd8a66091bf5.php 第 113 行.
SQL: SELECT `truename` FROM `fc_user` WHERE ( user_id='BNkp' ) LIMIT 1   [ RunTime:0.0001s ]
SQL: SELECT `thumb` FROM `fc_user` WHERE ( user_id='BNkp' ) LIMIT 1   [ RunTime:0.0001s ]
SQL: SELECT `mobile` FROM `fc_user` WHERE ( user_id='BNkp' ) LIMIT 1   [ RunTime:0.0001s ]
NOTIC: [8] Undefined variable: rr E:\phpstudy\PHPTutorial\WWW\bipin\Application\Runtime\Cache\Admin\fe6587f42c94700bab02fd8a66091bf5.php 第 113 行.
SQL: SELECT `truename` FROM `fc_user` WHERE ( user_id='4anh' ) LIMIT 1   [ RunTime:0.0001s ]
SQL: SELECT `thumb` FROM `fc_user` WHERE ( user_id='4anh' ) LIMIT 1   [ RunTime:0.0001s ]
SQL: SELECT `mobile` FROM `fc_user` WHERE ( user_id='4anh' ) LIMIT 1   [ RunTime:0.0001s ]
NOTIC: [8] Undefined variable: rr E:\phpstudy\PHPTutorial\WWW\bipin\Application\Runtime\Cache\Admin\fe6587f42c94700bab02fd8a66091bf5.php 第 113 行.
SQL: SELECT `truename` FROM `fc_user` WHERE ( user_id='6hAZ' ) LIMIT 1   [ RunTime:0.0001s ]
SQL: SELECT `thumb` FROM `fc_user` WHERE ( user_id='6hAZ' ) LIMIT 1   [ RunTime:0.0001s ]
SQL: SELECT `mobile` FROM `fc_user` WHERE ( user_id='6hAZ' ) LIMIT 1   [ RunTime:0.0001s ]
NOTIC: [8] Undefined variable: rr E:\phpstudy\PHPTutorial\WWW\bipin\Application\Runtime\Cache\Admin\fe6587f42c94700bab02fd8a66091bf5.php 第 113 行.
SQL: SELECT `truename` FROM `fc_user` WHERE ( user_id='J3QF' ) LIMIT 1   [ RunTime:0.0001s ]
SQL: SELECT `thumb` FROM `fc_user` WHERE ( user_id='J3QF' ) LIMIT 1   [ RunTime:0.0001s ]
SQL: SELECT `mobile` FROM `fc_user` WHERE ( user_id='J3QF' ) LIMIT 1   [ RunTime:0.0001s ]
NOTIC: [8] Undefined variable: rr E:\phpstudy\PHPTutorial\WWW\bipin\Application\Runtime\Cache\Admin\fe6587f42c94700bab02fd8a66091bf5.php 第 113 行.
SQL: SELECT `truename` FROM `fc_user` WHERE ( user_id='lPQf' ) LIMIT 1   [ RunTime:0.0001s ]
SQL: SELECT `thumb` FROM `fc_user` WHERE ( user_id='lPQf' ) LIMIT 1   [ RunTime:0.0001s ]
SQL: SELECT `mobile` FROM `fc_user` WHERE ( user_id='lPQf' ) LIMIT 1   [ RunTime:0.0001s ]
NOTIC: [8] Undefined variable: rr E:\phpstudy\PHPTutorial\WWW\bipin\Application\Runtime\Cache\Admin\fe6587f42c94700bab02fd8a66091bf5.php 第 113 行.
SQL: SELECT `truename` FROM `fc_user` WHERE ( user_id='lPQf' ) LIMIT 1   [ RunTime:0.0001s ]
SQL: SELECT `thumb` FROM `fc_user` WHERE ( user_id='lPQf' ) LIMIT 1   [ RunTime:0.0001s ]
SQL: SELECT `mobile` FROM `fc_user` WHERE ( user_id='lPQf' ) LIMIT 1   [ RunTime:0.0001s ]
NOTIC: [8] Undefined variable: rr E:\phpstudy\PHPTutorial\WWW\bipin\Application\Runtime\Cache\Admin\fe6587f42c94700bab02fd8a66091bf5.php 第 113 行.
SQL: SELECT `truename` FROM `fc_user` WHERE ( user_id='lPQf' ) LIMIT 1   [ RunTime:0.0001s ]
SQL: SELECT `thumb` FROM `fc_user` WHERE ( user_id='lPQf' ) LIMIT 1   [ RunTime:0.0001s ]
SQL: SELECT `mobile` FROM `fc_user` WHERE ( user_id='lPQf' ) LIMIT 1   [ RunTime:0.0001s ]
NOTIC: [8] Undefined variable: rr E:\phpstudy\PHPTutorial\WWW\bipin\Application\Runtime\Cache\Admin\fe6587f42c94700bab02fd8a66091bf5.php 第 113 行.
SQL: SELECT `truename` FROM `fc_user` WHERE ( user_id='eq6W' ) LIMIT 1   [ RunTime:0.0001s ]
SQL: SELECT `thumb` FROM `fc_user` WHERE ( user_id='eq6W' ) LIMIT 1   [ RunTime:0.0001s ]
SQL: SELECT `mobile` FROM `fc_user` WHERE ( user_id='eq6W' ) LIMIT 1   [ RunTime:0.0001s ]
NOTIC: [8] Undefined variable: rr E:\phpstudy\PHPTutorial\WWW\bipin\Application\Runtime\Cache\Admin\fe6587f42c94700bab02fd8a66091bf5.php 第 113 行.
SQL: SELECT `truename` FROM `fc_user` WHERE ( user_id='eq6W' ) LIMIT 1   [ RunTime:0.0001s ]
SQL: SELECT `thumb` FROM `fc_user` WHERE ( user_id='eq6W' ) LIMIT 1   [ RunTime:0.0001s ]
SQL: SELECT `mobile` FROM `fc_user` WHERE ( user_id='eq6W' ) LIMIT 1   [ RunTime:0.0001s ]
NOTIC: [8] Undefined variable: rr E:\phpstudy\PHPTutorial\WWW\bipin\Application\Runtime\Cache\Admin\fe6587f42c94700bab02fd8a66091bf5.php 第 113 行.
SQL: SELECT `truename` FROM `fc_user` WHERE ( user_id='I9NS' ) LIMIT 1   [ RunTime:0.0001s ]
SQL: SELECT `thumb` FROM `fc_user` WHERE ( user_id='I9NS' ) LIMIT 1   [ RunTime:0.0001s ]
SQL: SELECT `mobile` FROM `fc_user` WHERE ( user_id='I9NS' ) LIMIT 1   [ RunTime:0.0001s ]
INFO: Run Behavior\ParseTemplateBehavior [ RunTime:0.012931s ]
INFO: [ view_parse ] --END-- [ RunTime:0.012947s ]
INFO: [ view_filter ] --START--
INFO: Run Behavior\WriteHtmlCacheBehavior [ RunTime:0.000264s ]
INFO: [ view_filter ] --END-- [ RunTime:0.000278s ]
INFO: [ app_end ] --START--
INFO: Run Behavior\ShowPageTraceBehavior [ RunTime:0.000387s ]
INFO: [ app_end ] --END-- [ RunTime:0.000403s ]

[ 2018-08-22T11:57:29+08:00 ] 127.0.0.1 /bipin/index.php/Admin/Index/index.html
INFO: [ app_init ] --START--
INFO: Run Behavior\BuildLiteBehavior [ RunTime:0.000005s ]
INFO: [ app_init ] --END-- [ RunTime:0.000226s ]
INFO: [ app_begin ] --START--
INFO: Run Behavior\ReadHtmlCacheBehavior [ RunTime:0.000290s ]
INFO: [ app_begin ] --END-- [ RunTime:0.000307s ]

[ 2018-08-22T11:57:29+08:00 ] 127.0.0.1 /bipin/index.php/Admin/Public/login.html
INFO: [ app_init ] --START--
INFO: Run Behavior\BuildLiteBehavior [ RunTime:0.000004s ]
INFO: [ app_init ] --END-- [ RunTime:0.000219s ]
INFO: [ app_begin ] --START--
INFO: Run Behavior\ReadHtmlCacheBehavior [ RunTime:0.000286s ]
INFO: [ app_begin ] --END-- [ RunTime:0.000303s ]
INFO: [ view_parse ] --START--
INFO: [ template_filter ] --START--
INFO: Run Behavior\ContentReplaceBehavior [ RunTime:0.000028s ]
INFO: [ template_filter ] --END-- [ RunTime:0.000048s ]
INFO: Run Behavior\ParseTemplateBehavior [ RunTime:0.002831s ]
INFO: [ view_parse ] --END-- [ RunTime:0.002851s ]
INFO: [ view_filter ] --START--
INFO: Run Behavior\WriteHtmlCacheBehavior [ RunTime:0.000171s ]
INFO: [ view_filter ] --END-- [ RunTime:0.000186s ]
INFO: [ app_end ] --START--
INFO: Run Behavior\ShowPageTraceBehavior [ RunTime:0.000299s ]
INFO: [ app_end ] --END-- [ RunTime:0.000314s ]

[ 2018-08-22T11:57:29+08:00 ] 127.0.0.1 /bipin/index.php/Admin/Public/login.html
INFO: [ app_init ] --START--
INFO: Run Behavior\BuildLiteBehavior [ RunTime:0.000006s ]
INFO: [ app_init ] --END-- [ RunTime:0.001266s ]
INFO: [ app_begin ] --START--
INFO: Run Behavior\ReadHtmlCacheBehavior [ RunTime:0.000313s ]
INFO: [ app_begin ] --END-- [ RunTime:0.000331s ]
INFO: [ view_parse ] --START--
INFO: [ template_filter ] --START--
INFO: Run Behavior\ContentReplaceBehavior [ RunTime:0.000028s ]
INFO: [ template_filter ] --END-- [ RunTime:0.000047s ]
INFO: Run Behavior\ParseTemplateBehavior [ RunTime:0.002965s ]
INFO: [ view_parse ] --END-- [ RunTime:0.002985s ]
INFO: [ view_filter ] --START--
INFO: Run Behavior\WriteHtmlCacheBehavior [ RunTime:0.000201s ]
INFO: [ view_filter ] --END-- [ RunTime:0.000216s ]
INFO: [ app_end ] --START--
INFO: Run Behavior\ShowPageTraceBehavior [ RunTime:0.000328s ]
INFO: [ app_end ] --END-- [ RunTime:0.000343s ]

[ 2018-08-22T11:57:31+08:00 ] 127.0.0.1 /bipin/index.php/Admin/Public/login.html
INFO: [ app_init ] --START--
INFO: Run Behavior\BuildLiteBehavior [ RunTime:0.000006s ]
INFO: [ app_init ] --END-- [ RunTime:0.000544s ]
INFO: [ app_begin ] --START--
INFO: Run Behavior\ReadHtmlCacheBehavior [ RunTime:0.000308s ]
INFO: [ app_begin ] --END-- [ RunTime:0.000327s ]
INFO: [ view_parse ] --START--
INFO: [ template_filter ] --START--
INFO: Run Behavior\ContentReplaceBehavior [ RunTime:0.000028s ]
INFO: [ template_filter ] --END-- [ RunTime:0.000047s ]
INFO: Run Behavior\ParseTemplateBehavior [ RunTime:0.002585s ]
INFO: [ view_parse ] --END-- [ RunTime:0.002604s ]
INFO: [ view_filter ] --START--
INFO: Run Behavior\WriteHtmlCacheBehavior [ RunTime:0.000177s ]
INFO: [ view_filter ] --END-- [ RunTime:0.000192s ]
INFO: [ app_end ] --START--
INFO: Run Behavior\ShowPageTraceBehavior [ RunTime:0.000307s ]
INFO: [ app_end ] --END-- [ RunTime:0.000322s ]

[ 2018-08-22T11:57:31+08:00 ] 127.0.0.1 /bipin/index.php/Admin/Public/login.html
INFO: [ app_init ] --START--
INFO: Run Behavior\BuildLiteBehavior [ RunTime:0.000007s ]
INFO: [ app_init ] --END-- [ RunTime:0.000290s ]
INFO: [ app_begin ] --START--
INFO: Run Behavior\ReadHtmlCacheBehavior [ RunTime:0.000404s ]
INFO: [ app_begin ] --END-- [ RunTime:0.000442s ]
INFO: [ view_parse ] --START--
INFO: [ template_filter ] --START--
INFO: Run Behavior\ContentReplaceBehavior [ RunTime:0.000038s ]
INFO: [ template_filter ] --END-- [ RunTime:0.000076s ]
INFO: Run Behavior\ParseTemplateBehavior [ RunTime:0.004612s ]
INFO: [ view_parse ] --END-- [ RunTime:0.004639s ]
INFO: [ view_filter ] --START--
INFO: Run Behavior\WriteHtmlCacheBehavior [ RunTime:0.000274s ]
INFO: [ view_filter ] --END-- [ RunTime:0.000290s ]
INFO: [ app_end ] --START--
INFO: Run Behavior\ShowPageTraceBehavior [ RunTime:0.000400s ]
INFO: [ app_end ] --END-- [ RunTime:0.000417s ]

[ 2018-08-22T11:57:46+08:00 ] 127.0.0.1 /bipin/index.php/Admin/Public/login.html
INFO: [ app_init ] --START--
INFO: Run Behavior\BuildLiteBehavior [ RunTime:0.000010s ]
INFO: [ app_init ] --END-- [ RunTime:0.007067s ]
INFO: [ app_begin ] --START--
INFO: Run Behavior\ReadHtmlCacheBehavior [ RunTime:0.000424s ]
INFO: [ app_begin ] --END-- [ RunTime:0.000450s ]
SQL: SHOW COLUMNS FROM `fc_user` [ RunTime:0.0098s ]
SQL: SELECT `user_id`,`level`,`loginpwds`,`username` FROM `fc_user` WHERE `username` = 'admin' OR `mobile` = 'admin' LIMIT 1   [ RunTime:0.0004s ]
SQL: SHOW COLUMNS FROM `fc_login_log` [ RunTime:0.0098s ]
SQL: INSERT INTO `fc_login_log` (`uid`,`addtime`,`ip`,`truename`) VALUES ('12112','1534910265','127.0.0.1','admin') [ RunTime:0.0006s ]
NOTIC: [8] Undefined index: zheng E:\phpstudy\PHPTutorial\WWW\bipin\Application\Admin\Controller\PublicController.class.php 第 142 行.

[ 2018-08-22T11:57:46+08:00 ] 127.0.0.1 /bipin/index.php/Admin/Index/index.html
INFO: [ app_init ] --START--
INFO: Run Behavior\BuildLiteBehavior [ RunTime:0.000008s ]
INFO: [ app_init ] --END-- [ RunTime:0.000341s ]
INFO: [ app_begin ] --START--
INFO: Run Behavior\ReadHtmlCacheBehavior [ RunTime:0.000429s ]
INFO: [ app_begin ] --END-- [ RunTime:0.000458s ]
INFO: [ view_parse ] --START--
INFO: [ template_filter ] --START--
INFO: Run Behavior\ContentReplaceBehavior [ RunTime:0.000224s ]
INFO: [ template_filter ] --END-- [ RunTime:0.000248s ]
INFO: Run Behavior\ParseTemplateBehavior [ RunTime:0.006733s ]
INFO: [ view_parse ] --END-- [ RunTime:0.006753s ]
INFO: [ view_filter ] --START--
INFO: Run Behavior\WriteHtmlCacheBehavior [ RunTime:0.000209s ]
INFO: [ view_filter ] --END-- [ RunTime:0.000224s ]
INFO: [ app_end ] --START--
INFO: Run Behavior\ShowPageTraceBehavior [ RunTime:0.000348s ]
INFO: [ app_end ] --END-- [ RunTime:0.000365s ]

[ 2018-08-22T11:57:46+08:00 ] 127.0.0.1 /bipin/index.php/Admin/images/sky/search.svg
INFO: [ app_init ] --START--
INFO: Run Behavior\BuildLiteBehavior [ RunTime:0.000005s ]
INFO: [ app_init ] --END-- [ RunTime:0.000252s ]
INFO: [ app_begin ] --START--
INFO: Run Behavior\ReadHtmlCacheBehavior [ RunTime:0.000345s ]
INFO: [ app_begin ] --END-- [ RunTime:0.000368s ]
ERR: 无法加载控制器:Images

[ 2018-08-22T11:57:46+08:00 ] 127.0.0.1 /bipin/index.php/Admin/Index/index.html
INFO: [ app_init ] --START--
INFO: Run Behavior\BuildLiteBehavior [ RunTime:0.000017s ]
INFO: [ app_init ] --END-- [ RunTime:0.000350s ]
INFO: [ app_begin ] --START--
INFO: Run Behavior\ReadHtmlCacheBehavior [ RunTime:0.000326s ]
INFO: [ app_begin ] --END-- [ RunTime:0.000349s ]
INFO: [ view_parse ] --START--
INFO: [ template_filter ] --START--
INFO: Run Behavior\ContentReplaceBehavior [ RunTime:0.000240s ]
INFO: [ template_filter ] --END-- [ RunTime:0.000274s ]
INFO: Run Behavior\ParseTemplateBehavior [ RunTime:0.007348s ]
INFO: [ view_parse ] --END-- [ RunTime:0.007375s ]
INFO: [ view_filter ] --START--
INFO: Run Behavior\WriteHtmlCacheBehavior [ RunTime:0.000336s ]
INFO: [ view_filter ] --END-- [ RunTime:0.000360s ]
INFO: [ app_end ] --START--
INFO: Run Behavior\ShowPageTraceBehavior [ RunTime:0.001264s ]
INFO: [ app_end ] --END-- [ RunTime:0.001325s ]

[ 2018-08-22T11:57:47+08:00 ] 127.0.0.1 /bipin/index.php?m=admin&c=order&a=tixian
INFO: [ app_init ] --START--
INFO: Run Behavior\BuildLiteBehavior [ RunTime:0.000012s ]
INFO: [ app_init ] --END-- [ RunTime:0.000394s ]
INFO: [ app_begin ] --START--
INFO: Run Behavior\ReadHtmlCacheBehavior [ RunTime:0.000555s ]
INFO: [ app_begin ] --END-- [ RunTime:0.000590s ]
SQL: SHOW COLUMNS FROM `fc_withdrawals` [ RunTime:0.0032s ]
SQL: SELECT * FROM `fc_withdrawals` WHERE `type` = 1 ORDER BY addtime desc LIMIT 0,20   [ RunTime:0.0003s ]
SQL: SELECT SUM(jine1) AS tp_sum FROM `fc_withdrawals` WHERE `status` = 2 LIMIT 1   [ RunTime:0.0001s ]
SQL: SELECT COUNT(*) AS tp_count FROM `fc_withdrawals` WHERE `type` = 1 LIMIT 1   [ RunTime:0.0001s ]
INFO: [ view_parse ] --START--
INFO: [ template_filter ] --START--
INFO: Run Behavior\ContentReplaceBehavior [ RunTime:0.000065s ]
INFO: [ template_filter ] --END-- [ RunTime:0.000086s ]
NOTIC: [8] Undefined variable: status E:\phpstudy\PHPTutorial\WWW\bipin\Application\Runtime\Cache\Admin\fe6587f42c94700bab02fd8a66091bf5.php 第 64 行.
NOTIC: [8] Undefined variable: status E:\phpstudy\PHPTutorial\WWW\bipin\Application\Runtime\Cache\Admin\fe6587f42c94700bab02fd8a66091bf5.php 第 65 行.
NOTIC: [8] Undefined variable: status E:\phpstudy\PHPTutorial\WWW\bipin\Application\Runtime\Cache\Admin\fe6587f42c94700bab02fd8a66091bf5.php 第 66 行.
NOTIC: [8] Undefined variable: mobile E:\phpstudy\PHPTutorial\WWW\bipin\Application\Runtime\Cache\Admin\fe6587f42c94700bab02fd8a66091bf5.php 第 78 行.
NOTIC: [8] Undefined variable: truename E:\phpstudy\PHPTutorial\WWW\bipin\Application\Runtime\Cache\Admin\fe6587f42c94700bab02fd8a66091bf5.php 第 80 行.
NOTIC: [8] Undefined variable: rr E:\phpstudy\PHPTutorial\WWW\bipin\Application\Runtime\Cache\Admin\fe6587f42c94700bab02fd8a66091bf5.php 第 113 行.
SQL: SHOW COLUMNS FROM `fc_user` [ RunTime:0.0036s ]
SQL: SELECT `truename` FROM `fc_user` WHERE ( user_id='BNkp' ) LIMIT 1   [ RunTime:0.0002s ]
SQL: SELECT `thumb` FROM `fc_user` WHERE ( user_id='BNkp' ) LIMIT 1   [ RunTime:0.0001s ]
SQL: SELECT `mobile` FROM `fc_user` WHERE ( user_id='BNkp' ) LIMIT 1   [ RunTime:0.0001s ]
NOTIC: [8] Undefined variable: rr E:\phpstudy\PHPTutorial\WWW\bipin\Application\Runtime\Cache\Admin\fe6587f42c94700bab02fd8a66091bf5.php 第 113 行.
SQL: SELECT `truename` FROM `fc_user` WHERE ( user_id='BNkp' ) LIMIT 1   [ RunTime:0.0001s ]
SQL: SELECT `thumb` FROM `fc_user` WHERE ( user_id='BNkp' ) LIMIT 1   [ RunTime:0.0001s ]
SQL: SELECT `mobile` FROM `fc_user` WHERE ( user_id='BNkp' ) LIMIT 1   [ RunTime:0.0002s ]
NOTIC: [8] Undefined variable: rr E:\phpstudy\PHPTutorial\WWW\bipin\Application\Runtime\Cache\Admin\fe6587f42c94700bab02fd8a66091bf5.php 第 113 行.
SQL: SELECT `truename` FROM `fc_user` WHERE ( user_id='4anh' ) LIMIT 1   [ RunTime:0.0002s ]
SQL: SELECT `thumb` FROM `fc_user` WHERE ( user_id='4anh' ) LIMIT 1   [ RunTime:0.0001s ]
SQL: SELECT `mobile` FROM `fc_user` WHERE ( user_id='4anh' ) LIMIT 1   [ RunTime:0.0001s ]
NOTIC: [8] Undefined variable: rr E:\phpstudy\PHPTutorial\WWW\bipin\Application\Runtime\Cache\Admin\fe6587f42c94700bab02fd8a66091bf5.php 第 113 行.
SQL: SELECT `truename` FROM `fc_user` WHERE ( user_id='6hAZ' ) LIMIT 1   [ RunTime:0.0001s ]
SQL: SELECT `thumb` FROM `fc_user` WHERE ( user_id='6hAZ' ) LIMIT 1   [ RunTime:0.0001s ]
SQL: SELECT `mobile` FROM `fc_user` WHERE ( user_id='6hAZ' ) LIMIT 1   [ RunTime:0.0001s ]
NOTIC: [8] Undefined variable: rr E:\phpstudy\PHPTutorial\WWW\bipin\Application\Runtime\Cache\Admin\fe6587f42c94700bab02fd8a66091bf5.php 第 113 行.
SQL: SELECT `truename` FROM `fc_user` WHERE ( user_id='J3QF' ) LIMIT 1   [ RunTime:0.0001s ]
SQL: SELECT `thumb` FROM `fc_user` WHERE ( user_id='J3QF' ) LIMIT 1   [ RunTime:0.0001s ]
SQL: SELECT `mobile` FROM `fc_user` WHERE ( user_id='J3QF' ) LIMIT 1   [ RunTime:0.0001s ]
NOTIC: [8] Undefined variable: rr E:\phpstudy\PHPTutorial\WWW\bipin\Application\Runtime\Cache\Admin\fe6587f42c94700bab02fd8a66091bf5.php 第 113 行.
SQL: SELECT `truename` FROM `fc_user` WHERE ( user_id='lPQf' ) LIMIT 1   [ RunTime:0.0001s ]
SQL: SELECT `thumb` FROM `fc_user` WHERE ( user_id='lPQf' ) LIMIT 1   [ RunTime:0.0001s ]
SQL: SELECT `mobile` FROM `fc_user` WHERE ( user_id='lPQf' ) LIMIT 1   [ RunTime:0.0001s ]
NOTIC: [8] Undefined variable: rr E:\phpstudy\PHPTutorial\WWW\bipin\Application\Runtime\Cache\Admin\fe6587f42c94700bab02fd8a66091bf5.php 第 113 行.
SQL: SELECT `truename` FROM `fc_user` WHERE ( user_id='lPQf' ) LIMIT 1   [ RunTime:0.0001s ]
SQL: SELECT `thumb` FROM `fc_user` WHERE ( user_id='lPQf' ) LIMIT 1   [ RunTime:0.0001s ]
SQL: SELECT `mobile` FROM `fc_user` WHERE ( user_id='lPQf' ) LIMIT 1   [ RunTime:0.0001s ]
NOTIC: [8] Undefined variable: rr E:\phpstudy\PHPTutorial\WWW\bipin\Application\Runtime\Cache\Admin\fe6587f42c94700bab02fd8a66091bf5.php 第 113 行.
SQL: SELECT `truename` FROM `fc_user` WHERE ( user_id='lPQf' ) LIMIT 1   [ RunTime:0.0001s ]
SQL: SELECT `thumb` FROM `fc_user` WHERE ( user_id='lPQf' ) LIMIT 1   [ RunTime:0.0001s ]
SQL: SELECT `mobile` FROM `fc_user` WHERE ( user_id='lPQf' ) LIMIT 1   [ RunTime:0.0001s ]
NOTIC: [8] Undefined variable: rr E:\phpstudy\PHPTutorial\WWW\bipin\Application\Runtime\Cache\Admin\fe6587f42c94700bab02fd8a66091bf5.php 第 113 行.
SQL: SELECT `truename` FROM `fc_user` WHERE ( user_id='eq6W' ) LIMIT 1   [ RunTime:0.0001s ]
SQL: SELECT `thumb` FROM `fc_user` WHERE ( user_id='eq6W' ) LIMIT 1   [ RunTime:0.0001s ]
SQL: SELECT `mobile` FROM `fc_user` WHERE ( user_id='eq6W' ) LIMIT 1   [ RunTime:0.0001s ]
NOTIC: [8] Undefined variable: rr E:\phpstudy\PHPTutorial\WWW\bipin\Application\Runtime\Cache\Admin\fe6587f42c94700bab02fd8a66091bf5.php 第 113 行.
SQL: SELECT `truename` FROM `fc_user` WHERE ( user_id='eq6W' ) LIMIT 1   [ RunTime:0.0001s ]
SQL: SELECT `thumb` FROM `fc_user` WHERE ( user_id='eq6W' ) LIMIT 1   [ RunTime:0.0001s ]
SQL: SELECT `mobile` FROM `fc_user` WHERE ( user_id='eq6W' ) LIMIT 1   [ RunTime:0.0001s ]
NOTIC: [8] Undefined variable: rr E:\phpstudy\PHPTutorial\WWW\bipin\Application\Runtime\Cache\Admin\fe6587f42c94700bab02fd8a66091bf5.php 第 113 行.
SQL: SELECT `truename` FROM `fc_user` WHERE ( user_id='I9NS' ) LIMIT 1   [ RunTime:0.0002s ]
SQL: SELECT `thumb` FROM `fc_user` WHERE ( user_id='I9NS' ) LIMIT 1   [ RunTime:0.0001s ]
SQL: SELECT `mobile` FROM `fc_user` WHERE ( user_id='I9NS' ) LIMIT 1   [ RunTime:0.0001s ]
INFO: Run Behavior\ParseTemplateBehavior [ RunTime:0.014297s ]
INFO: [ view_parse ] --END-- [ RunTime:0.014313s ]
INFO: [ view_filter ] --START--
INFO: Run Behavior\WriteHtmlCacheBehavior [ RunTime:0.000244s ]
INFO: [ view_filter ] --END-- [ RunTime:0.000259s ]
INFO: [ app_end ] --START--
INFO: Run Behavior\ShowPageTraceBehavior [ RunTime:0.000368s ]
INFO: [ app_end ] --END-- [ RunTime:0.000387s ]

