[ 2018-08-21T15:16:32+08:00 ] 127.0.0.1 /bipin/index.php/Admin
INFO: [ app_init ] --START--
INFO: Run Behavior\BuildLiteBehavior [ RunTime:0.000005s ]
INFO: [ app_init ] --END-- [ RunTime:0.000294s ]
INFO: [ app_begin ] --START--
INFO: Run Behavior\ReadHtmlCacheBehavior [ RunTime:0.000314s ]
INFO: [ app_begin ] --END-- [ RunTime:0.000334s ]

[ 2018-08-21T15:16:32+08:00 ] 127.0.0.1 /bipin/index.php/Admin/Public/login.html
INFO: [ app_init ] --START--
INFO: Run Behavior\BuildLiteBehavior [ RunTime:0.000005s ]
INFO: [ app_init ] --END-- [ RunTime:0.000226s ]
INFO: [ app_begin ] --START--
INFO: Run Behavior\ReadHtmlCacheBehavior [ RunTime:0.000402s ]
INFO: [ app_begin ] --END-- [ RunTime:0.000439s ]
INFO: [ view_parse ] --START--
INFO: [ template_filter ] --START--
INFO: Run Behavior\ContentReplaceBehavior [ RunTime:0.000029s ]
INFO: [ template_filter ] --END-- [ RunTime:0.000051s ]
INFO: Run Behavior\ParseTemplateBehavior [ RunTime:0.004742s ]
INFO: [ view_parse ] --END-- [ RunTime:0.004766s ]
INFO: [ view_filter ] --START--
INFO: Run Behavior\WriteHtmlCacheBehavior [ RunTime:0.000181s ]
INFO: [ view_filter ] --END-- [ RunTime:0.000195s ]
INFO: [ app_end ] --START--
INFO: Run Behavior\ShowPageTraceBehavior [ RunTime:0.000342s ]
INFO: [ app_end ] --END-- [ RunTime:0.000357s ]

[ 2018-08-21T15:16:32+08:00 ] 127.0.0.1 /bipin/index.php/Admin/Public/login.html
INFO: [ app_init ] --START--
INFO: Run Behavior\BuildLiteBehavior [ RunTime:0.000006s ]
INFO: [ app_init ] --END-- [ RunTime:0.000249s ]
INFO: [ app_begin ] --START--
INFO: Run Behavior\ReadHtmlCacheBehavior [ RunTime:0.000420s ]
INFO: [ app_begin ] --END-- [ RunTime:0.000472s ]
INFO: [ view_parse ] --START--
INFO: [ template_filter ] --START--
INFO: Run Behavior\ContentReplaceBehavior [ RunTime:0.000054s ]
INFO: [ template_filter ] --END-- [ RunTime:0.000104s ]
INFO: Run Behavior\ParseTemplateBehavior [ RunTime:0.003533s ]
INFO: [ view_parse ] --END-- [ RunTime:0.003555s ]
INFO: [ view_filter ] --START--
INFO: Run Behavior\WriteHtmlCacheBehavior [ RunTime:0.000187s ]
INFO: [ view_filter ] --END-- [ RunTime:0.000202s ]
INFO: [ app_end ] --START--
INFO: Run Behavior\ShowPageTraceBehavior [ RunTime:0.000311s ]
INFO: [ app_end ] --END-- [ RunTime:0.000326s ]

[ 2018-08-21T15:16:41+08:00 ] 127.0.0.1 /bipin/index.php/Admin/Public/login.html
INFO: [ app_init ] --START--
INFO: Run Behavior\BuildLiteBehavior [ RunTime:0.000005s ]
INFO: [ app_init ] --END-- [ RunTime:0.000225s ]
INFO: [ app_begin ] --START--
INFO: Run Behavior\ReadHtmlCacheBehavior [ RunTime:0.000292s ]
INFO: [ app_begin ] --END-- [ RunTime:0.000312s ]
ERR: SQLSTATE[HY000] [1049] Unknown database 'xbb'

[ 2018-08-21T15:18:42+08:00 ] 127.0.0.1 /bipin/index.php/Admin/Public/login.html
INFO: [ app_init ] --START--
INFO: Run Behavior\BuildLiteBehavior [ RunTime:0.000007s ]
INFO: [ app_init ] --END-- [ RunTime:0.000442s ]
INFO: [ app_begin ] --START--
INFO: Run Behavior\ReadHtmlCacheBehavior [ RunTime:0.000390s ]
INFO: [ app_begin ] --END-- [ RunTime:0.000415s ]
SQL: SHOW COLUMNS FROM `fc_user` [ RunTime:0.0047s ]
SQL: SELECT `user_id`,`level`,`loginpwds`,`username` FROM `fc_user` WHERE `username` = 'admin' OR `mobile` = 'admin' LIMIT 1   [ RunTime:0.0002s ]
SQL: SHOW COLUMNS FROM `fc_login_log` [ RunTime:0.0033s ]
SQL: INSERT INTO `fc_login_log` (`uid`,`addtime`,`ip`,`truename`) VALUES ('12112','1534835921','127.0.0.1','admin') [ RunTime:0.0010s ]
NOTIC: [8] Undefined index: zheng E:\phpstudy\PHPTutorial\WWW\bipin\Application\Admin\Controller\PublicController.class.php 第 142 行.

[ 2018-08-21T15:18:42+08:00 ] 127.0.0.1 /bipin/index.php/Admin/Index/index.html
INFO: [ app_init ] --START--
INFO: Run Behavior\BuildLiteBehavior [ RunTime:0.000005s ]
INFO: [ app_init ] --END-- [ RunTime:0.000234s ]
INFO: [ app_begin ] --START--
INFO: Run Behavior\ReadHtmlCacheBehavior [ RunTime:0.000294s ]
INFO: [ app_begin ] --END-- [ RunTime:0.000313s ]
INFO: [ view_parse ] --START--
INFO: [ template_filter ] --START--
INFO: Run Behavior\ContentReplaceBehavior [ RunTime:0.000207s ]
INFO: [ template_filter ] --END-- [ RunTime:0.000231s ]
INFO: Run Behavior\ParseTemplateBehavior [ RunTime:0.006437s ]
INFO: [ view_parse ] --END-- [ RunTime:0.006455s ]
INFO: [ view_filter ] --START--
INFO: Run Behavior\WriteHtmlCacheBehavior [ RunTime:0.000266s ]
INFO: [ view_filter ] --END-- [ RunTime:0.000282s ]
INFO: [ app_end ] --START--
INFO: Run Behavior\ShowPageTraceBehavior [ RunTime:0.000421s ]
INFO: [ app_end ] --END-- [ RunTime:0.000442s ]

[ 2018-08-21T15:18:42+08:00 ] 127.0.0.1 /bipin/index.php/Admin/images/sky/search.svg
INFO: [ app_init ] --START--
INFO: Run Behavior\BuildLiteBehavior [ RunTime:0.000006s ]
INFO: [ app_init ] --END-- [ RunTime:0.000286s ]
INFO: [ app_begin ] --START--
INFO: Run Behavior\ReadHtmlCacheBehavior [ RunTime:0.000314s ]
INFO: [ app_begin ] --END-- [ RunTime:0.000335s ]
ERR: 无法加载控制器:Images

[ 2018-08-21T15:18:42+08:00 ] 127.0.0.1 /bipin/index.php/Admin/Index/index.html
INFO: [ app_init ] --START--
INFO: Run Behavior\BuildLiteBehavior [ RunTime:0.000006s ]
INFO: [ app_init ] --END-- [ RunTime:0.000411s ]
INFO: [ app_begin ] --START--
INFO: Run Behavior\ReadHtmlCacheBehavior [ RunTime:0.000344s ]
INFO: [ app_begin ] --END-- [ RunTime:0.000368s ]
INFO: [ view_parse ] --START--
INFO: [ template_filter ] --START--
INFO: Run Behavior\ContentReplaceBehavior [ RunTime:0.000247s ]
INFO: [ template_filter ] --END-- [ RunTime:0.000281s ]
INFO: Run Behavior\ParseTemplateBehavior [ RunTime:0.007215s ]
INFO: [ view_parse ] --END-- [ RunTime:0.007283s ]
INFO: [ view_filter ] --START--
INFO: Run Behavior\WriteHtmlCacheBehavior [ RunTime:0.000589s ]
INFO: [ view_filter ] --END-- [ RunTime:0.000624s ]
INFO: [ app_end ] --START--
INFO: Run Behavior\ShowPageTraceBehavior [ RunTime:0.000461s ]
INFO: [ app_end ] --END-- [ RunTime:0.000487s ]

[ 2018-08-21T15:18:44+08:00 ] 127.0.0.1 /bipin/index.php/Admin/Index/welcome.html
INFO: [ app_init ] --START--
INFO: Run Behavior\BuildLiteBehavior [ RunTime:0.000007s ]
INFO: [ app_init ] --END-- [ RunTime:0.000281s ]
INFO: [ app_begin ] --START--
INFO: Run Behavior\ReadHtmlCacheBehavior [ RunTime:0.000314s ]
INFO: [ app_begin ] --END-- [ RunTime:0.000333s ]
SQL: SHOW COLUMNS FROM `fc_user` [ RunTime:0.0036s ]
SQL: SELECT COUNT(id) AS tp_count FROM `fc_user` LIMIT 1   [ RunTime:0.0001s ]
SQL: SELECT COUNT(id) AS tp_count FROM `fc_user` WHERE `addtime` > '1534694400' LIMIT 1   [ RunTime:0.0002s ]
SQL: SELECT COUNT(id) AS tp_count FROM `fc_user` WHERE ( level=1 ) LIMIT 1   [ RunTime:0.0001s ]
SQL: SELECT COUNT(id) AS tp_count FROM `fc_user` WHERE `is_true` = 2 LIMIT 1   [ RunTime:0.0001s ]
INFO: [ view_parse ] --START--
INFO: [ template_filter ] --START--
INFO: Run Behavior\ContentReplaceBehavior [ RunTime:0.000092s ]
INFO: [ template_filter ] --END-- [ RunTime:0.000113s ]
NOTIC: [8] Use of undefined constant CHARSET - assumed 'CHARSET' E:\phpstudy\PHPTutorial\WWW\bipin\Application\Runtime\Cache\Admin\7ad2542084969c3fe4042ac6ed4df19f.php 第 5 行.
NOTIC: [8] Undefined variable: ytg E:\phpstudy\PHPTutorial\WWW\bipin\Application\Runtime\Cache\Admin\7ad2542084969c3fe4042ac6ed4df19f.php 第 80 行.
NOTIC: [8] Undefined variable: ybh E:\phpstudy\PHPTutorial\WWW\bipin\Application\Runtime\Cache\Admin\7ad2542084969c3fe4042ac6ed4df19f.php 第 81 行.
NOTIC: [8] Undefined variable: bankcount E:\phpstudy\PHPTutorial\WWW\bipin\Application\Runtime\Cache\Admin\7ad2542084969c3fe4042ac6ed4df19f.php 第 89 行.
NOTIC: [8] Undefined variable: bankcount_week E:\phpstudy\PHPTutorial\WWW\bipin\Application\Runtime\Cache\Admin\7ad2542084969c3fe4042ac6ed4df19f.php 第 95 行.
NOTIC: [8] Undefined variable: bankcount_audit E:\phpstudy\PHPTutorial\WWW\bipin\Application\Runtime\Cache\Admin\7ad2542084969c3fe4042ac6ed4df19f.php 第 96 行.
NOTIC: [8] Undefined variable: lang E:\phpstudy\PHPTutorial\WWW\bipin\Application\Runtime\Cache\Admin\7ad2542084969c3fe4042ac6ed4df19f.php 第 167 行.
INFO: Run Behavior\ParseTemplateBehavior [ RunTime:0.011504s ]
INFO: [ view_parse ] --END-- [ RunTime:0.011519s ]
INFO: [ view_filter ] --START--
INFO: Run Behavior\WriteHtmlCacheBehavior [ RunTime:0.000194s ]
INFO: [ view_filter ] --END-- [ RunTime:0.000208s ]
INFO: [ app_end ] --START--
INFO: Run Behavior\ShowPageTraceBehavior [ RunTime:0.000328s ]
INFO: [ app_end ] --END-- [ RunTime:0.000345s ]

[ 2018-08-21T15:18:45+08:00 ] 127.0.0.1 /bipin/index.php/Admin/Index/welcome.html
INFO: [ app_init ] --START--
INFO: Run Behavior\BuildLiteBehavior [ RunTime:0.000006s ]
INFO: [ app_init ] --END-- [ RunTime:0.000245s ]
INFO: [ app_begin ] --START--
INFO: Run Behavior\ReadHtmlCacheBehavior [ RunTime:0.000314s ]
INFO: [ app_begin ] --END-- [ RunTime:0.000333s ]
SQL: SHOW COLUMNS FROM `fc_user` [ RunTime:0.0036s ]
SQL: SELECT COUNT(id) AS tp_count FROM `fc_user` LIMIT 1   [ RunTime:0.0001s ]
SQL: SELECT COUNT(id) AS tp_count FROM `fc_user` WHERE `addtime` > '1534694400' LIMIT 1   [ RunTime:0.0001s ]
SQL: SELECT COUNT(id) AS tp_count FROM `fc_user` WHERE ( level=1 ) LIMIT 1   [ RunTime:0.0001s ]
SQL: SELECT COUNT(id) AS tp_count FROM `fc_user` WHERE `is_true` = 2 LIMIT 1   [ RunTime:0.0001s ]
INFO: [ view_parse ] --START--
INFO: [ template_filter ] --START--
INFO: Run Behavior\ContentReplaceBehavior [ RunTime:0.000091s ]
INFO: [ template_filter ] --END-- [ RunTime:0.000107s ]
NOTIC: [8] Use of undefined constant CHARSET - assumed 'CHARSET' E:\phpstudy\PHPTutorial\WWW\bipin\Application\Runtime\Cache\Admin\7ad2542084969c3fe4042ac6ed4df19f.php 第 5 行.
NOTIC: [8] Undefined variable: ytg E:\phpstudy\PHPTutorial\WWW\bipin\Application\Runtime\Cache\Admin\7ad2542084969c3fe4042ac6ed4df19f.php 第 80 行.
NOTIC: [8] Undefined variable: ybh E:\phpstudy\PHPTutorial\WWW\bipin\Application\Runtime\Cache\Admin\7ad2542084969c3fe4042ac6ed4df19f.php 第 81 行.
NOTIC: [8] Undefined variable: bankcount E:\phpstudy\PHPTutorial\WWW\bipin\Application\Runtime\Cache\Admin\7ad2542084969c3fe4042ac6ed4df19f.php 第 89 行.
NOTIC: [8] Undefined variable: bankcount_week E:\phpstudy\PHPTutorial\WWW\bipin\Application\Runtime\Cache\Admin\7ad2542084969c3fe4042ac6ed4df19f.php 第 95 行.
NOTIC: [8] Undefined variable: bankcount_audit E:\phpstudy\PHPTutorial\WWW\bipin\Application\Runtime\Cache\Admin\7ad2542084969c3fe4042ac6ed4df19f.php 第 96 行.
NOTIC: [8] Undefined variable: lang E:\phpstudy\PHPTutorial\WWW\bipin\Application\Runtime\Cache\Admin\7ad2542084969c3fe4042ac6ed4df19f.php 第 167 行.
INFO: Run Behavior\ParseTemplateBehavior [ RunTime:0.003961s ]
INFO: [ view_parse ] --END-- [ RunTime:0.003974s ]
INFO: [ view_filter ] --START--
INFO: Run Behavior\WriteHtmlCacheBehavior [ RunTime:0.000184s ]
INFO: [ view_filter ] --END-- [ RunTime:0.000195s ]
INFO: [ app_end ] --START--
INFO: Run Behavior\ShowPageTraceBehavior [ RunTime:0.000312s ]
INFO: [ app_end ] --END-- [ RunTime:0.000327s ]

[ 2018-08-21T15:19:02+08:00 ] 127.0.0.1 /bipin/index.php?m=admin&c=system&a=gonggao
INFO: [ app_init ] --START--
INFO: Run Behavior\BuildLiteBehavior [ RunTime:0.000007s ]
INFO: [ app_init ] --END-- [ RunTime:0.000590s ]
INFO: [ app_begin ] --START--
INFO: Run Behavior\ReadHtmlCacheBehavior [ RunTime:0.000295s ]
INFO: [ app_begin ] --END-- [ RunTime:0.000314s ]
SQL: SHOW COLUMNS FROM `fc_notice` [ RunTime:0.0039s ]
NOTIC: [8] Undefined index: stem E:\phpstudy\PHPTutorial\WWW\bipin\Application\Admin\Controller\SystemController.class.php 第 547 行.
NOTIC: [8] Undefined index: limit E:\phpstudy\PHPTutorial\WWW\bipin\ThinkPHP\Library\Think\Db\Driver.class.php 第 950 行.
SQL: SELECT `id`,`news_title`,`content`,`content1` FROM `fc_notice` WHERE `type` = 2 ORDER BY addtime desc LIMIT 0,20   [ RunTime:0.0003s ]
SQL: SELECT COUNT(*) AS tp_count FROM `fc_notice` WHERE `type` = 2 LIMIT 1   [ RunTime:0.0001s ]
INFO: [ view_parse ] --START--
INFO: [ template_filter ] --START--
INFO: Run Behavior\ContentReplaceBehavior [ RunTime:0.000064s ]
INFO: [ template_filter ] --END-- [ RunTime:0.000084s ]
NOTIC: [8] Undefined variable: stem E:\phpstudy\PHPTutorial\WWW\bipin\Application\Runtime\Cache\Admin\40671e9b54f3e5f2d85eae4e32b3ec0f.php 第 74 行.
NOTIC: [8] Undefined index: addtime E:\phpstudy\PHPTutorial\WWW\bipin\Application\Runtime\Cache\Admin\40671e9b54f3e5f2d85eae4e32b3ec0f.php 第 113 行.
NOTIC: [8] Undefined index: addtime E:\phpstudy\PHPTutorial\WWW\bipin\Application\Runtime\Cache\Admin\40671e9b54f3e5f2d85eae4e32b3ec0f.php 第 113 行.
NOTIC: [8] Undefined index: addtime E:\phpstudy\PHPTutorial\WWW\bipin\Application\Runtime\Cache\Admin\40671e9b54f3e5f2d85eae4e32b3ec0f.php 第 113 行.
INFO: Run Behavior\ParseTemplateBehavior [ RunTime:0.012589s ]
INFO: [ view_parse ] --END-- [ RunTime:0.012611s ]
INFO: [ view_filter ] --START--
INFO: Run Behavior\WriteHtmlCacheBehavior [ RunTime:0.000224s ]
INFO: [ view_filter ] --END-- [ RunTime:0.000238s ]
INFO: [ app_end ] --START--
INFO: Run Behavior\ShowPageTraceBehavior [ RunTime:0.000341s ]
INFO: [ app_end ] --END-- [ RunTime:0.000356s ]

[ 2018-08-21T15:19:05+08:00 ] 127.0.0.1 /bipin/index.php?m=admin&c=system&a=edition
INFO: [ app_init ] --START--
INFO: Run Behavior\BuildLiteBehavior [ RunTime:0.000005s ]
INFO: [ app_init ] --END-- [ RunTime:0.000220s ]
INFO: [ app_begin ] --START--
INFO: Run Behavior\ReadHtmlCacheBehavior [ RunTime:0.000276s ]
INFO: [ app_begin ] --END-- [ RunTime:0.000293s ]
SQL: SHOW COLUMNS FROM `fc_notice` [ RunTime:0.0081s ]
SQL: SELECT * FROM `fc_notice` WHERE `id` = 1 LIMIT 1   [ RunTime:0.0002s ]
INFO: [ view_parse ] --START--
INFO: [ template_filter ] --START--
INFO: Run Behavior\ContentReplaceBehavior [ RunTime:0.000050s ]
INFO: [ template_filter ] --END-- [ RunTime:0.000071s ]
NOTIC: [8] Undefined variable: userinfo E:\phpstudy\PHPTutorial\WWW\bipin\Application\Runtime\Cache\Admin\a663a7f5896f97325ca8babf6755c65d.php 第 76 行.
INFO: Run Behavior\ParseTemplateBehavior [ RunTime:0.011376s ]
INFO: [ view_parse ] --END-- [ RunTime:0.011393s ]
INFO: [ view_filter ] --START--
INFO: Run Behavior\WriteHtmlCacheBehavior [ RunTime:0.000193s ]
INFO: [ view_filter ] --END-- [ RunTime:0.000207s ]
INFO: [ app_end ] --START--
INFO: Run Behavior\ShowPageTraceBehavior [ RunTime:0.000330s ]
INFO: [ app_end ] --END-- [ RunTime:0.000346s ]

[ 2018-08-21T15:19:16+08:00 ] 127.0.0.1 /bipin/index.php?m=admin&c=ade&a=blackaccount
INFO: [ app_init ] --START--
INFO: Run Behavior\BuildLiteBehavior [ RunTime:0.000005s ]
INFO: [ app_init ] --END-- [ RunTime:0.000293s ]
INFO: [ app_begin ] --START--
INFO: Run Behavior\ReadHtmlCacheBehavior [ RunTime:0.000339s ]
INFO: [ app_begin ] --END-- [ RunTime:0.000358s ]
SQL: SHOW COLUMNS FROM `fc_ads` [ RunTime:0.0078s ]
NOTIC: [8] Undefined index: limit E:\phpstudy\PHPTutorial\WWW\bipin\ThinkPHP\Library\Think\Db\Driver.class.php 第 950 行.
SQL: SELECT * FROM `fc_ads` ORDER BY cad_id asc LIMIT 0,20   [ RunTime:0.0005s ]
SQL: SELECT COUNT(*) AS tp_count FROM `fc_ads` LIMIT 1   [ RunTime:0.0002s ]
INFO: [ view_parse ] --START--
INFO: [ template_filter ] --START--
INFO: Run Behavior\ContentReplaceBehavior [ RunTime:0.000105s ]
INFO: [ template_filter ] --END-- [ RunTime:0.000134s ]
SQL: SHOW COLUMNS FROM `fc_adposition` [ RunTime:0.0050s ]
SQL: SELECT `cad_name` FROM `fc_adposition` WHERE ( id='1' ) LIMIT 1   [ RunTime:0.0002s ]
NOTIC: [8] Undefined index: pro_id E:\phpstudy\PHPTutorial\WWW\bipin\Application\Runtime\Cache\Admin\2447a6ab53dcec9f8a60349cfe589b00.php 第 105 行.
SQL: SELECT `cad_name` FROM `fc_adposition` WHERE ( id='1' ) LIMIT 1   [ RunTime:0.0001s ]
NOTIC: [8] Undefined index: pro_id E:\phpstudy\PHPTutorial\WWW\bipin\Application\Runtime\Cache\Admin\2447a6ab53dcec9f8a60349cfe589b00.php 第 105 行.
SQL: SELECT `cad_name` FROM `fc_adposition` WHERE ( id='2' ) LIMIT 1   [ RunTime:0.0001s ]
NOTIC: [8] Undefined index: pro_id E:\phpstudy\PHPTutorial\WWW\bipin\Application\Runtime\Cache\Admin\2447a6ab53dcec9f8a60349cfe589b00.php 第 105 行.
SQL: SELECT `cad_name` FROM `fc_adposition` WHERE ( id='4' ) LIMIT 1   [ RunTime:0.0001s ]
NOTIC: [8] Undefined index: pro_id E:\phpstudy\PHPTutorial\WWW\bipin\Application\Runtime\Cache\Admin\2447a6ab53dcec9f8a60349cfe589b00.php 第 105 行.
SQL: SELECT `cad_name` FROM `fc_adposition` WHERE ( id='4' ) LIMIT 1   [ RunTime:0.0001s ]
NOTIC: [8] Undefined index: pro_id E:\phpstudy\PHPTutorial\WWW\bipin\Application\Runtime\Cache\Admin\2447a6ab53dcec9f8a60349cfe589b00.php 第 105 行.
SQL: SELECT `cad_name` FROM `fc_adposition` WHERE ( id='5' ) LIMIT 1   [ RunTime:0.0001s ]
NOTIC: [8] Undefined index: pro_id E:\phpstudy\PHPTutorial\WWW\bipin\Application\Runtime\Cache\Admin\2447a6ab53dcec9f8a60349cfe589b00.php 第 105 行.
SQL: SELECT `cad_name` FROM `fc_adposition` WHERE ( id='5' ) LIMIT 1   [ RunTime:0.0001s ]
NOTIC: [8] Undefined index: pro_id E:\phpstudy\PHPTutorial\WWW\bipin\Application\Runtime\Cache\Admin\2447a6ab53dcec9f8a60349cfe589b00.php 第 105 行.
SQL: SELECT `cad_name` FROM `fc_adposition` WHERE ( id='5' ) LIMIT 1   [ RunTime:0.0001s ]
NOTIC: [8] Undefined index: pro_id E:\phpstudy\PHPTutorial\WWW\bipin\Application\Runtime\Cache\Admin\2447a6ab53dcec9f8a60349cfe589b00.php 第 105 行.
INFO: Run Behavior\ParseTemplateBehavior [ RunTime:0.019606s ]
INFO: [ view_parse ] --END-- [ RunTime:0.019636s ]
INFO: [ view_filter ] --START--
INFO: Run Behavior\WriteHtmlCacheBehavior [ RunTime:0.000470s ]
INFO: [ view_filter ] --END-- [ RunTime:0.000492s ]
INFO: [ app_end ] --START--
INFO: Run Behavior\ShowPageTraceBehavior [ RunTime:0.000638s ]
INFO: [ app_end ] --END-- [ RunTime:0.000663s ]

[ 2018-08-21T15:19:18+08:00 ] 127.0.0.1 /bipin/index.php?m=admin&c=users&a=member
INFO: [ app_init ] --START--
INFO: Run Behavior\BuildLiteBehavior [ RunTime:0.000004s ]
INFO: [ app_init ] --END-- [ RunTime:0.000220s ]
INFO: [ app_begin ] --START--
INFO: Run Behavior\ReadHtmlCacheBehavior [ RunTime:0.000279s ]
INFO: [ app_begin ] --END-- [ RunTime:0.000297s ]
SQL: SHOW COLUMNS FROM `fc_user` [ RunTime:0.0036s ]
SQL: SELECT * FROM `fc_user` WHERE `level` <> 1 ORDER BY addtime desc LIMIT 0,20   [ RunTime:0.0006s ]
SQL: SELECT COUNT(*) AS tp_count FROM `fc_user` WHERE `level` <> 1 LIMIT 1   [ RunTime:0.0002s ]
INFO: [ view_parse ] --START--
INFO: [ template_filter ] --START--
INFO: Run Behavior\ContentReplaceBehavior [ RunTime:0.000062s ]
INFO: [ template_filter ] --END-- [ RunTime:0.000082s ]
NOTIC: [8] Undefined variable: user_id E:\phpstudy\PHPTutorial\WWW\bipin\Application\Runtime\Cache\Admin\8fe10c7b731c7db47970be66688503b3.php 第 80 行.
NOTIC: [8] Undefined variable: mobile E:\phpstudy\PHPTutorial\WWW\bipin\Application\Runtime\Cache\Admin\8fe10c7b731c7db47970be66688503b3.php 第 82 行.
NOTIC: [8] Undefined variable: truename E:\phpstudy\PHPTutorial\WWW\bipin\Application\Runtime\Cache\Admin\8fe10c7b731c7db47970be66688503b3.php 第 84 行.
INFO: Run Behavior\ParseTemplateBehavior [ RunTime:0.014181s ]
INFO: [ view_parse ] --END-- [ RunTime:0.014205s ]
INFO: [ view_filter ] --START--
INFO: Run Behavior\WriteHtmlCacheBehavior [ RunTime:0.000226s ]
INFO: [ view_filter ] --END-- [ RunTime:0.000240s ]
INFO: [ app_end ] --START--
INFO: Run Behavior\ShowPageTraceBehavior [ RunTime:0.000330s ]
INFO: [ app_end ] --END-- [ RunTime:0.000347s ]

[ 2018-08-21T15:19:19+08:00 ] 127.0.0.1 /bipin/index.php?m=admin&c=healthyshop&a=down_payments
INFO: [ app_init ] --START--
INFO: Run Behavior\BuildLiteBehavior [ RunTime:0.000005s ]
INFO: [ app_init ] --END-- [ RunTime:0.000308s ]
INFO: [ app_begin ] --START--
INFO: Run Behavior\ReadHtmlCacheBehavior [ RunTime:0.000353s ]
INFO: [ app_begin ] --END-- [ RunTime:0.000372s ]
SQL: SHOW COLUMNS FROM `fc_types` [ RunTime:0.0035s ]
NOTIC: [8] Undefined index: limit E:\phpstudy\PHPTutorial\WWW\bipin\ThinkPHP\Library\Think\Db\Driver.class.php 第 950 行.
SQL: SELECT * FROM `fc_types` WHERE `type` = 1 ORDER BY toop desc LIMIT 0,20   [ RunTime:0.0003s ]
SQL: SELECT COUNT(*) AS tp_count FROM `fc_types` WHERE `type` = 1 LIMIT 1   [ RunTime:0.0001s ]
INFO: [ view_parse ] --START--
INFO: [ template_filter ] --START--
INFO: Run Behavior\ContentReplaceBehavior [ RunTime:0.000080s ]
INFO: [ template_filter ] --END-- [ RunTime:0.000128s ]
INFO: Run Behavior\ParseTemplateBehavior [ RunTime:0.007083s ]
INFO: [ view_parse ] --END-- [ RunTime:0.007106s ]
INFO: [ view_filter ] --START--
INFO: Run Behavior\WriteHtmlCacheBehavior [ RunTime:0.000284s ]
INFO: [ view_filter ] --END-- [ RunTime:0.000301s ]
INFO: [ app_end ] --START--
INFO: Run Behavior\ShowPageTraceBehavior [ RunTime:0.000401s ]
INFO: [ app_end ] --END-- [ RunTime:0.000416s ]

