[ 2018-08-25T13:12:14+08:00 ] 127.0.0.1 /bipin/index.php/Admin
INFO: [ app_init ] --START--
INFO: Run Behavior\BuildLiteBehavior [ RunTime:0.000012s ]
INFO: [ app_init ] --END-- [ RunTime:0.000766s ]
INFO: [ app_begin ] --START--
INFO: Run Behavior\ReadHtmlCacheBehavior [ RunTime:0.001308s ]
INFO: [ app_begin ] --END-- [ RunTime:0.001354s ]

[ 2018-08-25T13:12:14+08:00 ] 127.0.0.1 /bipin/index.php/Admin/Public/login.html
INFO: [ app_init ] --START--
INFO: Run Behavior\BuildLiteBehavior [ RunTime:0.000011s ]
INFO: [ app_init ] --END-- [ RunTime:0.000379s ]
INFO: [ app_begin ] --START--
INFO: Run Behavior\ReadHtmlCacheBehavior [ RunTime:0.000811s ]
INFO: [ app_begin ] --END-- [ RunTime:0.000848s ]
INFO: [ view_parse ] --START--
INFO: [ template_filter ] --START--
INFO: Run Behavior\ContentReplaceBehavior [ RunTime:0.000047s ]
INFO: [ template_filter ] --END-- [ RunTime:0.000085s ]
INFO: Run Behavior\ParseTemplateBehavior [ RunTime:0.008766s ]
INFO: [ view_parse ] --END-- [ RunTime:0.008808s ]
INFO: [ view_filter ] --START--
INFO: Run Behavior\WriteHtmlCacheBehavior [ RunTime:0.000962s ]
INFO: [ view_filter ] --END-- [ RunTime:0.000993s ]
INFO: [ app_end ] --START--
INFO: Run Behavior\ShowPageTraceBehavior [ RunTime:0.001035s ]
INFO: [ app_end ] --END-- [ RunTime:0.001062s ]

[ 2018-08-25T13:12:14+08:00 ] 127.0.0.1 /bipin/index.php/Admin/Public/login.html
INFO: [ app_init ] --START--
INFO: Run Behavior\BuildLiteBehavior [ RunTime:0.000010s ]
INFO: [ app_init ] --END-- [ RunTime:0.000345s ]
INFO: [ app_begin ] --START--
INFO: Run Behavior\ReadHtmlCacheBehavior [ RunTime:0.000817s ]
INFO: [ app_begin ] --END-- [ RunTime:0.000854s ]
INFO: [ view_parse ] --START--
INFO: [ template_filter ] --START--
INFO: Run Behavior\ContentReplaceBehavior [ RunTime:0.000047s ]
INFO: [ template_filter ] --END-- [ RunTime:0.000081s ]
INFO: Run Behavior\ParseTemplateBehavior [ RunTime:0.005814s ]
INFO: [ view_parse ] --END-- [ RunTime:0.005849s ]
INFO: [ view_filter ] --START--
INFO: Run Behavior\WriteHtmlCacheBehavior [ RunTime:0.000586s ]
INFO: [ view_filter ] --END-- [ RunTime:0.000612s ]
INFO: [ app_end ] --START--
INFO: Run Behavior\ShowPageTraceBehavior [ RunTime:0.000801s ]
INFO: [ app_end ] --END-- [ RunTime:0.000829s ]

[ 2018-08-25T13:12:22+08:00 ] 127.0.0.1 /bipin/index.php/Admin/Public/login.html
INFO: [ app_init ] --START--
INFO: Run Behavior\BuildLiteBehavior [ RunTime:0.000012s ]
INFO: [ app_init ] --END-- [ RunTime:0.000357s ]
INFO: [ app_begin ] --START--
INFO: Run Behavior\ReadHtmlCacheBehavior [ RunTime:0.000803s ]
INFO: [ app_begin ] --END-- [ RunTime:0.000848s ]
SQL: SHOW COLUMNS FROM `fc_user` [ RunTime:0.0167s ]
SQL: SELECT `user_id`,`level`,`loginpwds`,`username` FROM `fc_user` WHERE `username` = 'admin' OR `mobile` = 'admin' LIMIT 1   [ RunTime:0.0026s ]
SQL: SHOW COLUMNS FROM `fc_login_log` [ RunTime:0.0115s ]
SQL: INSERT INTO `fc_login_log` (`uid`,`addtime`,`ip`,`truename`) VALUES ('12112','1535173941','127.0.0.1','admin') [ RunTime:0.0057s ]
NOTIC: [8] Undefined index: zheng E:\phpstudy\PHPTutorial\WWW\bipin\Application\Admin\Controller\PublicController.class.php 第 142 行.

[ 2018-08-25T13:12:22+08:00 ] 127.0.0.1 /bipin/index.php/Admin/Index/index.html
INFO: [ app_init ] --START--
INFO: Run Behavior\BuildLiteBehavior [ RunTime:0.000012s ]
INFO: [ app_init ] --END-- [ RunTime:0.000389s ]
INFO: [ app_begin ] --START--
INFO: Run Behavior\ReadHtmlCacheBehavior [ RunTime:0.000807s ]
INFO: [ app_begin ] --END-- [ RunTime:0.000853s ]
INFO: [ view_parse ] --START--
INFO: [ template_filter ] --START--
INFO: Run Behavior\ContentReplaceBehavior [ RunTime:0.000283s ]
INFO: [ template_filter ] --END-- [ RunTime:0.000329s ]
INFO: Run Behavior\ParseTemplateBehavior [ RunTime:0.011928s ]
INFO: [ view_parse ] --END-- [ RunTime:0.011966s ]
INFO: [ view_filter ] --START--
INFO: Run Behavior\WriteHtmlCacheBehavior [ RunTime:0.000638s ]
INFO: [ view_filter ] --END-- [ RunTime:0.000665s ]
INFO: [ app_end ] --START--
INFO: Run Behavior\ShowPageTraceBehavior [ RunTime:0.000958s ]
INFO: [ app_end ] --END-- [ RunTime:0.001009s ]

[ 2018-08-25T13:12:22+08:00 ] 127.0.0.1 /bipin/index.php/Admin/images/sky/search.svg
INFO: [ app_init ] --START--
INFO: Run Behavior\BuildLiteBehavior [ RunTime:0.000014s ]
INFO: [ app_init ] --END-- [ RunTime:0.000511s ]
INFO: [ app_begin ] --START--
INFO: Run Behavior\ReadHtmlCacheBehavior [ RunTime:0.000735s ]
INFO: [ app_begin ] --END-- [ RunTime:0.000783s ]
ERR: 无法加载控制器:Images

[ 2018-08-25T13:12:22+08:00 ] 127.0.0.1 /bipin/index.php/Admin/Index/index.html
INFO: [ app_init ] --START--
INFO: Run Behavior\BuildLiteBehavior [ RunTime:0.000011s ]
INFO: [ app_init ] --END-- [ RunTime:0.000354s ]
INFO: [ app_begin ] --START--
INFO: Run Behavior\ReadHtmlCacheBehavior [ RunTime:0.002180s ]
INFO: [ app_begin ] --END-- [ RunTime:0.002242s ]
INFO: [ view_parse ] --START--
INFO: [ template_filter ] --START--
INFO: Run Behavior\ContentReplaceBehavior [ RunTime:0.000256s ]
INFO: [ template_filter ] --END-- [ RunTime:0.000292s ]
INFO: Run Behavior\ParseTemplateBehavior [ RunTime:0.009852s ]
INFO: [ view_parse ] --END-- [ RunTime:0.009888s ]
INFO: [ view_filter ] --START--
INFO: Run Behavior\WriteHtmlCacheBehavior [ RunTime:0.000569s ]
INFO: [ view_filter ] --END-- [ RunTime:0.000594s ]
INFO: [ app_end ] --START--
INFO: Run Behavior\ShowPageTraceBehavior [ RunTime:0.001777s ]
INFO: [ app_end ] --END-- [ RunTime:0.001828s ]

[ 2018-08-25T13:12:23+08:00 ] 127.0.0.1 /bipin/index.php/Admin/Index/welcome.html
INFO: [ app_init ] --START--
INFO: Run Behavior\BuildLiteBehavior [ RunTime:0.000011s ]
INFO: [ app_init ] --END-- [ RunTime:0.000341s ]
INFO: [ app_begin ] --START--
INFO: Run Behavior\ReadHtmlCacheBehavior [ RunTime:0.000749s ]
INFO: [ app_begin ] --END-- [ RunTime:0.000786s ]
SQL: SHOW COLUMNS FROM `fc_user` [ RunTime:0.0035s ]
SQL: SELECT COUNT(id) AS tp_count FROM `fc_user` LIMIT 1   [ RunTime:0.0025s ]
SQL: SELECT COUNT(id) AS tp_count FROM `fc_user` WHERE `addtime` > '1534694400' LIMIT 1   [ RunTime:0.0005s ]
SQL: SELECT COUNT(id) AS tp_count FROM `fc_user` WHERE ( level=1 ) LIMIT 1   [ RunTime:0.0002s ]
SQL: SELECT COUNT(id) AS tp_count FROM `fc_user` WHERE `is_true` = 2 LIMIT 1   [ RunTime:0.0002s ]
INFO: [ view_parse ] --START--
INFO: [ template_filter ] --START--
INFO: Run Behavior\ContentReplaceBehavior [ RunTime:0.000133s ]
INFO: [ template_filter ] --END-- [ RunTime:0.000168s ]
NOTIC: [8] Use of undefined constant CHARSET - assumed 'CHARSET' E:\phpstudy\PHPTutorial\WWW\bipin\Application\Runtime\Cache\Admin\7ad2542084969c3fe4042ac6ed4df19f.php 第 5 行.
NOTIC: [8] Undefined variable: ytg E:\phpstudy\PHPTutorial\WWW\bipin\Application\Runtime\Cache\Admin\7ad2542084969c3fe4042ac6ed4df19f.php 第 80 行.
NOTIC: [8] Undefined variable: ybh E:\phpstudy\PHPTutorial\WWW\bipin\Application\Runtime\Cache\Admin\7ad2542084969c3fe4042ac6ed4df19f.php 第 81 行.
NOTIC: [8] Undefined variable: bankcount E:\phpstudy\PHPTutorial\WWW\bipin\Application\Runtime\Cache\Admin\7ad2542084969c3fe4042ac6ed4df19f.php 第 89 行.
NOTIC: [8] Undefined variable: bankcount_week E:\phpstudy\PHPTutorial\WWW\bipin\Application\Runtime\Cache\Admin\7ad2542084969c3fe4042ac6ed4df19f.php 第 95 行.
NOTIC: [8] Undefined variable: bankcount_audit E:\phpstudy\PHPTutorial\WWW\bipin\Application\Runtime\Cache\Admin\7ad2542084969c3fe4042ac6ed4df19f.php 第 96 行.
NOTIC: [8] Undefined variable: lang E:\phpstudy\PHPTutorial\WWW\bipin\Application\Runtime\Cache\Admin\7ad2542084969c3fe4042ac6ed4df19f.php 第 167 行.
INFO: Run Behavior\ParseTemplateBehavior [ RunTime:0.010787s ]
INFO: [ view_parse ] --END-- [ RunTime:0.010818s ]
INFO: [ view_filter ] --START--
INFO: Run Behavior\WriteHtmlCacheBehavior [ RunTime:0.000579s ]
INFO: [ view_filter ] --END-- [ RunTime:0.000606s ]
INFO: [ app_end ] --START--
INFO: Run Behavior\ShowPageTraceBehavior [ RunTime:0.000822s ]
INFO: [ app_end ] --END-- [ RunTime:0.000861s ]

[ 2018-08-25T13:12:24+08:00 ] 127.0.0.1 /bipin/index.php/Admin/Index/welcome.html
INFO: [ app_init ] --START--
INFO: Run Behavior\BuildLiteBehavior [ RunTime:0.000011s ]
INFO: [ app_init ] --END-- [ RunTime:0.000341s ]
INFO: [ app_begin ] --START--
INFO: Run Behavior\ReadHtmlCacheBehavior [ RunTime:0.000746s ]
INFO: [ app_begin ] --END-- [ RunTime:0.000777s ]
SQL: SHOW COLUMNS FROM `fc_user` [ RunTime:0.0089s ]
SQL: SELECT COUNT(id) AS tp_count FROM `fc_user` LIMIT 1   [ RunTime:0.0008s ]
SQL: SELECT COUNT(id) AS tp_count FROM `fc_user` WHERE `addtime` > '1534694400' LIMIT 1   [ RunTime:0.0006s ]
SQL: SELECT COUNT(id) AS tp_count FROM `fc_user` WHERE ( level=1 ) LIMIT 1   [ RunTime:0.0005s ]
SQL: SELECT COUNT(id) AS tp_count FROM `fc_user` WHERE `is_true` = 2 LIMIT 1   [ RunTime:0.0005s ]
INFO: [ view_parse ] --START--
INFO: [ template_filter ] --START--
INFO: Run Behavior\ContentReplaceBehavior [ RunTime:0.000218s ]
INFO: [ template_filter ] --END-- [ RunTime:0.000274s ]
NOTIC: [8] Use of undefined constant CHARSET - assumed 'CHARSET' E:\phpstudy\PHPTutorial\WWW\bipin\Application\Runtime\Cache\Admin\7ad2542084969c3fe4042ac6ed4df19f.php 第 5 行.
NOTIC: [8] Undefined variable: ytg E:\phpstudy\PHPTutorial\WWW\bipin\Application\Runtime\Cache\Admin\7ad2542084969c3fe4042ac6ed4df19f.php 第 80 行.
NOTIC: [8] Undefined variable: ybh E:\phpstudy\PHPTutorial\WWW\bipin\Application\Runtime\Cache\Admin\7ad2542084969c3fe4042ac6ed4df19f.php 第 81 行.
NOTIC: [8] Undefined variable: bankcount E:\phpstudy\PHPTutorial\WWW\bipin\Application\Runtime\Cache\Admin\7ad2542084969c3fe4042ac6ed4df19f.php 第 89 行.
NOTIC: [8] Undefined variable: bankcount_week E:\phpstudy\PHPTutorial\WWW\bipin\Application\Runtime\Cache\Admin\7ad2542084969c3fe4042ac6ed4df19f.php 第 95 行.
NOTIC: [8] Undefined variable: bankcount_audit E:\phpstudy\PHPTutorial\WWW\bipin\Application\Runtime\Cache\Admin\7ad2542084969c3fe4042ac6ed4df19f.php 第 96 行.
NOTIC: [8] Undefined variable: lang E:\phpstudy\PHPTutorial\WWW\bipin\Application\Runtime\Cache\Admin\7ad2542084969c3fe4042ac6ed4df19f.php 第 167 行.
INFO: Run Behavior\ParseTemplateBehavior [ RunTime:0.020837s ]
INFO: [ view_parse ] --END-- [ RunTime:0.020892s ]
INFO: [ view_filter ] --START--
INFO: Run Behavior\WriteHtmlCacheBehavior [ RunTime:0.000818s ]
INFO: [ view_filter ] --END-- [ RunTime:0.000852s ]
INFO: [ app_end ] --START--
INFO: Run Behavior\ShowPageTraceBehavior [ RunTime:0.001158s ]
INFO: [ app_end ] --END-- [ RunTime:0.001207s ]

